Removed Pin From Net: NetName=ETH_GB.D1_P Pin=J1-3
Removed Pin From Net: NetName=ETH_GB.D3_P Pin=J1-4
Removed Pin From Net: NetName=ETH_GB.D1_N Pin=J1-5
Removed Pin From Net: NetName=ETH_GB.D3_N Pin=J1-6
Removed Pin From Net: NetName=ETH_GB.D0_N Pin=J1-9
Removed Pin From Net: NetName=ETH_GB.D2_N Pin=J1-10
Removed Pin From Net: NetName=ETH_GB.D0_P Pin=J1-11
Removed Pin From Net: NetName=ETH_GB.D2_P Pin=J1-12
Removed Pin From Net: NetName=E\T\H\_\L\E\D\3\ Pin=J1-16
Removed Pin From Net: NetName=ETH_GB.SYNC_OUT Pin=J1-17
Removed Pin From Net: NetName=E\T\H\_\L\E\D\2\ Pin=J1-18
Removed Pin From Net: NetName=E\E\P\R\O\M\_\W\P\ Pin=J1-19
Removed Pin From Net: NetName=E\T\H\_\L\E\D\1\ Pin=J1-20
Removed Pin From Net: NetName=GND Pin=J1-21
Removed Pin From Net: NetName=P\I\_\L\E\D\_\A\C\T\I\V\I\T\Y\ Pin=J1-22
Removed Pin From Net: NetName=GPIO26 Pin=J1-23
Removed Pin From Net: NetName=GND Pin=J1-24
Removed Pin From Net: NetName=GPIO19 Pin=J1-25
Removed Pin From Net: NetName=GPIO21 Pin=J1-26
Removed Pin From Net: NetName=GPIO13 Pin=J1-27
Removed Pin From Net: NetName=GPIO20 Pin=J1-28
Removed Pin From Net: NetName=GPIO16 Pin=J1-30
Removed Pin From Net: NetName=GND Pin=J1-31
Removed Pin From Net: NetName=GPIO12 Pin=J1-32
Removed Pin From Net: NetName=GPIO5 Pin=J1-33
Removed Pin From Net: NetName=GND Pin=J1-34
Removed Pin From Net: NetName=I2C_DSI.SDA Pin=J1-35
Removed Pin From Net: NetName=I2C_DSI.SCL Pin=J1-36
Removed Pin From Net: NetName=GPIO11 Pin=J1-37
Removed Pin From Net: NetName=GPIO9 Pin=J1-39
Removed Pin From Net: NetName=GPIO8 Pin=J1-40
Removed Pin From Net: NetName=GND Pin=J1-41
Removed Pin From Net: NetName=GPIO25 Pin=J1-42
Removed Pin From Net: NetName=GPIO10 Pin=J1-43
Removed Pin From Net: NetName=GND Pin=J1-44
Removed Pin From Net: NetName=GPIO22 Pin=J1-45
Removed Pin From Net: NetName=GPIO24 Pin=J1-46
Removed Pin From Net: NetName=GPIO27 Pin=J1-47
Removed Pin From Net: NetName=GPIO23 Pin=J1-48
Removed Pin From Net: NetName=GPIO17 Pin=J1-49
Removed Pin From Net: NetName=GPIO18 Pin=J1-50
Removed Pin From Net: NetName=GND Pin=J1-51
Removed Pin From Net: NetName=GPIO15 Pin=J1-52
Removed Pin From Net: NetName=GPIO4 Pin=J1-53
Removed Pin From Net: NetName=GND Pin=J1-54
Removed Pin From Net: NetName=GPIO3 Pin=J1-55
Removed Pin From Net: NetName=GPIO14 Pin=J1-56
Removed Pin From Net: NetName=GPIO2 Pin=J1-57
Removed Pin From Net: NetName=SD_CLK Pin=J1-58
Removed Pin From Net: NetName=SD_CMD Pin=J1-61
Removed Pin From Net: NetName=SD_DAT3 Pin=J1-62
Removed Pin From Net: NetName=SD_DAT5 Pin=J1-63
Removed Pin From Net: NetName=SD_DAT0 Pin=J1-64
Removed Pin From Net: NetName=SD_DAT4 Pin=J1-67
Removed Pin From Net: NetName=SD_DAT1 Pin=J1-68
Removed Pin From Net: NetName=SD_DAT7 Pin=J1-69
Removed Pin From Net: NetName=SD_DAT2 Pin=J1-70
Removed Pin From Net: NetName=SD_DAT6 Pin=J1-71
Removed Pin From Net: NetName=GND Pin=J1-72
Removed Pin From Net: NetName=GND Pin=J1-73
Removed Pin From Net: NetName=SD_VDD_OVERRIDE Pin=J1-74
Removed Pin From Net: NetName=I2C0.SCL Pin=J1-79
Removed Pin From Net: NetName=5V_CM Pin=J1-80
Removed Pin From Net: NetName=I2C0.SDA Pin=J1-81
Removed Pin From Net: NetName=5V_CM Pin=J1-82
Removed Pin From Net: NetName=CM4_1V8 Pin=J1-87
Removed Pin From Net: NetName=5V_CM Pin=J1-88
Removed Pin From Net: NetName=CM4_1V8 Pin=J1-89
Removed Pin From Net: NetName=W\L\_\D\I\S\A\B\L\E\ Pin=J1-90
Removed Pin From Net: NetName=R\E\S\E\T\ Pin=J1-91
Removed Pin From Net: NetName=B\T\_\D\I\S\A\B\L\E\ Pin=J1-92
Removed Pin From Net: NetName=ANALOG_IP1 Pin=J1-93
Removed Pin From Net: NetName=MUX_SEL_1 Pin=J1-94
Removed Pin From Net: NetName=GND Pin=J1-97
Removed Pin From Net: NetName=CAMERA_GPIO Pin=J1-98
Removed Pin From Net: NetName=HDMI0.SDA Pin=J2-1
Removed Pin From Net: NetName=HDMI0.SCL Pin=J2-2
Removed Pin From Net: NetName=GND Pin=J2-3
Removed Pin From Net: NetName=GND Pin=J2-4
Removed Pin From Net: NetName=DSI1_D2_P Pin=J2-5
Removed Pin From Net: NetName=DSI1_D2_N Pin=J2-7
Removed Pin From Net: NetName=DSI1_D3_N Pin=J2-8
Removed Pin From Net: NetName=GND Pin=J2-9
Removed Pin From Net: NetName=GND Pin=J2-10
Removed Pin From Net: NetName=HDMI0.CLK_N Pin=J2-12
Removed Pin From Net: NetName=DSI1_C_N Pin=J2-13
Removed Pin From Net: NetName=HDMI0.CLK_P Pin=J2-14
Removed Pin From Net: NetName=GND Pin=J2-15
Removed Pin From Net: NetName=GND Pin=J2-16
Removed Pin From Net: NetName=HDMI0.D0_N Pin=J2-18
Removed Pin From Net: NetName=DSI1_D1_N Pin=J2-19
Removed Pin From Net: NetName=HDMI0.D0_P Pin=J2-20
Removed Pin From Net: NetName=GND Pin=J2-21
Removed Pin From Net: NetName=GND Pin=J2-22
Removed Pin From Net: NetName=HDMI0.D1_N Pin=J2-24
Removed Pin From Net: NetName=DSI1_D0_N Pin=J2-25
Removed Pin From Net: NetName=HDMI0.D1_P Pin=J2-26
Removed Pin From Net: NetName=GND Pin=J2-27
Removed Pin From Net: NetName=GND Pin=J2-28
Removed Pin From Net: NetName=DSI0.CLK_P Pin=J2-29
Removed Pin From Net: NetName=HDMI0.D2_N Pin=J2-30
Removed Pin From Net: NetName=DSI0.CLK_N Pin=J2-31
Removed Pin From Net: NetName=HDMI0.D2_P Pin=J2-32
Removed Pin From Net: NetName=GND Pin=J2-33
Removed Pin From Net: NetName=GND Pin=J2-34
Removed Pin From Net: NetName=DSI0.D1_P Pin=J2-35
Removed Pin From Net: NetName=DSI0.D1_N Pin=J2-37
Removed Pin From Net: NetName=HDMI1_CLK_P Pin=J2-38
Removed Pin From Net: NetName=GND Pin=J2-39
Removed Pin From Net: NetName=GND Pin=J2-40
Removed Pin From Net: NetName=DSI0.D0_P Pin=J2-41
Removed Pin From Net: NetName=DSI0.D0_N Pin=J2-43
Removed Pin From Net: NetName=HDMI1_TX0_P Pin=J2-44
Removed Pin From Net: NetName=GND Pin=J2-45
Removed Pin From Net: NetName=GND Pin=J2-46
Removed Pin From Net: NetName=HDMI0.HPD Pin=J2-47
Removed Pin From Net: NetName=HDMI0.CEC Pin=J2-49
Removed Pin From Net: NetName=HDMI1_TX1_P Pin=J2-50
Removed Pin From Net: NetName=HDMI1_CEC Pin=J2-51
Removed Pin From Net: NetName=GND Pin=J2-52
Removed Pin From Net: NetName=HDMI1_SCL Pin=J2-53
Removed Pin From Net: NetName=HDMI1_SDA Pin=J2-55
Removed Pin From Net: NetName=HDMI1_TX2_P Pin=J2-56
Removed Pin From Net: NetName=HDMI1_HOTPLUG Pin=J2-57
Removed Pin From Net: NetName=GND Pin=J2-58
Removed Pin From Net: NetName=CAM1_D3_P Pin=J2-59
Removed Pin From Net: NetName=CAM1_D3_N Pin=J2-61
Removed Pin From Net: NetName=CAM0_C_N Pin=J2-62
Removed Pin From Net: NetName=GND Pin=J2-63
Removed Pin From Net: NetName=GND Pin=J2-64
Removed Pin From Net: NetName=CAM1_D2_P Pin=J2-65
Removed Pin From Net: NetName=CAM1_D2_N Pin=J2-67
Removed Pin From Net: NetName=CAM0_D1_N Pin=J2-68
Removed Pin From Net: NetName=GND Pin=J2-69
Removed Pin From Net: NetName=GND Pin=J2-70
Removed Pin From Net: NetName=CAM1_C_P Pin=J2-71
Removed Pin From Net: NetName=CAM0_D0_P Pin=J2-72
Removed Pin From Net: NetName=CAM1_C_N Pin=J2-73
Removed Pin From Net: NetName=CAM0_D0_N Pin=J2-74
Removed Pin From Net: NetName=GND Pin=J2-75
Removed Pin From Net: NetName=GND Pin=J2-76
Removed Pin From Net: NetName=P\C\I\E\_\T\X\_N Pin=J2-78
Removed Pin From Net: NetName=CAM1_D1_N Pin=J2-79
Removed Pin From Net: NetName=P\C\I\E\_\T\X\_P Pin=J2-80
Removed Pin From Net: NetName=GND Pin=J2-81
Removed Pin From Net: NetName=GND Pin=J2-82
Removed Pin From Net: NetName=P\C\I\E\_\R\X\_N Pin=J2-84
Removed Pin From Net: NetName=CAM1_D0_N Pin=J2-85
Removed Pin From Net: NetName=P\C\I\E\_\R\X\_P Pin=J2-86
Removed Pin From Net: NetName=GND Pin=J2-87
Removed Pin From Net: NetName=GND Pin=J2-88
Removed Pin From Net: NetName=P\C\I\E\_\C\L\K\_N Pin=J2-90
Removed Pin From Net: NetName=P\C\I\E\_\R\S\T\ Pin=J2-91
Removed Pin From Net: NetName=P\C\I\E\_\C\L\K\_P Pin=J2-92
Removed Pin From Net: NetName=GND Pin=J2-93
Removed Pin From Net: NetName=GND Pin=J2-94
Removed Pin From Net: NetName=USB_COM_D_1_P Pin=J2-95
Removed Pin From Net: NetName=USB_COM_D_1_N Pin=J2-97
Removed Pin From Net: NetName=RESERVED2 Pin=J2-98
Removed Pin From Net: NetName=USB_OTG.ID Pin=J2-99
Removed Pin From Net: NetName=P\C\I\E\_\C\L\K\_\R\E\Q\ Pin=J2-100
Added Pin To Net: NetName=ETH_GB.D3_P Pin=J1-3
Added Pin To Net: NetName=ETH_GB.D1_P Pin=J1-4
Added Pin To Net: NetName=ETH_GB.D3_N Pin=J1-5
Added Pin To Net: NetName=ETH_GB.D1_N Pin=J1-6
Added Pin To Net: NetName=ETH_GB.D2_N Pin=J1-9
Added Pin To Net: NetName=ETH_GB.D0_N Pin=J1-10
Added Pin To Net: NetName=ETH_GB.D2_P Pin=J1-11
Added Pin To Net: NetName=ETH_GB.D0_P Pin=J1-12
Added Pin To Net: NetName=E\T\H\_\L\E\D\3\ Pin=J1-15
Added Pin To Net: NetName=E\T\H\_\L\E\D\2\ Pin=J1-17
Added Pin To Net: NetName=ETH_GB.SYNC_OUT Pin=J1-18
Added Pin To Net: NetName=E\T\H\_\L\E\D\1\ Pin=J1-19
Added Pin To Net: NetName=E\E\P\R\O\M\_\W\P\ Pin=J1-20
Added Pin To Net: NetName=P\I\_\L\E\D\_\A\C\T\I\V\I\T\Y\ Pin=J1-21
Added Pin To Net: NetName=GND Pin=J1-22
Added Pin To Net: NetName=GND Pin=J1-23
Added Pin To Net: NetName=GPIO26 Pin=J1-24
Added Pin To Net: NetName=GPIO21 Pin=J1-25
Added Pin To Net: NetName=GPIO19 Pin=J1-26
Added Pin To Net: NetName=GPIO20 Pin=J1-27
Added Pin To Net: NetName=GPIO13 Pin=J1-28
Added Pin To Net: NetName=GPIO16 Pin=J1-29
Added Pin To Net: NetName=GPIO12 Pin=J1-31
Added Pin To Net: NetName=GND Pin=J1-32
Added Pin To Net: NetName=GND Pin=J1-33
Added Pin To Net: NetName=GPIO5 Pin=J1-34
Added Pin To Net: NetName=I2C_DSI.SCL Pin=J1-35
Added Pin To Net: NetName=I2C_DSI.SDA Pin=J1-36
Added Pin To Net: NetName=GPIO11 Pin=J1-38
Added Pin To Net: NetName=GPIO8 Pin=J1-39
Added Pin To Net: NetName=GPIO9 Pin=J1-40
Added Pin To Net: NetName=GPIO25 Pin=J1-41
Added Pin To Net: NetName=GND Pin=J1-42
Added Pin To Net: NetName=GND Pin=J1-43
Added Pin To Net: NetName=GPIO10 Pin=J1-44
Added Pin To Net: NetName=GPIO24 Pin=J1-45
Added Pin To Net: NetName=GPIO22 Pin=J1-46
Added Pin To Net: NetName=GPIO23 Pin=J1-47
Added Pin To Net: NetName=GPIO27 Pin=J1-48
Added Pin To Net: NetName=GPIO18 Pin=J1-49
Added Pin To Net: NetName=GPIO17 Pin=J1-50
Added Pin To Net: NetName=GPIO15 Pin=J1-51
Added Pin To Net: NetName=GND Pin=J1-52
Added Pin To Net: NetName=GND Pin=J1-53
Added Pin To Net: NetName=GPIO4 Pin=J1-54
Added Pin To Net: NetName=GPIO14 Pin=J1-55
Added Pin To Net: NetName=GPIO3 Pin=J1-56
Added Pin To Net: NetName=SD_CLK Pin=J1-57
Added Pin To Net: NetName=GPIO2 Pin=J1-58
Added Pin To Net: NetName=SD_DAT3 Pin=J1-61
Added Pin To Net: NetName=SD_CMD Pin=J1-62
Added Pin To Net: NetName=SD_DAT0 Pin=J1-63
Added Pin To Net: NetName=SD_DAT5 Pin=J1-64
Added Pin To Net: NetName=SD_DAT1 Pin=J1-67
Added Pin To Net: NetName=SD_DAT4 Pin=J1-68
Added Pin To Net: NetName=SD_DAT2 Pin=J1-69
Added Pin To Net: NetName=SD_DAT7 Pin=J1-70
Added Pin To Net: NetName=GND Pin=J1-71
Added Pin To Net: NetName=SD_DAT6 Pin=J1-72
Added Pin To Net: NetName=SD_VDD_OVERRIDE Pin=J1-73
Added Pin To Net: NetName=GND Pin=J1-74
Added Pin To Net: NetName=GPIO_VREF Pin=J1-79
Added Pin To Net: NetName=I2C0.SCL Pin=J1-80
Added Pin To Net: NetName=GPIO_VREF Pin=J1-81
Added Pin To Net: NetName=I2C0.SDA Pin=J1-82
Added Pin To Net: NetName=GPIO_VREF Pin=J1-87
Added Pin To Net: NetName=CM4_1V8 Pin=J1-88
Added Pin To Net: NetName=W\L\_\D\I\S\A\B\L\E\ Pin=J1-89
Added Pin To Net: NetName=CM4_1V8 Pin=J1-90
Added Pin To Net: NetName=B\T\_\D\I\S\A\B\L\E\ Pin=J1-91
Added Pin To Net: NetName=R\E\S\E\T\ Pin=J1-92
Added Pin To Net: NetName=MUX_SEL_1 Pin=J1-93
Added Pin To Net: NetName=ANALOG_IP1 Pin=J1-94
Added Pin To Net: NetName=CAMERA_GPIO Pin=J1-97
Added Pin To Net: NetName=GND Pin=J1-98
Added Pin To Net: NetName=USB_OTG.ID Pin=J2-1
Added Pin To Net: NetName=P\C\I\E\_\C\L\K\_\R\E\Q\ Pin=J2-2
Added Pin To Net: NetName=USB_COM_D_1_N Pin=J2-3
Added Pin To Net: NetName=RESERVED2 Pin=J2-4
Added Pin To Net: NetName=USB_COM_D_1_P Pin=J2-5
Added Pin To Net: NetName=GND Pin=J2-7
Added Pin To Net: NetName=GND Pin=J2-8
Added Pin To Net: NetName=P\C\I\E\_\R\S\T\ Pin=J2-9
Added Pin To Net: NetName=P\C\I\E\_\C\L\K\_P Pin=J2-10
Added Pin To Net: NetName=P\C\I\E\_\C\L\K\_N Pin=J2-12
Added Pin To Net: NetName=GND Pin=J2-13
Added Pin To Net: NetName=GND Pin=J2-14
Added Pin To Net: NetName=CAM1_D0_N Pin=J2-15
Added Pin To Net: NetName=P\C\I\E\_\R\X\_P Pin=J2-16
Added Pin To Net: NetName=P\C\I\E\_\R\X\_N Pin=J2-18
Added Pin To Net: NetName=GND Pin=J2-19
Added Pin To Net: NetName=GND Pin=J2-20
Added Pin To Net: NetName=CAM1_D1_N Pin=J2-21
Added Pin To Net: NetName=P\C\I\E\_\T\X\_P Pin=J2-22
Added Pin To Net: NetName=P\C\I\E\_\T\X\_N Pin=J2-24
Added Pin To Net: NetName=GND Pin=J2-25
Added Pin To Net: NetName=GND Pin=J2-26
Added Pin To Net: NetName=CAM1_C_N Pin=J2-27
Added Pin To Net: NetName=CAM0_D0_N Pin=J2-28
Added Pin To Net: NetName=CAM1_C_P Pin=J2-29
Added Pin To Net: NetName=CAM0_D0_P Pin=J2-30
Added Pin To Net: NetName=GND Pin=J2-31
Added Pin To Net: NetName=GND Pin=J2-32
Added Pin To Net: NetName=CAM1_D2_N Pin=J2-33
Added Pin To Net: NetName=CAM0_D1_N Pin=J2-34
Added Pin To Net: NetName=CAM1_D2_P Pin=J2-35
Added Pin To Net: NetName=GND Pin=J2-37
Added Pin To Net: NetName=GND Pin=J2-38
Added Pin To Net: NetName=CAM1_D3_N Pin=J2-39
Added Pin To Net: NetName=CAM0_C_N Pin=J2-40
Added Pin To Net: NetName=CAM1_D3_P Pin=J2-41
Added Pin To Net: NetName=HDMI1_HOTPLUG Pin=J2-43
Added Pin To Net: NetName=GND Pin=J2-44
Added Pin To Net: NetName=HDMI1_SDA Pin=J2-45
Added Pin To Net: NetName=HDMI1_TX2_P Pin=J2-46
Added Pin To Net: NetName=HDMI1_SCL Pin=J2-47
Added Pin To Net: NetName=HDMI1_CEC Pin=J2-49
Added Pin To Net: NetName=GND Pin=J2-50
Added Pin To Net: NetName=HDMI0.CEC Pin=J2-51
Added Pin To Net: NetName=HDMI1_TX1_P Pin=J2-52
Added Pin To Net: NetName=HDMI0.HPD Pin=J2-53
Added Pin To Net: NetName=GND Pin=J2-55
Added Pin To Net: NetName=GND Pin=J2-56
Added Pin To Net: NetName=DSI0.D0_N Pin=J2-57
Added Pin To Net: NetName=HDMI1_TX0_P Pin=J2-58
Added Pin To Net: NetName=DSI0.D0_P Pin=J2-59
Added Pin To Net: NetName=GND Pin=J2-61
Added Pin To Net: NetName=GND Pin=J2-62
Added Pin To Net: NetName=DSI0.D1_N Pin=J2-63
Added Pin To Net: NetName=HDMI1_CLK_P Pin=J2-64
Added Pin To Net: NetName=DSI0.D1_P Pin=J2-65
Added Pin To Net: NetName=GND Pin=J2-67
Added Pin To Net: NetName=GND Pin=J2-68
Added Pin To Net: NetName=DSI0.CLK_N Pin=J2-69
Added Pin To Net: NetName=HDMI0.D2_P Pin=J2-70
Added Pin To Net: NetName=DSI0.CLK_P Pin=J2-71
Added Pin To Net: NetName=HDMI0.D2_N Pin=J2-72
Added Pin To Net: NetName=GND Pin=J2-73
Added Pin To Net: NetName=GND Pin=J2-74
Added Pin To Net: NetName=DSI1_D0_N Pin=J2-75
Added Pin To Net: NetName=HDMI0.D1_P Pin=J2-76
Added Pin To Net: NetName=HDMI0.D1_N Pin=J2-78
Added Pin To Net: NetName=GND Pin=J2-79
Added Pin To Net: NetName=GND Pin=J2-80
Added Pin To Net: NetName=DSI1_D1_N Pin=J2-81
Added Pin To Net: NetName=HDMI0.D0_P Pin=J2-82
Added Pin To Net: NetName=HDMI0.D0_N Pin=J2-84
Added Pin To Net: NetName=GND Pin=J2-85
Added Pin To Net: NetName=GND Pin=J2-86
Added Pin To Net: NetName=DSI1_C_N Pin=J2-87
Added Pin To Net: NetName=HDMI0.CLK_P Pin=J2-88
Added Pin To Net: NetName=HDMI0.CLK_N Pin=J2-90
Added Pin To Net: NetName=GND Pin=J2-91
Added Pin To Net: NetName=GND Pin=J2-92
Added Pin To Net: NetName=DSI1_D2_N Pin=J2-93
Added Pin To Net: NetName=DSI1_D3_N Pin=J2-94
Added Pin To Net: NetName=DSI1_D2_P Pin=J2-95
Added Pin To Net: NetName=GND Pin=J2-97
Added Pin To Net: NetName=GND Pin=J2-98
Added Pin To Net: NetName=HDMI0.SDA Pin=J2-99
Added Pin To Net: NetName=HDMI0.SCL Pin=J2-100
Change Net Name : Old Net Name=5V_CM New Net Name=GPIO_VREF
Change Net Name : Old Net Name=ANALOG_IP0 New Net Name=P\I\_\L\E\D\_\P\W\R\
Change Net Name : Old Net Name=CAM0_C_P New Net Name=HDMI1_TX0_N
Change Net Name : Old Net Name=CAM0_D1_P New Net Name=HDMI1_CLK_N
Change Net Name : Old Net Name=CAM1_D0_P New Net Name=DSI1_D1_P
Change Net Name : Old Net Name=CAM1_D1_P New Net Name=DSI1_D0_P
Change Net Name : Old Net Name=DSI1_C_P New Net Name=VDAC_COMP
Change Net Name : Old Net Name=DSI1_D0_P New Net Name=CAM1_D1_P
Change Net Name : Old Net Name=DSI1_D1_P New Net Name=CAM1_D0_P
Change Net Name : Old Net Name=DSI1_D3_P New Net Name=RESERVED3
Change Net Name : Old Net Name=E\X\T\R\S\T\ New Net Name=GLOBAL_EN
Change Net Name : Old Net Name=GLOBAL_EN New Net Name=E\X\T\R\S\T\
Change Net Name : Old Net Name=GPIO_VREF New Net Name=5V_CM
Change Net Name : Old Net Name=HDMI1_CLK_N New Net Name=CAM0_D1_P
Change Net Name : Old Net Name=HDMI1_TX0_N New Net Name=CAM0_C_P
Change Net Name : Old Net Name=HDMI1_TX1_N New Net Name=HDMI1_TX2_N
Change Net Name : Old Net Name=HDMI1_TX2_N New Net Name=HDMI1_TX1_N
Change Net Name : Old Net Name=P\I\_\L\E\D\_\P\W\R\ New Net Name=ANALOG_IP0
Change Net Name : Old Net Name=RESERVED1 New Net Name=SD_PWR_ON
Change Net Name : Old Net Name=RESERVED3 New Net Name=DSI1_D3_P
Change Net Name : Old Net Name=SD_PWR_ON New Net Name=RESERVED1
Change Net Name : Old Net Name=VDAC_COMP New Net Name=DSI1_C_P
Change Class Name : Old Net Name=BrauV2_TopLevel New Net Name=OpenPLCv0.2.0_TopLevel
Added Class: Name=OpenPLCv0.2.0_AnalogueOutput
Added Class: Name=OpenPLCv0.2.0_BinaryOut
Added Class: Name=OpenPLCv0.2.0_IOLED
Added Class: Name=OpenPLCv0.2.0_SDCard
Added Class: Name=OpenPLCv0.2.0_USBPortTypeB
Added Class: Name=OpenPLCv0.2.0_USBSwitch
