Removed Member From Class: ClassName=ANALOG_IP[0..1] Member=P\I\_\L\E\D\_\P\W\R\
Removed Member From Class: ClassName=100R_PAIRS Member=RESERVED3
Removed Member From Class: ClassName=100R_PAIRS Member=VDAC_COMP
Change Component Footprint: Designator=J1 Old Footprint=DF40HC(3.0)-100DS-0.4V(51-Footprint-1 New Footprint=DF40HC(3.0)-100DS-0.4V(51
Change Component Footprint: Designator=J2 Old Footprint=DF40HC(3.0)-100DS-0.4V(51-Footprint-1 New Footprint=DF40HC(3.0)-100DS-0.4V(51
Change Managed Component Library Link : Designator=J1 Old VaultGUID=D814680C-BF6A-48BF-A460-F1E8172B4765 New VaultGUID= Old ItemGUID=30d6e968-bd07-405d-aeff-92325dd631e9 New ItemGUID= Old RevisionGUID=e82a4879-8232-478d-abe3-1a5de26feeaf New RevisionGUID=
Change Managed Component Library Link : Designator=J2 Old VaultGUID=D814680C-BF6A-48BF-A460-F1E8172B4765 New VaultGUID= Old ItemGUID=30d6e968-bd07-405d-aeff-92325dd631e9 New ItemGUID= Old RevisionGUID=e82a4879-8232-478d-abe3-1a5de26feeaf New RevisionGUID=
Change component parameters: Designator = "J1" ("J1"); Footprint = "DF40HC(3.0)-100DS-0.4V(51-Footprint-1"; UniqueID = "\TKWWRQBJ\TGDCFYXY" ("\TKWWRQBJ\TGDCFYXY")
Change component parameters: Designator = "J2" ("J2"); Footprint = "DF40HC(3.0)-100DS-0.4V(51-Footprint-1"; UniqueID = "\TKWWRQBJ\ZVDXUOFT" ("\TKWWRQBJ\ZVDXUOFT")
Added Member To Class: ClassName=CM4 Member=Component J1 DF40HC(3.0)-100DS-0.4V(51
Added Member To Class: ClassName=ANALOG_IP[0..1] Member=Element[0]: ANALOG_IP
Added Member To Class: ClassName=100R_PAIRS Member=Wire CAM0_C_P
Added Member To Class: ClassName=100R_PAIRS Member=Wire CAM1_D0_P
Added Member To Class: ClassName=100R_PAIRS Member=Wire DSI1_C_P
Added Member To Class: ClassName=100R_PAIRS Member=Wire DSI1_D0_P
Added Member To Class: ClassName=100R_PAIRS Member=Wire DSI1_D3_P
Added Member To Class: ClassName=100R_PAIRS Member=Wire HDMI1_CLK_N
Added Member To Class: ClassName=100R_PAIRS Member=Wire HDMI1_TX1_N
Added Room: Name=DSP
Added Room: Name=ETH
Added Room: Name=OpenPLCv0.2.0_TopLevel
Added Room: Name=SD_BOOT
Added Room: Name=SD_STG
Added Room: Name=USB_UFP
Added Room: Name=USB_UFP
