Removed Member From Class: ClassName=CM4 Member=D7
Removed Member From Class: ClassName=LED7 Member=D23_5
Removed Member From Class: ClassName=LED8 Member=D23_8
Removed Member From Class: ClassName=CM4 Member=J1
Removed Member From Class: ClassName=CM4 Member=J2
Removed Member From Class: ClassName=CM4 Member=J11
Removed Member From Class: ClassName=CM4 Member=J17
Removed Member From Class: ClassName=LED7 Member=J26_5
Removed Member From Class: ClassName=LED8 Member=J26_8
Removed Member From Class: ClassName=CM4 Member=Q3
Removed Member From Class: ClassName=LED7 Member=Q7_5
Removed Member From Class: ClassName=LED8 Member=Q7_8
Removed Member From Class: ClassName=CM4 Member=R43
Removed Member From Class: ClassName=CM4 Member=R70
Removed Member From Class: ClassName=CM4 Member=R71
Removed Member From Class: ClassName=LED7 Member=R86_5
Removed Member From Class: ClassName=LED8 Member=R86_8
Removed Member From Class: ClassName=LED7 Member=R87_5
Removed Member From Class: ClassName=LED8 Member=R87_8
Removed Member From Class: ClassName=LED7 Member=R88_5
Removed Member From Class: ClassName=LED8 Member=R88_8
Added Component: Designator=D16_7(SOD-123FL)
Added Component: Designator=D16_8(SOD-123FL)
Added Component: Designator=D20_7(LED_3MM_SPACED_6.4MM_GREEN)
Added Component: Designator=D20_8(LED_3MM_SPACED_6.4MM_GREEN)
Added Component: Designator=F9_7(SMD_RES_1206(3216)_N)
Added Component: Designator=F9_8(SMD_RES_1206(3216)_N)
Added Component: Designator=J16_7(796638-2)
Added Component: Designator=J16_8(796638-2)
Added Component: Designator=J21_7(3MM_LED_SPACER_6.4MM)
Added Component: Designator=J21_8(3MM_LED_SPACER_6.4MM)
Added Component: Designator=Q1_7(TO-252)
Added Component: Designator=Q1_8(TO-252)
Added Component: Designator=Q2_7(SOT23-3)
Added Component: Designator=Q2_8(SOT23-3)
Added Component: Designator=R65_7(SMD_RES_0402(1005)_N)
Add component (AddParameter): Name = "Package"; Value = "0402"; VariantName = "[No Variations]"
Add component (AddParameter): Name = "Power Rating"; Value = "1/16W"; VariantName = "[No Variations]"
Add component (AddParameter): Name = "Resistance"; Value = "100K"; VariantName = "[No Variations]"
Add component (AddParameter): Name = "Tolerance"; Value = "1%"; VariantName = "[No Variations]"
Added Component: Designator=R65_8(SMD_RES_0402(1005)_N)
Add component (AddParameter): Name = "Package"; Value = "0402"; VariantName = "[No Variations]"
Add component (AddParameter): Name = "Power Rating"; Value = "1/16W"; VariantName = "[No Variations]"
Add component (AddParameter): Name = "Resistance"; Value = "100K"; VariantName = "[No Variations]"
Add component (AddParameter): Name = "Tolerance"; Value = "1%"; VariantName = "[No Variations]"
Added Component: Designator=R66_7(SMD_RES_0402(1005)_N)
Add component (AddParameter): Name = "Package"; Value = "0402"; VariantName = "[No Variations]"
Add component (AddParameter): Name = "Power Rating"; Value = "1/16W"; VariantName = "[No Variations]"
Add component (AddParameter): Name = "Resistance"; Value = "10K"; VariantName = "[No Variations]"
Add component (AddParameter): Name = "Tolerance"; Value = "1%"; VariantName = "[No Variations]"
Added Component: Designator=R66_8(SMD_RES_0402(1005)_N)
Add component (AddParameter): Name = "Package"; Value = "0402"; VariantName = "[No Variations]"
Add component (AddParameter): Name = "Power Rating"; Value = "1/16W"; VariantName = "[No Variations]"
Add component (AddParameter): Name = "Resistance"; Value = "10K"; VariantName = "[No Variations]"
Add component (AddParameter): Name = "Tolerance"; Value = "1%"; VariantName = "[No Variations]"
Added Component: Designator=R67_7(SMD_RES_0402(1005)_N)
Add component (AddParameter): Name = "Package"; Value = "0402"; VariantName = "[No Variations]"
Add component (AddParameter): Name = "Power Rating"; Value = "1W"; VariantName = "[No Variations]"
Add component (AddParameter): Name = "Resistance"; Value = "470R"; VariantName = "[No Variations]"
Add component (AddParameter): Name = "Tolerance"; Value = "1%"; VariantName = "[No Variations]"
Added Component: Designator=R67_8(SMD_RES_0402(1005)_N)
Add component (AddParameter): Name = "Package"; Value = "0402"; VariantName = "[No Variations]"
Add component (AddParameter): Name = "Power Rating"; Value = "1W"; VariantName = "[No Variations]"
Add component (AddParameter): Name = "Resistance"; Value = "470R"; VariantName = "[No Variations]"
Add component (AddParameter): Name = "Tolerance"; Value = "1%"; VariantName = "[No Variations]"
Added Component: Designator=R68_7(SMD_RES_0402(1005)_N)
Add component (AddParameter): Name = "Package"; Value = "0402"; VariantName = "[No Variations]"
Add component (AddParameter): Name = "Power Rating"; Value = "1/16W"; VariantName = "[No Variations]"
Add component (AddParameter): Name = "Resistance"; Value = "10K"; VariantName = "[No Variations]"
Add component (AddParameter): Name = "Tolerance"; Value = "1%"; VariantName = "[No Variations]"
Added Component: Designator=R68_8(SMD_RES_0402(1005)_N)
Add component (AddParameter): Name = "Package"; Value = "0402"; VariantName = "[No Variations]"
Add component (AddParameter): Name = "Power Rating"; Value = "1/16W"; VariantName = "[No Variations]"
Add component (AddParameter): Name = "Resistance"; Value = "10K"; VariantName = "[No Variations]"
Add component (AddParameter): Name = "Tolerance"; Value = "1%"; VariantName = "[No Variations]"
Added Component: Designator=R69_7(SMD_RES_0402(1005)_N)
Add component (AddParameter): Name = "Package"; Value = "0402"; VariantName = "[No Variations]"
Add component (AddParameter): Name = "Power Rating"; Value = "1/16W"; VariantName = "[No Variations]"
Add component (AddParameter): Name = "Resistance"; Value = "100K"; VariantName = "[No Variations]"
Add component (AddParameter): Name = "Tolerance"; Value = "1%"; VariantName = "[No Variations]"
Added Component: Designator=R69_8(SMD_RES_0402(1005)_N)
Add component (AddParameter): Name = "Package"; Value = "0402"; VariantName = "[No Variations]"
Add component (AddParameter): Name = "Power Rating"; Value = "1/16W"; VariantName = "[No Variations]"
Add component (AddParameter): Name = "Resistance"; Value = "100K"; VariantName = "[No Variations]"
Add component (AddParameter): Name = "Tolerance"; Value = "1%"; VariantName = "[No Variations]"
Added Pin To Net: NetName=GND Pin=D16_7-1
Added Pin To Net: NetName=NetD16_7_2 Pin=D16_7-2
Added Pin To Net: NetName=GND Pin=D16_8-1
Added Pin To Net: NetName=NetD16_8_2 Pin=D16_8-2
Added Pin To Net: NetName=NetD20_7_A Pin=D20_7-A
Added Pin To Net: NetName=GND Pin=D20_7-K
Added Pin To Net: NetName=NetD20_8_A Pin=D20_8-A
Added Pin To Net: NetName=GND Pin=D20_8-K
Added Pin To Net: NetName=NetD16_7_2 Pin=F9_7-1
Added Pin To Net: NetName=NetF9_7_2 Pin=F9_7-2
Added Pin To Net: NetName=NetD16_8_2 Pin=F9_8-1
Added Pin To Net: NetName=NetF9_8_2 Pin=F9_8-2
Added Pin To Net: NetName=NetF9_7_2 Pin=J16_7-1
Added Pin To Net: NetName=GND Pin=J16_7-2
Added Pin To Net: NetName=NetF9_8_2 Pin=J16_8-1
Added Pin To Net: NetName=GND Pin=J16_8-2
Added Pin To Net: NetName=NetQ1_7_1 Pin=Q1_7-1
Added Pin To Net: NetName=NetD16_7_2 Pin=Q1_7-2
Added Pin To Net: NetName=24V Pin=Q1_7-3
Added Pin To Net: NetName=NetQ1_8_1 Pin=Q1_8-1
Added Pin To Net: NetName=NetD16_8_2 Pin=Q1_8-2
Added Pin To Net: NetName=24V Pin=Q1_8-3
Added Pin To Net: NetName=NetQ2_7_1 Pin=Q2_7-1
Added Pin To Net: NetName=GND Pin=Q2_7-2
Added Pin To Net: NetName=NetQ2_7_3 Pin=Q2_7-3
Added Pin To Net: NetName=NetQ2_8_1 Pin=Q2_8-1
Added Pin To Net: NetName=GND Pin=Q2_8-2
Added Pin To Net: NetName=NetQ2_8_3 Pin=Q2_8-3
Added Pin To Net: NetName=NetQ1_7_1 Pin=R65_7-1
Added Pin To Net: NetName=24V Pin=R65_7-2
Added Pin To Net: NetName=NetQ1_8_1 Pin=R65_8-1
Added Pin To Net: NetName=24V Pin=R65_8-2
Added Pin To Net: NetName=NetD20_7_A Pin=R66_7-1
Added Pin To Net: NetName=NetD16_7_2 Pin=R66_7-2
Added Pin To Net: NetName=NetD20_8_A Pin=R66_8-1
Added Pin To Net: NetName=NetD16_8_2 Pin=R66_8-2
Added Pin To Net: NetName=NetQ2_7_3 Pin=R67_7-1
Added Pin To Net: NetName=NetQ1_7_1 Pin=R67_7-2
Added Pin To Net: NetName=NetQ2_8_3 Pin=R67_8-1
Added Pin To Net: NetName=NetQ1_8_1 Pin=R67_8-2
Added Pin To Net: NetName=NetQ2_7_1 Pin=R68_7-1
Added Pin To Net: NetName=BO_EN_7 Pin=R68_7-2
Added Pin To Net: NetName=NetQ2_8_1 Pin=R68_8-1
Added Pin To Net: NetName=BO_EN_8 Pin=R68_8-2
Added Pin To Net: NetName=BO_EN_7 Pin=R69_7-1
Added Pin To Net: NetName=GND Pin=R69_7-2
Added Pin To Net: NetName=BO_EN_8 Pin=R69_8-1
Added Pin To Net: NetName=GND Pin=R69_8-2
Added Member To Class: ClassName=BO7 Member=Component D16_7 (D16) SMF22A
Added Member To Class: ClassName=BO8 Member=Component D16_8 (D16) SMF22A
Added Member To Class: ClassName=BO7 Member=Component D20_7 (D20) TJ-L3FYTGCTCGSFLC2G-A5
Added Member To Class: ClassName=BO8 Member=Component D20_8 (D20) TJ-L3FYTGCTCGSFLC2G-A5
Added Member To Class: ClassName=BO7 Member=Component F9_7 (F9) JK-NSMD025-30V
Added Member To Class: ClassName=BO8 Member=Component F9_8 (F9) JK-NSMD025-30V
Added Member To Class: ClassName=BO7 Member=Component J16_7 (J16) WJ2EDGRC-5.08-2P
Added Member To Class: ClassName=BO8 Member=Component J16_8 (J16) WJ2EDGRC-5.08-2P
Added Member To Class: ClassName=BO7 Member=Component J21_7 (J21) LEDS1-4-26
Added Member To Class: ClassName=BO8 Member=Component J21_8 (J21) LEDS1-4-26
Added Member To Class: ClassName=AnalogueOut_x2_1 Member=Component J?_1 (J?) WJ2EDGRC-5.08-2P
Added Member To Class: ClassName=AnalogueOut_x2_2 Member=Component J?_2 (J?) WJ2EDGRC-5.08-2P
Added Member To Class: ClassName=AnalogueIn_x4 Member=Component J? WJ2EDGRC-5.08-2P
Added Member To Class: ClassName=AnalogueIn_x4 Member=Component J? WJ2EDGRC-5.08-2P
Added Member To Class: ClassName=AnalogueIn_x4 Member=Component J? WJ2EDGRC-5.08-2P
Added Member To Class: ClassName=BO7 Member=Component Q1_7 (Q1) SE20P03
Added Member To Class: ClassName=BO8 Member=Component Q1_8 (Q1) SE20P03
Added Member To Class: ClassName=BO7 Member=Component Q2_7 (Q2) PMBT3904,215
Added Member To Class: ClassName=BO8 Member=Component Q2_8 (Q2) PMBT3904,215
Added Member To Class: ClassName=BO7 Member=Component R65_7 (R65) RC0402FR-07100KL
Added Member To Class: ClassName=BO8 Member=Component R65_8 (R65) RC0402FR-07100KL
Added Member To Class: ClassName=BO7 Member=Component R66_7 (R66) RC0402FR-0710KL
Added Member To Class: ClassName=BO8 Member=Component R66_8 (R66) RC0402FR-0710KL
Added Member To Class: ClassName=BO7 Member=Component R67_7 (R67) RC0402FR-07470RL
Added Member To Class: ClassName=BO8 Member=Component R67_8 (R67) RC0402FR-07470RL
Added Member To Class: ClassName=BO7 Member=Component R68_7 (R68) RC0402FR-0710KL
Added Member To Class: ClassName=BO8 Member=Component R68_8 (R68) RC0402FR-0710KL
Added Member To Class: ClassName=BO7 Member=Component R69_7 (R69) RC0402FR-07100KL
Added Member To Class: ClassName=BO8 Member=Component R69_8 (R69) RC0402FR-07100KL
Change Room Name: Old Name=CM_1 New Name=CM4
Change Room Name: Old Name=LED_1 New Name=LED7
Change Room Name: Old Name=LED_2 New Name=LED8
Added Room: Name=BO7
Added Room: Name=BO8
