Removed Pin From Net: NetName=AOUT1 Pin=D2-2
Removed Pin From Net: NetName=AOUT1 Pin=F2-1
Removed Pin From Net: NetName=GND Pin=J3-2
Removed Pin From Net: NetName=FB_CV_1 Pin=R9-1
Removed Pin From Net: NetName=FB_CV_1 Pin=R10-1
Removed Pin From Net: NetName=FB_CC_1 Pin=R18-1
Removed Pin From Net: NetName=AOUT1 Pin=R19-1
Removed Pin From Net: NetName=AOUT1 Pin=R21-2
Removed Pin From Net: NetName=FB_CC_1 Pin=U1-14
Removed Pin From Net: NetName=FB_CV_1 Pin=U2-3
Removed Pin From Net: NetName=FB_CC_1 Pin=U3-1
Removed Member From Class: ClassName=AnalogueOut Member=J3
Removed Member From Class: ClassName=AnalogueOut Member=J4
Change Component Footprint: Designator=J4 Old Footprint=796638-2 New Footprint=796638-3
Change Component Comment : Designator=J4 Old Comment=WJ2EDGRC-5.08-2P New Comment=WJ2EDGRC-5.08-3P
Change Component Designator: OldDesignator=C1 NewDesignator=C1_AnalogueOut_x2_1
Change Component Designator: OldDesignator=C2 NewDesignator=C2_AnalogueOut_x2_1
Change Component Designator: OldDesignator=C3 NewDesignator=C3_AnalogueOut_x2_1
Change Component Designator: OldDesignator=C4 NewDesignator=C4_AnalogueOut_x2_1
Change Component Designator: OldDesignator=C5 NewDesignator=C5_AnalogueOut_x2_1
Change Component Designator: OldDesignator=C6 NewDesignator=C6_AnalogueOut_x2_1
Change Component Designator: OldDesignator=C7 NewDesignator=C7_AnalogueOut_x2_1
Change Component Designator: OldDesignator=C8 NewDesignator=C8_AnalogueOut_x2_1
Change Component Designator: OldDesignator=D1 NewDesignator=D1_AnalogueOut_x2_1
Change Component Designator: OldDesignator=D2 NewDesignator=D2_AnalogueOut_x2_1
Change Component Designator: OldDesignator=F1 NewDesignator=F1_AnalogueOut_x2_1
Change Component Designator: OldDesignator=F2 NewDesignator=F2_AnalogueOut_x2_1
Change Component Designator: OldDesignator=R1 NewDesignator=R1_AnalogueOut_x2_1
Change Component Designator: OldDesignator=R2 NewDesignator=R2_AnalogueOut_x2_1
Change Component Designator: OldDesignator=R3 NewDesignator=R3_AnalogueOut_x2_1
Change Component Designator: OldDesignator=R4 NewDesignator=R4_AnalogueOut_x2_1
Change Component Designator: OldDesignator=R5 NewDesignator=R5_AnalogueOut_x2_1
Change Component Designator: OldDesignator=R6 NewDesignator=R6_AnalogueOut_x2_1
Change Component Designator: OldDesignator=R7 NewDesignator=R7_AnalogueOut_x2_1
Change Component Designator: OldDesignator=R8 NewDesignator=R8_AnalogueOut_x2_1
Change Component Designator: OldDesignator=R9 NewDesignator=R9_AnalogueOut_x2_1
Change Component Designator: OldDesignator=R10 NewDesignator=R10_AnalogueOut_x2_1
Change Component Designator: OldDesignator=R11 NewDesignator=R11_AnalogueOut_x2_1
Change Component Designator: OldDesignator=R12 NewDesignator=R12_AnalogueOut_x2_1
Change Component Designator: OldDesignator=R13 NewDesignator=R13_AnalogueOut_x2_1
Change Component Designator: OldDesignator=R14 NewDesignator=R14_AnalogueOut_x2_1
Change Component Designator: OldDesignator=R15 NewDesignator=R15_AnalogueOut_x2_1
Change Component Designator: OldDesignator=R16 NewDesignator=R16_AnalogueOut_x2_1
Change Component Designator: OldDesignator=R17 NewDesignator=R17_AnalogueOut_x2_1
Change Component Designator: OldDesignator=R18 NewDesignator=R18_AnalogueOut_x2_1
Change Component Designator: OldDesignator=R19 NewDesignator=R19_AnalogueOut_x2_1
Change Component Designator: OldDesignator=R20 NewDesignator=R20_AnalogueOut_x2_1
Change Component Designator: OldDesignator=R21 NewDesignator=R21_AnalogueOut_x2_1
Change Component Designator: OldDesignator=R22 NewDesignator=R22_AnalogueOut_x2_1
Change Component Designator: OldDesignator=U1 NewDesignator=U1_AnalogueOut_x2_1
Change Component Designator: OldDesignator=U2 NewDesignator=U2_AnalogueOut_x2_1
Change Component Designator: OldDesignator=U3 NewDesignator=U3_AnalogueOut_x2_1
Change Component Designator: OldDesignator=U4 NewDesignator=U4_AnalogueOut_x2_1
Added Component: Designator=C1_AnalogueOut_x2_2(SMD_CAP_0402(1005)_N)
Add component (AddParameter): Name = "Capacitance"; Value = "10nF"; VariantName = "[No Variations]"
Add component (AddParameter): Name = "Package"; Value = "0402"; VariantName = "[No Variations]"
Add component (AddParameter): Name = "Tolerance"; Value = "10%"; VariantName = "[No Variations]"
Add component (AddParameter): Name = "Voltage Rating"; Value = "50V"; VariantName = "[No Variations]"
Added Component: Designator=C2_AnalogueOut_x2_2(SMD_CAP_0402(1005)_N)
Add component (AddParameter): Name = "Capacitance"; Value = "100nF"; VariantName = "[No Variations]"
Add component (AddParameter): Name = "Package"; Value = "0402"; VariantName = "[No Variations]"
Add component (AddParameter): Name = "Tolerance"; Value = "10%"; VariantName = "[No Variations]"
Add component (AddParameter): Name = "Voltage Rating"; Value = "50V"; VariantName = "[No Variations]"
Added Component: Designator=C3_AnalogueOut_x2_2(SMD_CAP_0402(1005)_N)
Add component (AddParameter): Name = "Capacitance"; Value = "100nF"; VariantName = "[No Variations]"
Add component (AddParameter): Name = "Package"; Value = "0402"; VariantName = "[No Variations]"
Add component (AddParameter): Name = "Tolerance"; Value = "10%"; VariantName = "[No Variations]"
Add component (AddParameter): Name = "Voltage Rating"; Value = "10V"; VariantName = "[No Variations]"
Added Component: Designator=C4_AnalogueOut_x2_2(SMD_CAP_0402(1005)_N)
Add component (AddParameter): Name = "Capacitance"; Value = "10nF"; VariantName = "[No Variations]"
Add component (AddParameter): Name = "Package"; Value = "0402"; VariantName = "[No Variations]"
Add component (AddParameter): Name = "Tolerance"; Value = "10%"; VariantName = "[No Variations]"
Add component (AddParameter): Name = "Voltage Rating"; Value = "50V"; VariantName = "[No Variations]"
Added Component: Designator=C5_AnalogueOut_x2_2(SMD_CAP_0402(1005)_N)
Add component (AddParameter): Name = "Capacitance"; Value = "10nF"; VariantName = "[No Variations]"
Add component (AddParameter): Name = "Package"; Value = "0402"; VariantName = "[No Variations]"
Add component (AddParameter): Name = "Tolerance"; Value = "10%"; VariantName = "[No Variations]"
Add component (AddParameter): Name = "Voltage Rating"; Value = "50V"; VariantName = "[No Variations]"
Added Component: Designator=C6_AnalogueOut_x2_2(SMD_CAP_0402(1005)_N)
Add component (AddParameter): Name = "Capacitance"; Value = "100nF"; VariantName = "[No Variations]"
Add component (AddParameter): Name = "Package"; Value = "0402"; VariantName = "[No Variations]"
Add component (AddParameter): Name = "Tolerance"; Value = "10%"; VariantName = "[No Variations]"
Add component (AddParameter): Name = "Voltage Rating"; Value = "10V"; VariantName = "[No Variations]"
Added Component: Designator=C7_AnalogueOut_x2_2(SMD_CAP_0402(1005)_N)
Add component (AddParameter): Name = "Capacitance"; Value = "100nF"; VariantName = "[No Variations]"
Add component (AddParameter): Name = "Package"; Value = "0402"; VariantName = "[No Variations]"
Add component (AddParameter): Name = "Tolerance"; Value = "10%"; VariantName = "[No Variations]"
Add component (AddParameter): Name = "Voltage Rating"; Value = "10V"; VariantName = "[No Variations]"
Added Component: Designator=C8_AnalogueOut_x2_2(SMD_CAP_0402(1005)_N)
Add component (AddParameter): Name = "Capacitance"; Value = "10nF"; VariantName = "[No Variations]"
Add component (AddParameter): Name = "Package"; Value = "0402"; VariantName = "[No Variations]"
Add component (AddParameter): Name = "Tolerance"; Value = "10%"; VariantName = "[No Variations]"
Add component (AddParameter): Name = "Voltage Rating"; Value = "50V"; VariantName = "[No Variations]"
Added Component: Designator=C9(SMD_CAP_0402(1005)_N)
Add component (AddParameter): Name = "Capacitance"; Value = "100nF"; VariantName = "[No Variations]"
Add component (AddParameter): Name = "Package"; Value = "0402"; VariantName = "[No Variations]"
Add component (AddParameter): Name = "Tolerance"; Value = "10%"; VariantName = "[No Variations]"
Add component (AddParameter): Name = "Voltage Rating"; Value = "50V"; VariantName = "[No Variations]"
Added Component: Designator=C10(SMD_CAP_0402(1005)_N)
Add component (AddParameter): Name = "Capacitance"; Value = "100nF"; VariantName = "[No Variations]"
Add component (AddParameter): Name = "Package"; Value = "0402"; VariantName = "[No Variations]"
Add component (AddParameter): Name = "Tolerance"; Value = "10%"; VariantName = "[No Variations]"
Add component (AddParameter): Name = "Voltage Rating"; Value = "50V"; VariantName = "[No Variations]"
Added Component: Designator=C11(SMD_CAP_0402(1005)_N)
Add component (AddParameter): Name = "Capacitance"; Value = "100nF"; VariantName = "[No Variations]"
Add component (AddParameter): Name = "Package"; Value = "0402"; VariantName = "[No Variations]"
Add component (AddParameter): Name = "Tolerance"; Value = "10%"; VariantName = "[No Variations]"
Add component (AddParameter): Name = "Voltage Rating"; Value = "10V"; VariantName = "[No Variations]"
Added Component: Designator=C12(SMD_CAP_0402(1005)_N)
Add component (AddParameter): Name = "Capacitance"; Value = "100nF"; VariantName = "[No Variations]"
Add component (AddParameter): Name = "Package"; Value = "0402"; VariantName = "[No Variations]"
Add component (AddParameter): Name = "Tolerance"; Value = "10%"; VariantName = "[No Variations]"
Add component (AddParameter): Name = "Voltage Rating"; Value = "10V"; VariantName = "[No Variations]"
Added Component: Designator=C13(SMD_CAP_0402(1005)_N)
Add component (AddParameter): Name = "Capacitance"; Value = "100nF"; VariantName = "[No Variations]"
Add component (AddParameter): Name = "Package"; Value = "0402"; VariantName = "[No Variations]"
Add component (AddParameter): Name = "Tolerance"; Value = "10%"; VariantName = "[No Variations]"
Add component (AddParameter): Name = "Voltage Rating"; Value = "10V"; VariantName = "[No Variations]"
Added Component: Designator=C14(SMD_CAP_0402(1005)_N)
Add component (AddParameter): Name = "Capacitance"; Value = "100nF"; VariantName = "[No Variations]"
Add component (AddParameter): Name = "Package"; Value = "0402"; VariantName = "[No Variations]"
Add component (AddParameter): Name = "Tolerance"; Value = "10%"; VariantName = "[No Variations]"
Add component (AddParameter): Name = "Voltage Rating"; Value = "10V"; VariantName = "[No Variations]"
Added Component: Designator=D1_AnalogueOut_x2_2(SOD-123FL)
Added Component: Designator=D2_AnalogueOut_x2_2(SOD-123FL)
Added Component: Designator=D3(SOD-123FL)
Added Component: Designator=D4(SOD-123FL)
Added Component: Designator=D5(SOD-123FL)
Added Component: Designator=D6(SOD-123FL)
Added Component: Designator=D7(SOT23-3)
Added Component: Designator=D8(SOD-123FL)
Added Component: Designator=F1_AnalogueOut_x2_2(SMD_RES_1206(3216)_N)
Added Component: Designator=F2_AnalogueOut_x2_2(SMD_RES_1206(3216)_N)
Added Component: Designator=F3(SMD_RES_1206(3216)_N)
Added Component: Designator=F4(SMD_RES_1206(3216)_N)
Added Component: Designator=F5(SMD_RES_1206(3216)_N)
Added Component: Designator=F6(SMD_RES_1206(3216)_N)
Added Component: Designator=F7(SMD_RES_1206(3216)_N)
Added Component: Designator=J3_AnalogueOut_x2_1(796638-3)
Added Component: Designator=J3_AnalogueOut_x2_2(796638-3)
Added Component: Designator=J5(796638-3)
Added Component: Designator=J6(CR2032-BS-5-1)
Added Component: Designator=J7(X10B25U15T)
Added Component: Designator=J9(796638-3)
Added Component: Designator=R1_AnalogueOut_x2_2(SMD_RES_0402(1005)_N)
Add component (AddParameter): Name = "Package"; Value = "0402"; VariantName = "[No Variations]"
Add component (AddParameter): Name = "Power Rating"; Value = "1/16W"; VariantName = "[No Variations]"
Add component (AddParameter): Name = "Resistance"; Value = "10K"; VariantName = "[No Variations]"
Add component (AddParameter): Name = "Tolerance"; Value = "1%"; VariantName = "[No Variations]"
Added Component: Designator=R2_AnalogueOut_x2_2(SMD_RES_0402(1005)_N)
Add component (AddParameter): Name = "Package"; Value = "0402"; VariantName = "[No Variations]"
Add component (AddParameter): Name = "Power Rating"; Value = "1/16W"; VariantName = "[No Variations]"
Add component (AddParameter): Name = "Resistance"; Value = "10K"; VariantName = "[No Variations]"
Add component (AddParameter): Name = "Tolerance"; Value = "1%"; VariantName = "[No Variations]"
Added Component: Designator=R3_AnalogueOut_x2_2(SMD_RES_0402(1005)_N)
Add component (AddParameter): Name = "Package"; Value = "0402"; VariantName = "[No Variations]"
Add component (AddParameter): Name = "Power Rating"; Value = "1/16W"; VariantName = "[No Variations]"
Add component (AddParameter): Name = "Resistance"; Value = "10K"; VariantName = "[No Variations]"
Add component (AddParameter): Name = "Tolerance"; Value = "1%"; VariantName = "[No Variations]"
Added Component: Designator=R4_AnalogueOut_x2_2(SMD_RES_2512(6432)_N)
Add component (AddParameter): Name = "Package"; Value = "2512"; VariantName = "[No Variations]"
Add component (AddParameter): Name = "Power Rating"; Value = "1W"; VariantName = "[No Variations]"
Add component (AddParameter): Name = "Resistance"; Value = "47R"; VariantName = "[No Variations]"
Add component (AddParameter): Name = "Tolerance"; Value = "1%"; VariantName = "[No Variations]"
Added Component: Designator=R5_AnalogueOut_x2_2(SMD_RES_0402(1005)_N)
Add component (AddParameter): Name = "Package"; Value = "0402"; VariantName = "[No Variations]"
Add component (AddParameter): Name = "Power Rating"; Value = "1/16W"; VariantName = "[No Variations]"
Add component (AddParameter): Name = "Resistance"; Value = "10K"; VariantName = "[No Variations]"
Add component (AddParameter): Name = "Tolerance"; Value = "1%"; VariantName = "[No Variations]"
Added Component: Designator=R6_AnalogueOut_x2_2(SMD_RES_0402(1005)_N)
Add component (AddParameter): Name = "Package"; Value = "0402"; VariantName = "[No Variations]"
Add component (AddParameter): Name = "Power Rating"; Value = "1/16W"; VariantName = "[No Variations]"
Add component (AddParameter): Name = "Resistance"; Value = "47K"; VariantName = "[No Variations]"
Add component (AddParameter): Name = "Tolerance"; Value = "1%"; VariantName = "[No Variations]"
Added Component: Designator=R7_AnalogueOut_x2_2(SMD_RES_0402(1005)_N)
Add component (AddParameter): Name = "Package"; Value = "0402"; VariantName = "[No Variations]"
Add component (AddParameter): Name = "Power Rating"; Value = "1/16W"; VariantName = "[No Variations]"
Add component (AddParameter): Name = "Resistance"; Value = "47K"; VariantName = "[No Variations]"
Add component (AddParameter): Name = "Tolerance"; Value = "1%"; VariantName = "[No Variations]"
Added Component: Designator=R8_AnalogueOut_x2_2(SMD_RES_2512(6432)_N)
Add component (AddParameter): Name = "Package"; Value = "2512"; VariantName = "[No Variations]"
Add component (AddParameter): Name = "Power Rating"; Value = "1W"; VariantName = "[No Variations]"
Add component (AddParameter): Name = "Resistance"; Value = "47R"; VariantName = "[No Variations]"
Add component (AddParameter): Name = "Tolerance"; Value = "1%"; VariantName = "[No Variations]"
Added Component: Designator=R9_AnalogueOut_x2_2(SMD_RES_0402(1005)_N)
Add component (AddParameter): Name = "Package"; Value = "0402"; VariantName = "[No Variations]"
Add component (AddParameter): Name = "Power Rating"; Value = "1/16W"; VariantName = "[No Variations]"
Add component (AddParameter): Name = "Resistance"; Value = "10K"; VariantName = "[No Variations]"
Add component (AddParameter): Name = "Tolerance"; Value = "1%"; VariantName = "[No Variations]"
Added Component: Designator=R10_AnalogueOut_x2_2(SMD_RES_0402(1005)_N)
Add component (AddParameter): Name = "Package"; Value = "0402"; VariantName = "[No Variations]"
Add component (AddParameter): Name = "Power Rating"; Value = "1/16W"; VariantName = "[No Variations]"
Add component (AddParameter): Name = "Resistance"; Value = "22K"; VariantName = "[No Variations]"
Add component (AddParameter): Name = "Tolerance"; Value = "1%"; VariantName = "[No Variations]"
Added Component: Designator=R11_AnalogueOut_x2_2(SMD_RES_0402(1005)_N)
Add component (AddParameter): Name = "Package"; Value = "0402"; VariantName = "[No Variations]"
Add component (AddParameter): Name = "Power Rating"; Value = "1/16W"; VariantName = "[No Variations]"
Add component (AddParameter): Name = "Resistance"; Value = "10K"; VariantName = "[No Variations]"
Add component (AddParameter): Name = "Tolerance"; Value = "1%"; VariantName = "[No Variations]"
Added Component: Designator=R12_AnalogueOut_x2_2(SMD_RES_0402(1005)_N)
Add component (AddParameter): Name = "Package"; Value = "0402"; VariantName = "[No Variations]"
Add component (AddParameter): Name = "Power Rating"; Value = "1/16W"; VariantName = "[No Variations]"
Add component (AddParameter): Name = "Resistance"; Value = "10K"; VariantName = "[No Variations]"
Add component (AddParameter): Name = "Tolerance"; Value = "1%"; VariantName = "[No Variations]"
Added Component: Designator=R13_AnalogueOut_x2_2(SMD_RES_0402(1005)_N)
Add component (AddParameter): Name = "Package"; Value = "0402"; VariantName = "[No Variations]"
Add component (AddParameter): Name = "Power Rating"; Value = "1/16W"; VariantName = "[No Variations]"
Add component (AddParameter): Name = "Resistance"; Value = "10K"; VariantName = "[No Variations]"
Add component (AddParameter): Name = "Tolerance"; Value = "1%"; VariantName = "[No Variations]"
Added Component: Designator=R14_AnalogueOut_x2_2(SMD_RES_0402(1005)_N)
Add component (AddParameter): Name = "Package"; Value = "0402"; VariantName = "[No Variations]"
Add component (AddParameter): Name = "Power Rating"; Value = "1/16W"; VariantName = "[No Variations]"
Add component (AddParameter): Name = "Resistance"; Value = "10K"; VariantName = "[No Variations]"
Add component (AddParameter): Name = "Tolerance"; Value = "1%"; VariantName = "[No Variations]"
Added Component: Designator=R15_AnalogueOut_x2_2(SMD_RES_2512(6432)_N)
Add component (AddParameter): Name = "Package"; Value = "2512"; VariantName = "[No Variations]"
Add component (AddParameter): Name = "Power Rating"; Value = "1W"; VariantName = "[No Variations]"
Add component (AddParameter): Name = "Resistance"; Value = "47R"; VariantName = "[No Variations]"
Add component (AddParameter): Name = "Tolerance"; Value = "1%"; VariantName = "[No Variations]"
Added Component: Designator=R16_AnalogueOut_x2_2(SMD_RES_0402(1005)_N)
Add component (AddParameter): Name = "Package"; Value = "0402"; VariantName = "[No Variations]"
Add component (AddParameter): Name = "Power Rating"; Value = "1/16W"; VariantName = "[No Variations]"
Add component (AddParameter): Name = "Resistance"; Value = "10K"; VariantName = "[No Variations]"
Add component (AddParameter): Name = "Tolerance"; Value = "1%"; VariantName = "[No Variations]"
Added Component: Designator=R17_AnalogueOut_x2_2(SMD_RES_0402(1005)_N)
Add component (AddParameter): Name = "Package"; Value = "0402"; VariantName = "[No Variations]"
Add component (AddParameter): Name = "Power Rating"; Value = "1/16W"; VariantName = "[No Variations]"
Add component (AddParameter): Name = "Resistance"; Value = "47K"; VariantName = "[No Variations]"
Add component (AddParameter): Name = "Tolerance"; Value = "1%"; VariantName = "[No Variations]"
Added Component: Designator=R18_AnalogueOut_x2_2(SMD_RES_0402(1005)_N)
Add component (AddParameter): Name = "Package"; Value = "0402"; VariantName = "[No Variations]"
Add component (AddParameter): Name = "Power Rating"; Value = "1/16W"; VariantName = "[No Variations]"
Add component (AddParameter): Name = "Resistance"; Value = "47K"; VariantName = "[No Variations]"
Add component (AddParameter): Name = "Tolerance"; Value = "1%"; VariantName = "[No Variations]"
Added Component: Designator=R19_AnalogueOut_x2_2(SMD_RES_2512(6432)_N)
Add component (AddParameter): Name = "Package"; Value = "2512"; VariantName = "[No Variations]"
Add component (AddParameter): Name = "Power Rating"; Value = "1W"; VariantName = "[No Variations]"
Add component (AddParameter): Name = "Resistance"; Value = "47R"; VariantName = "[No Variations]"
Add component (AddParameter): Name = "Tolerance"; Value = "1%"; VariantName = "[No Variations]"
Added Component: Designator=R20_AnalogueOut_x2_2(SMD_RES_0402(1005)_N)
Add component (AddParameter): Name = "Package"; Value = "0402"; VariantName = "[No Variations]"
Add component (AddParameter): Name = "Power Rating"; Value = "1/16W"; VariantName = "[No Variations]"
Add component (AddParameter): Name = "Resistance"; Value = "10K"; VariantName = "[No Variations]"
Add component (AddParameter): Name = "Tolerance"; Value = "1%"; VariantName = "[No Variations]"
Added Component: Designator=R21_AnalogueOut_x2_2(SMD_RES_0402(1005)_N)
Add component (AddParameter): Name = "Package"; Value = "0402"; VariantName = "[No Variations]"
Add component (AddParameter): Name = "Power Rating"; Value = "1/16W"; VariantName = "[No Variations]"
Add component (AddParameter): Name = "Resistance"; Value = "22K"; VariantName = "[No Variations]"
Add component (AddParameter): Name = "Tolerance"; Value = "1%"; VariantName = "[No Variations]"
Added Component: Designator=R22_AnalogueOut_x2_2(SMD_RES_0402(1005)_N)
Add component (AddParameter): Name = "Package"; Value = "0402"; VariantName = "[No Variations]"
Add component (AddParameter): Name = "Power Rating"; Value = "1/16W"; VariantName = "[No Variations]"
Add component (AddParameter): Name = "Resistance"; Value = "10K"; VariantName = "[No Variations]"
Add component (AddParameter): Name = "Tolerance"; Value = "1%"; VariantName = "[No Variations]"
Added Component: Designator=R23(SMD_RES_0402(1005)_N)
Add component (AddParameter): Name = "Package"; Value = "0402"; VariantName = "[No Variations]"
Add component (AddParameter): Name = "Power Rating"; Value = "1/16W"; VariantName = "[No Variations]"
Add component (AddParameter): Name = "Resistance"; Value = "22K"; VariantName = "[No Variations]"
Add component (AddParameter): Name = "Tolerance"; Value = "1%"; VariantName = "[No Variations]"
Added Component: Designator=R24(SMD_RES_0402(1005)_N)
Add component (AddParameter): Name = "Package"; Value = "0402"; VariantName = "[No Variations]"
Add component (AddParameter): Name = "Power Rating"; Value = "1/16W"; VariantName = "[No Variations]"
Add component (AddParameter): Name = "Resistance"; Value = "47K"; VariantName = "[No Variations]"
Add component (AddParameter): Name = "Tolerance"; Value = "1%"; VariantName = "[No Variations]"
Added Component: Designator=R25(SMD_RES_2512(6432)_N)
Add component (AddParameter): Name = "Package"; Value = "2512"; VariantName = "[No Variations]"
Add component (AddParameter): Name = "Power Rating"; Value = "1W"; VariantName = "[No Variations]"
Add component (AddParameter): Name = "Resistance"; Value = "470R"; VariantName = "[No Variations]"
Add component (AddParameter): Name = "Tolerance"; Value = "1%"; VariantName = "[No Variations]"
Added Component: Designator=R26(SMD_RES_0402(1005)_N)
Add component (AddParameter): Name = "Package"; Value = "0402"; VariantName = "[No Variations]"
Add component (AddParameter): Name = "Power Rating"; Value = "1/16W"; VariantName = "[No Variations]"
Add component (AddParameter): Name = "Resistance"; Value = "10K"; VariantName = "[No Variations]"
Add component (AddParameter): Name = "Tolerance"; Value = "1%"; VariantName = "[No Variations]"
Added Component: Designator=R27(SMD_RES_0402(1005)_N)
Add component (AddParameter): Name = "Package"; Value = "0402"; VariantName = "[No Variations]"
Add component (AddParameter): Name = "Power Rating"; Value = "1/16W"; VariantName = "[No Variations]"
Add component (AddParameter): Name = "Resistance"; Value = "22K"; VariantName = "[No Variations]"
Add component (AddParameter): Name = "Tolerance"; Value = "1%"; VariantName = "[No Variations]"
Added Component: Designator=R28(SMD_RES_0402(1005)_N)
Add component (AddParameter): Name = "Package"; Value = "0402"; VariantName = "[No Variations]"
Add component (AddParameter): Name = "Power Rating"; Value = "1/16W"; VariantName = "[No Variations]"
Add component (AddParameter): Name = "Resistance"; Value = "47K"; VariantName = "[No Variations]"
Add component (AddParameter): Name = "Tolerance"; Value = "1%"; VariantName = "[No Variations]"
Added Component: Designator=R29(SMD_RES_2512(6432)_N)
Add component (AddParameter): Name = "Package"; Value = "2512"; VariantName = "[No Variations]"
Add component (AddParameter): Name = "Power Rating"; Value = "1W"; VariantName = "[No Variations]"
Add component (AddParameter): Name = "Resistance"; Value = "470R"; VariantName = "[No Variations]"
Add component (AddParameter): Name = "Tolerance"; Value = "1%"; VariantName = "[No Variations]"
Added Component: Designator=R30(SMD_RES_0402(1005)_N)
Add component (AddParameter): Name = "Package"; Value = "0402"; VariantName = "[No Variations]"
Add component (AddParameter): Name = "Power Rating"; Value = "1/16W"; VariantName = "[No Variations]"
Add component (AddParameter): Name = "Resistance"; Value = "10K"; VariantName = "[No Variations]"
Add component (AddParameter): Name = "Tolerance"; Value = "1%"; VariantName = "[No Variations]"
Added Component: Designator=R31(SMD_RES_0402(1005)_N)
Add component (AddParameter): Name = "Package"; Value = "0402"; VariantName = "[No Variations]"
Add component (AddParameter): Name = "Power Rating"; Value = "1/16W"; VariantName = "[No Variations]"
Add component (AddParameter): Name = "Resistance"; Value = "22K"; VariantName = "[No Variations]"
Add component (AddParameter): Name = "Tolerance"; Value = "1%"; VariantName = "[No Variations]"
Added Component: Designator=R32(SMD_RES_0402(1005)_N)
Add component (AddParameter): Name = "Package"; Value = "0402"; VariantName = "[No Variations]"
Add component (AddParameter): Name = "Power Rating"; Value = "1/16W"; VariantName = "[No Variations]"
Add component (AddParameter): Name = "Resistance"; Value = "47K"; VariantName = "[No Variations]"
Add component (AddParameter): Name = "Tolerance"; Value = "1%"; VariantName = "[No Variations]"
Added Component: Designator=R33(SMD_RES_2512(6432)_N)
Add component (AddParameter): Name = "Package"; Value = "2512"; VariantName = "[No Variations]"
Add component (AddParameter): Name = "Power Rating"; Value = "1W"; VariantName = "[No Variations]"
Add component (AddParameter): Name = "Resistance"; Value = "470R"; VariantName = "[No Variations]"
Add component (AddParameter): Name = "Tolerance"; Value = "1%"; VariantName = "[No Variations]"
Added Component: Designator=R34(SMD_RES_0402(1005)_N)
Add component (AddParameter): Name = "Package"; Value = "0402"; VariantName = "[No Variations]"
Add component (AddParameter): Name = "Power Rating"; Value = "1/16W"; VariantName = "[No Variations]"
Add component (AddParameter): Name = "Resistance"; Value = "10K"; VariantName = "[No Variations]"
Add component (AddParameter): Name = "Tolerance"; Value = "1%"; VariantName = "[No Variations]"
Added Component: Designator=R35(SMD_RES_0402(1005)_N)
Add component (AddParameter): Name = "Package"; Value = "0402"; VariantName = "[No Variations]"
Add component (AddParameter): Name = "Power Rating"; Value = "1/16W"; VariantName = "[No Variations]"
Add component (AddParameter): Name = "Resistance"; Value = "22K"; VariantName = "[No Variations]"
Add component (AddParameter): Name = "Tolerance"; Value = "1%"; VariantName = "[No Variations]"
Added Component: Designator=R36(SMD_RES_0402(1005)_N)
Add component (AddParameter): Name = "Package"; Value = "0402"; VariantName = "[No Variations]"
Add component (AddParameter): Name = "Power Rating"; Value = "1/16W"; VariantName = "[No Variations]"
Add component (AddParameter): Name = "Resistance"; Value = "47K"; VariantName = "[No Variations]"
Add component (AddParameter): Name = "Tolerance"; Value = "1%"; VariantName = "[No Variations]"
Added Component: Designator=R37(SMD_RES_2512(6432)_N)
Add component (AddParameter): Name = "Package"; Value = "2512"; VariantName = "[No Variations]"
Add component (AddParameter): Name = "Power Rating"; Value = "1W"; VariantName = "[No Variations]"
Add component (AddParameter): Name = "Resistance"; Value = "470R"; VariantName = "[No Variations]"
Add component (AddParameter): Name = "Tolerance"; Value = "1%"; VariantName = "[No Variations]"
Added Component: Designator=R38(SMD_RES_0402(1005)_N)
Add component (AddParameter): Name = "Package"; Value = "0402"; VariantName = "[No Variations]"
Add component (AddParameter): Name = "Power Rating"; Value = "1/16W"; VariantName = "[No Variations]"
Add component (AddParameter): Name = "Resistance"; Value = "10K"; VariantName = "[No Variations]"
Add component (AddParameter): Name = "Tolerance"; Value = "1%"; VariantName = "[No Variations]"
Added Component: Designator=R39(SMD_RES_0402(1005)_N)
Add component (AddParameter): Name = "Package"; Value = "0402"; VariantName = "[No Variations]"
Add component (AddParameter): Name = "Power Rating"; Value = "1/16W"; VariantName = "[No Variations]"
Add component (AddParameter): Name = "Resistance"; Value = "10K"; VariantName = "[No Variations]"
Add component (AddParameter): Name = "Tolerance"; Value = "1%"; VariantName = "[No Variations]"
Added Component: Designator=R40(SMD_RES_0402(1005)_N)
Add component (AddParameter): Name = "Package"; Value = "0402"; VariantName = "[No Variations]"
Add component (AddParameter): Name = "Power Rating"; Value = "1/16W"; VariantName = "[No Variations]"
Add component (AddParameter): Name = "Resistance"; Value = "4.7K"; VariantName = "[No Variations]"
Add component (AddParameter): Name = "Tolerance"; Value = "1%"; VariantName = "[No Variations]"
Added Component: Designator=R41(SMD_RES_0402(1005)_N)
Add component (AddParameter): Name = "Package"; Value = "0402"; VariantName = "[No Variations]"
Add component (AddParameter): Name = "Power Rating"; Value = "1/16W"; VariantName = "[No Variations]"
Add component (AddParameter): Name = "Resistance"; Value = "4.7K"; VariantName = "[No Variations]"
Add component (AddParameter): Name = "Tolerance"; Value = "1%"; VariantName = "[No Variations]"
Added Component: Designator=R42(SMD_RES_0402(1005)_N)
Add component (AddParameter): Name = "Package"; Value = "0402"; VariantName = "[No Variations]"
Add component (AddParameter): Name = "Power Rating"; Value = "1/16W"; VariantName = "[No Variations]"
Add component (AddParameter): Name = "Resistance"; Value = "4.7K"; VariantName = "[No Variations]"
Add component (AddParameter): Name = "Tolerance"; Value = "1%"; VariantName = "[No Variations]"
Added Component: Designator=R43(SMD_RES_0402(1005)_N)
Add component (AddParameter): Name = "Package"; Value = "0402"; VariantName = "[No Variations]"
Add component (AddParameter): Name = "Power Rating"; Value = "1/16W"; VariantName = "[No Variations]"
Add component (AddParameter): Name = "Resistance"; Value = "0R"; VariantName = "[No Variations]"
Add component (AddParameter): Name = "Tolerance"; Value = "1%"; VariantName = "[No Variations]"
Added Component: Designator=U1_AnalogueOut_x2_2(TSSOP-14)
Added Component: Designator=U2_AnalogueOut_x2_2(SOT23-6)
Added Component: Designator=U3_AnalogueOut_x2_2(SOT23-6)
Added Component: Designator=U4_AnalogueOut_x2_2(SOIC-8-3.9mm)
Added Component: Designator=U5(TSSOP-14)
Added Component: Designator=U6(SOIC-8-3.9mm)
Added Component: Designator=U7(SOIC-8-3.9mm)
Added Component: Designator=X1(CRYSTAL_3215)
Add component (AddParameter): Name = "Load capacitance"; Value = "12.5pF"; VariantName = "[No Variations]"
Add component (AddParameter): Name = "Package"; Value = "3215"; VariantName = "[No Variations]"
Added Pin To Net: NetName=GND Pin=C2_AnalogueOut_x2_2-1
Added Pin To Net: NetName=24V Pin=C2_AnalogueOut_x2_2-2
Added Pin To Net: NetName=GND Pin=C3_AnalogueOut_x2_2-1
Added Pin To Net: NetName=5V Pin=C3_AnalogueOut_x2_2-2
Added Pin To Net: NetName=GND Pin=C6_AnalogueOut_x2_2-1
Added Pin To Net: NetName=5V Pin=C6_AnalogueOut_x2_2-2
Added Pin To Net: NetName=GND Pin=C7_AnalogueOut_x2_2-1
Added Pin To Net: NetName=5V Pin=C7_AnalogueOut_x2_2-2
Added Pin To Net: NetName=GND Pin=C9-1
Added Pin To Net: NetName=GND Pin=C10-1
Added Pin To Net: NetName=GND Pin=C11-1
Added Pin To Net: NetName=GND Pin=C12-1
Added Pin To Net: NetName=GND Pin=C13-1
Added Pin To Net: NetName=5V Pin=C13-2
Added Pin To Net: NetName=GND Pin=C14-1
Added Pin To Net: NetName=GND Pin=D1_AnalogueOut_x2_2-1
Added Pin To Net: NetName=GND Pin=D2_AnalogueOut_x2_2-1
Added Pin To Net: NetName=GND Pin=D3-1
Added Pin To Net: NetName=GND Pin=D4-1
Added Pin To Net: NetName=GND Pin=D5-1
Added Pin To Net: NetName=GND Pin=D6-1
Added Pin To Net: NetName=GND Pin=D8-1
Added Pin To Net: NetName=GND Pin=J3_AnalogueOut_x2_1-2
Added Pin To Net: NetName=GND Pin=J3_AnalogueOut_x2_2-2
Added Pin To Net: NetName=GND Pin=J5-2
Added Pin To Net: NetName=GND Pin=J6-2
Added Pin To Net: NetName=GND Pin=J7-1
Added Pin To Net: NetName=GND Pin=J7-4
Added Pin To Net: NetName=GND Pin=J7-7
Added Pin To Net: NetName=GND Pin=J7-10
Added Pin To Net: NetName=GND Pin=J7-13
Added Pin To Net: NetName=5V Pin=J9-1
Added Pin To Net: NetName=GND Pin=J9-3
Added Pin To Net: NetName=GND Pin=R6_AnalogueOut_x2_2-1
Added Pin To Net: NetName=GND Pin=R11_AnalogueOut_x2_2-1
Added Pin To Net: NetName=GND Pin=R17_AnalogueOut_x2_2-1
Added Pin To Net: NetName=GND Pin=R22_AnalogueOut_x2_2-1
Added Pin To Net: NetName=GND Pin=R25-1
Added Pin To Net: NetName=GND Pin=R26-2
Added Pin To Net: NetName=GND Pin=R29-1
Added Pin To Net: NetName=GND Pin=R30-2
Added Pin To Net: NetName=GND Pin=R33-1
Added Pin To Net: NetName=GND Pin=R34-2
Added Pin To Net: NetName=GND Pin=R37-1
Added Pin To Net: NetName=GND Pin=R38-2
Added Pin To Net: NetName=24V Pin=U1_AnalogueOut_x2_2-4
Added Pin To Net: NetName=GND Pin=U1_AnalogueOut_x2_2-11
Added Pin To Net: NetName=GND Pin=U2_AnalogueOut_x2_2-2
Added Pin To Net: NetName=5V Pin=U2_AnalogueOut_x2_2-5
Added Pin To Net: NetName=GND Pin=U3_AnalogueOut_x2_2-2
Added Pin To Net: NetName=5V Pin=U3_AnalogueOut_x2_2-5
Added Pin To Net: NetName=GND Pin=U4_AnalogueOut_x2_2-4
Added Pin To Net: NetName=5V Pin=U4_AnalogueOut_x2_2-5
Added Pin To Net: NetName=24V Pin=U5-4
Added Pin To Net: NetName=GND Pin=U5-11
Added Pin To Net: NetName=GND Pin=U6-4
Added Pin To Net: NetName=GND Pin=U7-3
Added Pin To Net: NetName=GND Pin=U7-7
Added Pin To Net: NetName=GND Pin=U7-8
Change Net Name : Old Net Name=AOUT1 New Net Name=AOUT1_AnalogueOut_x2_1
Change Net Name : Old Net Name=DSI0.CLK_N New Net Name=DSI0.CLK_P
Change Net Name : Old Net Name=DSI0.CLK_P New Net Name=DSI0.CLK_N
Change Net Name : Old Net Name=DSI0.D0_N New Net Name=DSI0.D0_P
Change Net Name : Old Net Name=DSI0.D0_P New Net Name=DSI0.D0_N
Change Net Name : Old Net Name=DSI0.D1_N New Net Name=DSI0.D1_P
Change Net Name : Old Net Name=DSI0.D1_P New Net Name=DSI0.D1_N
Change Net Name : Old Net Name=DSI1.CLK_N New Net Name=DSI1.CLK_P
Change Net Name : Old Net Name=DSI1.CLK_P New Net Name=DSI1.CLK_N
Change Net Name : Old Net Name=DSI1.D0_N New Net Name=DSI1.D0_P
Change Net Name : Old Net Name=DSI1.D0_P New Net Name=DSI1.D0_N
Change Net Name : Old Net Name=DSI1.D1_N New Net Name=DSI1.D1_P
Change Net Name : Old Net Name=DSI1.D1_P New Net Name=DSI1.D1_N
Change Net Name : Old Net Name=DSI1.D2_N New Net Name=DSI1.D2_P
Change Net Name : Old Net Name=DSI1.D2_P New Net Name=DSI1.D2_N
Change Net Name : Old Net Name=DSI1.D3_N New Net Name=DSI1.D3_P
Change Net Name : Old Net Name=DSI1.D3_P New Net Name=DSI1.D3_N
Change Net Name : Old Net Name=ETH_GB.D0_N New Net Name=ETH_GB.D0_P
Change Net Name : Old Net Name=ETH_GB.D0_P New Net Name=ETH_GB.D0_N
Change Net Name : Old Net Name=ETH_GB.D2_N New Net Name=ETH_GB.D2_P
Change Net Name : Old Net Name=ETH_GB.D2_P New Net Name=ETH_GB.D2_N
Change Net Name : Old Net Name=FB_CC_1 New Net Name=FB_CC_1_AnalogueOut_x2_1
Change Net Name : Old Net Name=FB_CV_1 New Net Name=FB_CV_2_AnalogueOut_x2_1
Change Net Name : Old Net Name=I2S.BCK New Net Name=I2S.BCK_AnalogueOut_x2_1
Change Net Name : Old Net Name=I2S.DIN New Net Name=I2S.DIN_AnalogueOut_x2_1
Change Net Name : Old Net Name=I2S.WS New Net Name=I2S.WS_AnalogueOut_x2_1
Change Net Name : Old Net Name=NetC1_1 New Net Name=NetC1_AnalogueOut_x2_1_1
Change Net Name : Old Net Name=NetC1_2 New Net Name=NetC1_AnalogueOut_x2_1_2
Change Net Name : Old Net Name=NetC4_1 New Net Name=NetC4_AnalogueOut_x2_1_1
Change Net Name : Old Net Name=NetC4_2 New Net Name=NetC4_AnalogueOut_x2_1_2
Change Net Name : Old Net Name=NetC5_1 New Net Name=NetC5_AnalogueOut_x2_1_1
Change Net Name : Old Net Name=NetC5_2 New Net Name=NetC5_AnalogueOut_x2_1_2
Change Net Name : Old Net Name=NetC8_1 New Net Name=NetC8_AnalogueOut_x2_1_1
Change Net Name : Old Net Name=NetC8_2 New Net Name=NetC8_AnalogueOut_x2_1_2
Change Net Name : Old Net Name=NetR3_2 New Net Name=NetR3_AnalogueOut_x2_1_2
Change Net Name : Old Net Name=NetR4_1 New Net Name=NetR4_AnalogueOut_x2_1_1
Change Net Name : Old Net Name=NetR14_2 New Net Name=NetR14_AnalogueOut_x2_1_2
Change Net Name : Old Net Name=NetR15_1 New Net Name=NetR15_AnalogueOut_x2_1_1
Added Pin To Net: NetName=1WIRE_BUS Pin=D7-3
Added Pin To Net: NetName=1WIRE_BUS Pin=D8-2
Added Pin To Net: NetName=1WIRE_BUS Pin=F7-1
Added Pin To Net: NetName=1WIRE_BUS Pin=R40-1
Added Pin To Net: NetName=1WIRE_BUS Pin=R41-1
Added Pin To Net: NetName=1WIRE_BUS Pin=R42-1
Added Pin To Net: NetName=1WIRE_BUS Pin=R43-2
Added Pin To Net: NetName=1WIRE_BUS Pin=U7-2
Added Net: Name=1WIRE_BUS
Added Pin To Net: NetName=3V3 Pin=C11-2
Added Pin To Net: NetName=3V3 Pin=C12-2
Added Pin To Net: NetName=3V3 Pin=C14-2
Added Pin To Net: NetName=3V3 Pin=J7-14
Added Pin To Net: NetName=3V3 Pin=J7-15
Added Pin To Net: NetName=3V3 Pin=R39-1
Added Pin To Net: NetName=3V3 Pin=R40-2
Added Pin To Net: NetName=3V3 Pin=R41-2
Added Pin To Net: NetName=3V3 Pin=R42-2
Added Pin To Net: NetName=3V3 Pin=U6-8
Added Pin To Net: NetName=3V3 Pin=U7-1
Added Net: Name=3V3
Added Pin To Net: NetName=AIN_1 Pin=R23-1
Added Pin To Net: NetName=AIN_1 Pin=R26-1
Added Net: Name=AIN_1
Added Pin To Net: NetName=AIN_2 Pin=R27-1
Added Pin To Net: NetName=AIN_2 Pin=R30-1
Added Net: Name=AIN_2
Added Pin To Net: NetName=AIN_3 Pin=R31-1
Added Pin To Net: NetName=AIN_3 Pin=R34-1
Added Net: Name=AIN_3
Added Pin To Net: NetName=AIN_4 Pin=R35-1
Added Pin To Net: NetName=AIN_4 Pin=R38-1
Added Net: Name=AIN_4
Added Pin To Net: NetName=AOUT1_AnalogueOut_x2_2 Pin=D1_AnalogueOut_x2_2-2
Added Pin To Net: NetName=AOUT1_AnalogueOut_x2_2 Pin=F1_AnalogueOut_x2_2-1
Added Pin To Net: NetName=AOUT1_AnalogueOut_x2_2 Pin=R8_AnalogueOut_x2_2-1
Added Pin To Net: NetName=AOUT1_AnalogueOut_x2_2 Pin=R10_AnalogueOut_x2_2-2
Added Net: Name=AOUT1_AnalogueOut_x2_2
Added Pin To Net: NetName=AOUT1_PTC_AnalogueOut_x2_1 Pin=F1_AnalogueOut_x2_1-2
Added Pin To Net: NetName=AOUT1_PTC_AnalogueOut_x2_1 Pin=J3_AnalogueOut_x2_1-1
Added Net: Name=AOUT1_PTC_AnalogueOut_x2_1
Added Pin To Net: NetName=AOUT1_PTC_AnalogueOut_x2_2 Pin=F1_AnalogueOut_x2_2-2
Added Pin To Net: NetName=AOUT1_PTC_AnalogueOut_x2_2 Pin=J3_AnalogueOut_x2_2-1
Added Net: Name=AOUT1_PTC_AnalogueOut_x2_2
Added Pin To Net: NetName=AOUT2_AnalogueOut_x2_1 Pin=D2_AnalogueOut_x2_1-2
Added Pin To Net: NetName=AOUT2_AnalogueOut_x2_1 Pin=F2_AnalogueOut_x2_1-1
Added Pin To Net: NetName=AOUT2_AnalogueOut_x2_1 Pin=R19_AnalogueOut_x2_1-1
Added Pin To Net: NetName=AOUT2_AnalogueOut_x2_1 Pin=R21_AnalogueOut_x2_1-2
Added Net: Name=AOUT2_AnalogueOut_x2_1
Added Pin To Net: NetName=AOUT2_AnalogueOut_x2_2 Pin=D2_AnalogueOut_x2_2-2
Added Pin To Net: NetName=AOUT2_AnalogueOut_x2_2 Pin=F2_AnalogueOut_x2_2-1
Added Pin To Net: NetName=AOUT2_AnalogueOut_x2_2 Pin=R19_AnalogueOut_x2_2-1
Added Pin To Net: NetName=AOUT2_AnalogueOut_x2_2 Pin=R21_AnalogueOut_x2_2-2
Added Net: Name=AOUT2_AnalogueOut_x2_2
Added Pin To Net: NetName=AOUT2_PTC_AnalogueOut_x2_1 Pin=F2_AnalogueOut_x2_1-2
Added Pin To Net: NetName=AOUT2_PTC_AnalogueOut_x2_1 Pin=J3_AnalogueOut_x2_1-3
Added Net: Name=AOUT2_PTC_AnalogueOut_x2_1
Added Pin To Net: NetName=AOUT2_PTC_AnalogueOut_x2_2 Pin=F2_AnalogueOut_x2_2-2
Added Pin To Net: NetName=AOUT2_PTC_AnalogueOut_x2_2 Pin=J3_AnalogueOut_x2_2-3
Added Net: Name=AOUT2_PTC_AnalogueOut_x2_2
Added Pin To Net: NetName=CV_CC_MODE_SEL_1_AnalogueOut_x2_1 Pin=U2_AnalogueOut_x2_1-6
Added Net: Name=CV_CC_MODE_SEL_1_AnalogueOut_x2_1
Added Pin To Net: NetName=CV_CC_MODE_SEL_1_AnalogueOut_x2_2 Pin=U2_AnalogueOut_x2_2-6
Added Net: Name=CV_CC_MODE_SEL_1_AnalogueOut_x2_2
Added Pin To Net: NetName=CV_CC_MODE_SEL_2_AnalogueOut_x2_1 Pin=U3_AnalogueOut_x2_1-6
Added Net: Name=CV_CC_MODE_SEL_2_AnalogueOut_x2_1
Added Pin To Net: NetName=CV_CC_MODE_SEL_2_AnalogueOut_x2_2 Pin=U3_AnalogueOut_x2_2-6
Added Net: Name=CV_CC_MODE_SEL_2_AnalogueOut_x2_2
Added Pin To Net: NetName=DAC_CH1_AnalogueOut_x2_1 Pin=R1_AnalogueOut_x2_1-1
Added Pin To Net: NetName=DAC_CH1_AnalogueOut_x2_1 Pin=U4_AnalogueOut_x2_1-6
Added Net: Name=DAC_CH1_AnalogueOut_x2_1
Added Pin To Net: NetName=DAC_CH1_AnalogueOut_x2_2 Pin=R1_AnalogueOut_x2_2-1
Added Pin To Net: NetName=DAC_CH1_AnalogueOut_x2_2 Pin=U4_AnalogueOut_x2_2-6
Added Net: Name=DAC_CH1_AnalogueOut_x2_2
Added Pin To Net: NetName=DAC_CH2_AnalogueOut_x2_1 Pin=R12_AnalogueOut_x2_1-1
Added Pin To Net: NetName=DAC_CH2_AnalogueOut_x2_1 Pin=U4_AnalogueOut_x2_1-8
Added Net: Name=DAC_CH2_AnalogueOut_x2_1
Added Pin To Net: NetName=DAC_CH2_AnalogueOut_x2_2 Pin=R12_AnalogueOut_x2_2-1
Added Pin To Net: NetName=DAC_CH2_AnalogueOut_x2_2 Pin=U4_AnalogueOut_x2_2-8
Added Net: Name=DAC_CH2_AnalogueOut_x2_2
Added Pin To Net: NetName=DSI.CLK_N Pin=J7-6
Added Net: Name=DSI.CLK_N
Added Pin To Net: NetName=DSI.CLK_P Pin=J7-5
Added Net: Name=DSI.CLK_P
Added Pin To Net: NetName=DSI.D0_N Pin=J7-8
Added Net: Name=DSI.D0_N
Added Pin To Net: NetName=DSI.D0_P Pin=J7-9
Added Net: Name=DSI.D0_P
Added Pin To Net: NetName=DSI.D1_N Pin=J7-2
Added Net: Name=DSI.D1_N
Added Pin To Net: NetName=DSI.D1_P Pin=J7-3
Added Net: Name=DSI.D1_P
Added Pin To Net: NetName=FB_1_AnalogueOut_x2_1 Pin=R2_AnalogueOut_x2_1-1
Added Pin To Net: NetName=FB_1_AnalogueOut_x2_1 Pin=U2_AnalogueOut_x2_1-4
Added Net: Name=FB_1_AnalogueOut_x2_1
Added Pin To Net: NetName=FB_1_AnalogueOut_x2_2 Pin=R2_AnalogueOut_x2_2-1
Added Pin To Net: NetName=FB_1_AnalogueOut_x2_2 Pin=U2_AnalogueOut_x2_2-4
Added Net: Name=FB_1_AnalogueOut_x2_2
Added Pin To Net: NetName=FB_2_AnalogueOut_x2_1 Pin=R13_AnalogueOut_x2_1-1
Added Pin To Net: NetName=FB_2_AnalogueOut_x2_1 Pin=U3_AnalogueOut_x2_1-4
Added Net: Name=FB_2_AnalogueOut_x2_1
Added Pin To Net: NetName=FB_2_AnalogueOut_x2_2 Pin=R13_AnalogueOut_x2_2-1
Added Pin To Net: NetName=FB_2_AnalogueOut_x2_2 Pin=U3_AnalogueOut_x2_2-4
Added Net: Name=FB_2_AnalogueOut_x2_2
Added Pin To Net: NetName=FB_CC_1_AnalogueOut_x2_2 Pin=R7_AnalogueOut_x2_2-1
Added Pin To Net: NetName=FB_CC_1_AnalogueOut_x2_2 Pin=U1_AnalogueOut_x2_2-7
Added Pin To Net: NetName=FB_CC_1_AnalogueOut_x2_2 Pin=U2_AnalogueOut_x2_2-1
Added Net: Name=FB_CC_1_AnalogueOut_x2_2
Added Pin To Net: NetName=FB_CC_2_AnalogueOut_x2_1 Pin=R18_AnalogueOut_x2_1-1
Added Pin To Net: NetName=FB_CC_2_AnalogueOut_x2_1 Pin=U1_AnalogueOut_x2_1-14
Added Pin To Net: NetName=FB_CC_2_AnalogueOut_x2_1 Pin=U3_AnalogueOut_x2_1-1
Added Net: Name=FB_CC_2_AnalogueOut_x2_1
Added Pin To Net: NetName=FB_CC_2_AnalogueOut_x2_2 Pin=R18_AnalogueOut_x2_2-1
Added Pin To Net: NetName=FB_CC_2_AnalogueOut_x2_2 Pin=U1_AnalogueOut_x2_2-14
Added Pin To Net: NetName=FB_CC_2_AnalogueOut_x2_2 Pin=U3_AnalogueOut_x2_2-1
Added Net: Name=FB_CC_2_AnalogueOut_x2_2
Added Pin To Net: NetName=FB_CV_1_AnalogueOut_x2_1 Pin=R9_AnalogueOut_x2_1-1
Added Pin To Net: NetName=FB_CV_1_AnalogueOut_x2_1 Pin=R10_AnalogueOut_x2_1-1
Added Pin To Net: NetName=FB_CV_1_AnalogueOut_x2_1 Pin=U2_AnalogueOut_x2_1-3
Added Net: Name=FB_CV_1_AnalogueOut_x2_1
Added Pin To Net: NetName=FB_CV_1_AnalogueOut_x2_2 Pin=R9_AnalogueOut_x2_2-1
Added Pin To Net: NetName=FB_CV_1_AnalogueOut_x2_2 Pin=R10_AnalogueOut_x2_2-1
Added Pin To Net: NetName=FB_CV_1_AnalogueOut_x2_2 Pin=U2_AnalogueOut_x2_2-3
Added Net: Name=FB_CV_1_AnalogueOut_x2_2
Added Pin To Net: NetName=FB_CV_2_AnalogueOut_x2_2 Pin=R20_AnalogueOut_x2_2-1
Added Pin To Net: NetName=FB_CV_2_AnalogueOut_x2_2 Pin=R21_AnalogueOut_x2_2-1
Added Pin To Net: NetName=FB_CV_2_AnalogueOut_x2_2 Pin=U3_AnalogueOut_x2_2-3
Added Net: Name=FB_CV_2_AnalogueOut_x2_2
Added Pin To Net: NetName=FEEDBACK_1_AnalogueOut_x2_1 Pin=R9_AnalogueOut_x2_1-2
Added Pin To Net: NetName=FEEDBACK_1_AnalogueOut_x2_1 Pin=R11_AnalogueOut_x2_1-2
Added Net: Name=FEEDBACK_1_AnalogueOut_x2_1
Added Pin To Net: NetName=FEEDBACK_1_AnalogueOut_x2_2 Pin=R9_AnalogueOut_x2_2-2
Added Pin To Net: NetName=FEEDBACK_1_AnalogueOut_x2_2 Pin=R11_AnalogueOut_x2_2-2
Added Net: Name=FEEDBACK_1_AnalogueOut_x2_2
Added Pin To Net: NetName=FEEDBACK_2_AnalogueOut_x2_1 Pin=R20_AnalogueOut_x2_1-2
Added Pin To Net: NetName=FEEDBACK_2_AnalogueOut_x2_1 Pin=R22_AnalogueOut_x2_1-2
Added Net: Name=FEEDBACK_2_AnalogueOut_x2_1
Added Pin To Net: NetName=FEEDBACK_2_AnalogueOut_x2_2 Pin=R20_AnalogueOut_x2_2-2
Added Pin To Net: NetName=FEEDBACK_2_AnalogueOut_x2_2 Pin=R22_AnalogueOut_x2_2-2
Added Net: Name=FEEDBACK_2_AnalogueOut_x2_2
Added Net: Name=HDMI.CLK_N
Added Net: Name=HDMI.CLK_P
Added Net: Name=HDMI.D0_N
Added Net: Name=HDMI.D0_P
Added Net: Name=HDMI.D1_N
Added Net: Name=HDMI.D1_P
Added Net: Name=HDMI.D2_N
Added Net: Name=HDMI.D2_P
Added Net: Name=HDMI.HPD
Added Net: Name=HDMI.SCL
Added Net: Name=HDMI.SDA
Added Net: Name=HDMI_CEC
Added Pin To Net: NetName=I2C.SCL Pin=U6-6
Added Net: Name=I2C.SCL
Added Pin To Net: NetName=I2C.SDA Pin=U7-5
Added Net: Name=I2C.SDA
Added Pin To Net: NetName=I2C_DSI.SCL Pin=J7-11
Added Net: Name=I2C_DSI.SCL
Added Pin To Net: NetName=I2C_DSI.SDA Pin=J7-12
Added Net: Name=I2C_DSI.SDA
Added Pin To Net: NetName=I2S.BCK_AnalogueOut_x2_2 Pin=U4_AnalogueOut_x2_2-1
Added Net: Name=I2S.BCK_AnalogueOut_x2_2
Added Pin To Net: NetName=I2S.DIN_AnalogueOut_x2_2 Pin=U4_AnalogueOut_x2_2-3
Added Net: Name=I2S.DIN_AnalogueOut_x2_2
Added Pin To Net: NetName=I2S.WS_AnalogueOut_x2_2 Pin=U4_AnalogueOut_x2_2-2
Added Net: Name=I2S.WS_AnalogueOut_x2_2
Added Pin To Net: NetName=IN_1 Pin=F3-2
Added Pin To Net: NetName=IN_1 Pin=J4-1
Added Pin To Net: NetName=IN_1 Pin=R25-2
Added Net: Name=IN_1
Added Pin To Net: NetName=IN_2 Pin=F4-2
Added Pin To Net: NetName=IN_2 Pin=J4-3
Added Pin To Net: NetName=IN_2 Pin=R29-2
Added Net: Name=IN_2
Added Pin To Net: NetName=IN_3 Pin=F5-2
Added Pin To Net: NetName=IN_3 Pin=J5-1
Added Pin To Net: NetName=IN_3 Pin=R33-2
Added Net: Name=IN_3
Added Pin To Net: NetName=IN_4 Pin=F6-2
Added Pin To Net: NetName=IN_4 Pin=J5-3
Added Pin To Net: NetName=IN_4 Pin=R37-2
Added Net: Name=IN_4
Added Pin To Net: NetName=NetC1_AnalogueOut_x2_2_1 Pin=C1_AnalogueOut_x2_2-1
Added Pin To Net: NetName=NetC1_AnalogueOut_x2_2_1 Pin=R2_AnalogueOut_x2_2-2
Added Pin To Net: NetName=NetC1_AnalogueOut_x2_2_1 Pin=U1_AnalogueOut_x2_2-2
Added Net: Name=NetC1_AnalogueOut_x2_2_1
Added Pin To Net: NetName=NetC1_AnalogueOut_x2_2_2 Pin=C1_AnalogueOut_x2_2-2
Added Pin To Net: NetName=NetC1_AnalogueOut_x2_2_2 Pin=R1_AnalogueOut_x2_2-2
Added Pin To Net: NetName=NetC1_AnalogueOut_x2_2_2 Pin=U1_AnalogueOut_x2_2-3
Added Net: Name=NetC1_AnalogueOut_x2_2_2
Added Pin To Net: NetName=NetC4_AnalogueOut_x2_2_1 Pin=C4_AnalogueOut_x2_2-1
Added Pin To Net: NetName=NetC4_AnalogueOut_x2_2_1 Pin=R5_AnalogueOut_x2_2-1
Added Pin To Net: NetName=NetC4_AnalogueOut_x2_2_1 Pin=R7_AnalogueOut_x2_2-2
Added Pin To Net: NetName=NetC4_AnalogueOut_x2_2_1 Pin=U1_AnalogueOut_x2_2-6
Added Net: Name=NetC4_AnalogueOut_x2_2_1
Added Pin To Net: NetName=NetC4_AnalogueOut_x2_2_2 Pin=C4_AnalogueOut_x2_2-2
Added Pin To Net: NetName=NetC4_AnalogueOut_x2_2_2 Pin=R3_AnalogueOut_x2_2-1
Added Pin To Net: NetName=NetC4_AnalogueOut_x2_2_2 Pin=R6_AnalogueOut_x2_2-2
Added Pin To Net: NetName=NetC4_AnalogueOut_x2_2_2 Pin=U1_AnalogueOut_x2_2-5
Added Net: Name=NetC4_AnalogueOut_x2_2_2
Added Pin To Net: NetName=NetC5_AnalogueOut_x2_2_1 Pin=C5_AnalogueOut_x2_2-1
Added Pin To Net: NetName=NetC5_AnalogueOut_x2_2_1 Pin=R13_AnalogueOut_x2_2-2
Added Pin To Net: NetName=NetC5_AnalogueOut_x2_2_1 Pin=U1_AnalogueOut_x2_2-9
Added Net: Name=NetC5_AnalogueOut_x2_2_1
Added Pin To Net: NetName=NetC5_AnalogueOut_x2_2_2 Pin=C5_AnalogueOut_x2_2-2
Added Pin To Net: NetName=NetC5_AnalogueOut_x2_2_2 Pin=R12_AnalogueOut_x2_2-2
Added Pin To Net: NetName=NetC5_AnalogueOut_x2_2_2 Pin=U1_AnalogueOut_x2_2-10
Added Net: Name=NetC5_AnalogueOut_x2_2_2
Added Pin To Net: NetName=NetC8_AnalogueOut_x2_2_1 Pin=C8_AnalogueOut_x2_2-1
Added Pin To Net: NetName=NetC8_AnalogueOut_x2_2_1 Pin=R16_AnalogueOut_x2_2-1
Added Pin To Net: NetName=NetC8_AnalogueOut_x2_2_1 Pin=R18_AnalogueOut_x2_2-2
Added Pin To Net: NetName=NetC8_AnalogueOut_x2_2_1 Pin=U1_AnalogueOut_x2_2-13
Added Net: Name=NetC8_AnalogueOut_x2_2_1
Added Pin To Net: NetName=NetC8_AnalogueOut_x2_2_2 Pin=C8_AnalogueOut_x2_2-2
Added Pin To Net: NetName=NetC8_AnalogueOut_x2_2_2 Pin=R14_AnalogueOut_x2_2-1
Added Pin To Net: NetName=NetC8_AnalogueOut_x2_2_2 Pin=R17_AnalogueOut_x2_2-2
Added Pin To Net: NetName=NetC8_AnalogueOut_x2_2_2 Pin=U1_AnalogueOut_x2_2-12
Added Net: Name=NetC8_AnalogueOut_x2_2_2
Added Pin To Net: NetName=NetD3_2 Pin=D3-2
Added Pin To Net: NetName=NetD3_2 Pin=F3-1
Added Pin To Net: NetName=NetD3_2 Pin=U5-3
Added Net: Name=NetD3_2
Added Pin To Net: NetName=NetD4_2 Pin=D4-2
Added Pin To Net: NetName=NetD4_2 Pin=F4-1
Added Pin To Net: NetName=NetD4_2 Pin=U5-5
Added Net: Name=NetD4_2
Added Pin To Net: NetName=NetD5_2 Pin=D5-2
Added Pin To Net: NetName=NetD5_2 Pin=F5-1
Added Pin To Net: NetName=NetD5_2 Pin=U5-12
Added Net: Name=NetD5_2
Added Pin To Net: NetName=NetD6_2 Pin=D6-2
Added Pin To Net: NetName=NetD6_2 Pin=F6-1
Added Pin To Net: NetName=NetD6_2 Pin=U5-10
Added Net: Name=NetD6_2
Added Pin To Net: NetName=NetF7_2 Pin=F7-2
Added Pin To Net: NetName=NetF7_2 Pin=J9-2
Added Net: Name=NetF7_2
Added Pin To Net: NetName=NetR3_AnalogueOut_x2_2_2 Pin=R3_AnalogueOut_x2_2-2
Added Pin To Net: NetName=NetR3_AnalogueOut_x2_2_2 Pin=R4_AnalogueOut_x2_2-2
Added Pin To Net: NetName=NetR3_AnalogueOut_x2_2_2 Pin=U1_AnalogueOut_x2_2-1
Added Net: Name=NetR3_AnalogueOut_x2_2_2
Added Pin To Net: NetName=NetR4_AnalogueOut_x2_2_1 Pin=R4_AnalogueOut_x2_2-1
Added Pin To Net: NetName=NetR4_AnalogueOut_x2_2_1 Pin=R5_AnalogueOut_x2_2-2
Added Pin To Net: NetName=NetR4_AnalogueOut_x2_2_1 Pin=R8_AnalogueOut_x2_2-2
Added Net: Name=NetR4_AnalogueOut_x2_2_1
Added Pin To Net: NetName=NetR14_AnalogueOut_x2_2_2 Pin=R14_AnalogueOut_x2_2-2
Added Pin To Net: NetName=NetR14_AnalogueOut_x2_2_2 Pin=R15_AnalogueOut_x2_2-2
Added Pin To Net: NetName=NetR14_AnalogueOut_x2_2_2 Pin=U1_AnalogueOut_x2_2-8
Added Net: Name=NetR14_AnalogueOut_x2_2_2
Added Pin To Net: NetName=NetR15_AnalogueOut_x2_2_1 Pin=R15_AnalogueOut_x2_2-1
Added Pin To Net: NetName=NetR15_AnalogueOut_x2_2_1 Pin=R16_AnalogueOut_x2_2-2
Added Pin To Net: NetName=NetR15_AnalogueOut_x2_2_1 Pin=R19_AnalogueOut_x2_2-2
Added Net: Name=NetR15_AnalogueOut_x2_2_1
Added Pin To Net: NetName=NetR23_2 Pin=R23-2
Added Pin To Net: NetName=NetR23_2 Pin=R24-2
Added Net: Name=NetR23_2
Added Pin To Net: NetName=NetR24_1 Pin=R24-1
Added Pin To Net: NetName=NetR24_1 Pin=U5-1
Added Pin To Net: NetName=NetR24_1 Pin=U5-2
Added Net: Name=NetR24_1
Added Pin To Net: NetName=NetR27_2 Pin=R27-2
Added Pin To Net: NetName=NetR27_2 Pin=R28-2
Added Net: Name=NetR27_2
Added Pin To Net: NetName=NetR28_1 Pin=R28-1
Added Pin To Net: NetName=NetR28_1 Pin=U5-6
Added Pin To Net: NetName=NetR28_1 Pin=U5-7
Added Net: Name=NetR28_1
Added Pin To Net: NetName=NetR31_2 Pin=R31-2
Added Pin To Net: NetName=NetR31_2 Pin=R32-2
Added Net: Name=NetR31_2
Added Pin To Net: NetName=NetR32_1 Pin=R32-1
Added Pin To Net: NetName=NetR32_1 Pin=U5-13
Added Pin To Net: NetName=NetR32_1 Pin=U5-14
Added Net: Name=NetR32_1
Added Pin To Net: NetName=NetR35_2 Pin=R35-2
Added Pin To Net: NetName=NetR35_2 Pin=R36-2
Added Net: Name=NetR35_2
Added Pin To Net: NetName=NetR36_1 Pin=R36-1
Added Pin To Net: NetName=NetR36_1 Pin=U5-8
Added Pin To Net: NetName=NetR36_1 Pin=U5-9
Added Net: Name=NetR36_1
Added Pin To Net: NetName=SQW_OUT Pin=R39-2
Added Pin To Net: NetName=SQW_OUT Pin=U6-7
Added Net: Name=SQW_OUT
Added Pin To Net: NetName=UART.RX Pin=R43-1
Added Net: Name=UART.RX
Added Pin To Net: NetName=UART.TX Pin=D7-1
Added Pin To Net: NetName=UART.TX Pin=D7-2
Added Net: Name=UART.TX
Added Pin To Net: NetName=VCOIN Pin=J6-1
Added Pin To Net: NetName=VCOIN Pin=J6-1
Added Pin To Net: NetName=VCOIN Pin=U6-3
Added Net: Name=VCOIN
Added Pin To Net: NetName=X1 Pin=C9-2
Added Pin To Net: NetName=X1 Pin=U6-1
Added Pin To Net: NetName=X1 Pin=X1-1
Added Net: Name=X1
Added Pin To Net: NetName=X2 Pin=C10-2
Added Pin To Net: NetName=X2 Pin=U6-2
Added Pin To Net: NetName=X2 Pin=X1-2
Added Net: Name=X2
Change Class Name : Old Net Name=AnalogueOut New Net Name=AnalogueOut_x2_1
Added Class: Name=1Wire
Added Class: Name=AnalogueIn_x4
Added Class: Name=AnalogueOut_x2_2
Added Class: Name=Display
Added Class: Name=RTC
Added Class: Name=AIN_[1..4]
Added Class: Name=BrauV2_AnalogueOutput
Added Member To Class: ClassName=AnalogueOut_x2_1 Member=Component J3_AnalogueOut_x2_1 (J3) WJ2EDGRC-5.08-3P
Added Room: Name=1Wire
Added Room: Name=AnalogueIn_x4
Added Room: Name=AnalogueOut_x2_1
Added Room: Name=AnalogueOut_x2_2
Added Room: Name=CM4
Added Room: Name=Display
Added Room: Name=RTC
