Removed Pin From Net: NetName=OSC_IN Pin=C47-2
Removed Pin From Net: NetName=OSC_OUT Pin=C48-2
Removed Pin From Net: NetName=OSC_IN Pin=Y1-1
Removed Pin From Net: NetName=OSC_OUT Pin=Y1-2
Removed Member From Class: ClassName=MCU Member=Y1
Change Component Footprint: Designator=C47 Old Footprint=RESC0603X06N New Footprint=SMD_CAP_0402(1005)_N
Change Component Footprint: Designator=C48 Old Footprint=RESC0603X06N New Footprint=SMD_CAP_0402(1005)_N
Change Component Comment : Designator=C48 Old Comment=C0603C270J5GACTU New Comment=CC0402JRNPO9BN120
Change Component Comment : Designator=C47 Old Comment=C0603C270J5GACTU New Comment=CC0402KRX7R9BB103
Change Managed Component Library Link : Designator=C47 Old VaultGUID=D814680C-BF6A-48BF-A460-F1E8172B4765 New VaultGUID= Old ItemGUID=d802206c-2736-4ca9-9899-8a15c96a4053 New ItemGUID= Old RevisionGUID=1748de82-3d85-4eb7-a894-d591aa68f8e5 New RevisionGUID=
Change Managed Component Library Link : Designator=C48 Old VaultGUID=D814680C-BF6A-48BF-A460-F1E8172B4765 New VaultGUID= Old ItemGUID=d802206c-2736-4ca9-9899-8a15c96a4053 New ItemGUID= Old RevisionGUID=1748de82-3d85-4eb7-a894-d591aa68f8e5 New RevisionGUID=
Change component parameters: Designator = "C48" ("C48"); Footprint = "RESC0603X06N"; UniqueID = "\IVPCRBTN\GHZKXSMH" ("\IVPCRBTN\GHZKXSMH")
Change component parameters (AddParameter): Name = "Capacitance"; Value = "12pF"; VariantName = "[No Variations]"
Change component parameters (AddParameter): Name = "Package"; Value = "0402"; VariantName = "[No Variations]"
Change component parameters (AddParameter): Name = "Tolerance"; Value = "5%"; VariantName = "[No Variations]"
Change component parameters (AddParameter): Name = "Voltage Rating"; Value = "50V"; VariantName = "[No Variations]"
Change component parameters: Designator = "C47" ("C47"); Footprint = "RESC0603X06N"; UniqueID = "\IVPCRBTN\RUTUNJNJ" ("\IVPCRBTN\RUTUNJNJ")
Change component parameters (AddParameter): Name = "Capacitance"; Value = "10nF"; VariantName = "[No Variations]"
Change component parameters (AddParameter): Name = "Package"; Value = "0402"; VariantName = "[No Variations]"
Change component parameters (AddParameter): Name = "Tolerance"; Value = "10%"; VariantName = "[No Variations]"
Change component parameters (AddParameter): Name = "Voltage Rating"; Value = "50V"; VariantName = "[No Variations]"
Added Component: Designator=C49(SMD_CAP_0402(1005)_N)
Add component (AddParameter): Name = "Capacitance"; Value = "12pF"; VariantName = "[No Variations]"
Add component (AddParameter): Name = "Package"; Value = "0402"; VariantName = "[No Variations]"
Add component (AddParameter): Name = "Tolerance"; Value = "5%"; VariantName = "[No Variations]"
Add component (AddParameter): Name = "Voltage Rating"; Value = "50V"; VariantName = "[No Variations]"
Added Component: Designator=C50(SMD_CAP_0402(1005)_N)
Add component (AddParameter): Name = "Capacitance"; Value = "20pF"; VariantName = "[No Variations]"
Add component (AddParameter): Name = "Package"; Value = "0402"; VariantName = "[No Variations]"
Add component (AddParameter): Name = "Tolerance"; Value = "5%"; VariantName = "[No Variations]"
Add component (AddParameter): Name = "Voltage Rating"; Value = "50V"; VariantName = "[No Variations]"
Added Component: Designator=C51(SMD_CAP_0402(1005)_N)
Add component (AddParameter): Name = "Capacitance"; Value = "20pF"; VariantName = "[No Variations]"
Add component (AddParameter): Name = "Package"; Value = "0402"; VariantName = "[No Variations]"
Add component (AddParameter): Name = "Tolerance"; Value = "5%"; VariantName = "[No Variations]"
Add component (AddParameter): Name = "Voltage Rating"; Value = "50V"; VariantName = "[No Variations]"
Added Component: Designator=X2(CRYSTAL_3225)
Added Component: Designator=X3(CRYSTAL_2012)
Added Pin To Net: NetName=3V3 Pin=C47-2
Added Pin To Net: NetName=OSC_IN Pin=C48-2
Added Pin To Net: NetName=GND Pin=C49-1
Added Pin To Net: NetName=OSC_OUT Pin=C49-2
Added Pin To Net: NetName=GND Pin=C50-1
Added Pin To Net: NetName=OSC32_IN Pin=C50-2
Added Pin To Net: NetName=GND Pin=C51-1
Added Pin To Net: NetName=OSC32_OUT Pin=C51-2
Added Pin To Net: NetName=OSC_IN Pin=X2-1
Added Pin To Net: NetName=GND Pin=X2-2
Added Pin To Net: NetName=OSC_OUT Pin=X2-3
Added Pin To Net: NetName=GND Pin=X2-4
Added Pin To Net: NetName=OSC32_IN Pin=X3-1
Added Pin To Net: NetName=OSC32_OUT Pin=X3-2
Change Net Name : Old Net Name=N\R\S\T\ New Net Name=R\E\S\E\T\
Added Member To Class: ClassName=MCU Member=Component C49 CC0402JRNPO9BN120
Added Member To Class: ClassName=MCU Member=Component C50 CC0402JRNPO9BN200
Added Member To Class: ClassName=MCU Member=Component C51 CC0402JRNPO9BN200
Added Member To Class: ClassName=MCU Member=Component X2 7B008000F01
Added Member To Class: ClassName=MCU Member=Component X3 TJXM32768K2TGDCNT2T
