Added Component: Designator=J8(HDMI-001)
Added Pin To Net: NetName=HDMI.D2_P Pin=J8-1
Added Pin To Net: NetName=GND Pin=J8-2
Added Pin To Net: NetName=HDMI.D2_N Pin=J8-3
Added Pin To Net: NetName=HDMI.D1_P Pin=J8-4
Added Pin To Net: NetName=GND Pin=J8-5
Added Pin To Net: NetName=HDMI.D1_N Pin=J8-6
Added Pin To Net: NetName=HDMI.D0_P Pin=J8-7
Added Pin To Net: NetName=GND Pin=J8-8
Added Pin To Net: NetName=HDMI.D0_N Pin=J8-9
Added Pin To Net: NetName=HDMI.CLK_P Pin=J8-10
Added Pin To Net: NetName=GND Pin=J8-11
Added Pin To Net: NetName=HDMI.CLK_N Pin=J8-12
Added Pin To Net: NetName=HDMI_CEC Pin=J8-13
Added Pin To Net: NetName=HDMI.SCL Pin=J8-15
Added Pin To Net: NetName=HDMI.SDA Pin=J8-16
Added Pin To Net: NetName=GND Pin=J8-17
Added Pin To Net: NetName=5V Pin=J8-18
Added Pin To Net: NetName=HDMI.HPD Pin=J8-19
Change Differential Pair Positive Net Name : Old Net Name=DSI0.CLK_P New Net Name=DSI0.CLK_P
Change Differential Pair Positive Net Name : Old Net Name=DSI0.D0_P New Net Name=DSI0.D0_P
Change Differential Pair Positive Net Name : Old Net Name=DSI0.D1_P New Net Name=DSI0.D1_P
Change Differential Pair Positive Net Name : Old Net Name=DSI1.CLK_P New Net Name=DSI1.CLK_P
Change Differential Pair Positive Net Name : Old Net Name=DSI1.D0_P New Net Name=DSI1.D0_P
Change Differential Pair Positive Net Name : Old Net Name=DSI1.D1_P New Net Name=DSI1.D1_P
Change Differential Pair Positive Net Name : Old Net Name=DSI1.D2_P New Net Name=DSI1.D2_P
Change Differential Pair Positive Net Name : Old Net Name=DSI1.D3_P New Net Name=DSI1.D3_P
Change Differential Pair Positive Net Name : Old Net Name=ETH_GB.D0_P New Net Name=ETH_GB.D0_P
Change Differential Pair Positive Net Name : Old Net Name=ETH_GB.D2_P New Net Name=ETH_GB.D2_P
Change Differential Pair Negative Net Name : Old Net Name=DSI0.CLK_N New Net Name=DSI0.CLK_N
Change Differential Pair Negative Net Name : Old Net Name=DSI0.D0_N New Net Name=DSI0.D0_N
Change Differential Pair Negative Net Name : Old Net Name=DSI0.D1_N New Net Name=DSI0.D1_N
Change Differential Pair Negative Net Name : Old Net Name=DSI1.CLK_N New Net Name=DSI1.CLK_N
Change Differential Pair Negative Net Name : Old Net Name=DSI1.D0_N New Net Name=DSI1.D0_N
Change Differential Pair Negative Net Name : Old Net Name=DSI1.D1_N New Net Name=DSI1.D1_N
Change Differential Pair Negative Net Name : Old Net Name=DSI1.D2_N New Net Name=DSI1.D2_N
Change Differential Pair Negative Net Name : Old Net Name=DSI1.D3_N New Net Name=DSI1.D3_N
Change Differential Pair Negative Net Name : Old Net Name=ETH_GB.D0_N New Net Name=ETH_GB.D0_N
Change Differential Pair Negative Net Name : Old Net Name=ETH_GB.D2_N New Net Name=ETH_GB.D2_N
Added Member To Class: ClassName=Display Member=Component J8 HDMI-001
Added Member To Class: ClassName=100R_PAIRS Member=Wire DSI0.CLK_N
Added Member To Class: ClassName=100R_PAIRS Member=Wire DSI0.D0_N
Added Member To Class: ClassName=100R_PAIRS Member=Wire DSI0.D1_N
Added Member To Class: ClassName=100R_PAIRS Member=Wire DSI1.CLK_P
Added Member To Class: ClassName=100R_PAIRS Member=Wire DSI1.D0_P
Added Member To Class: ClassName=100R_PAIRS Member=Wire DSI1.D1_N
Added Member To Class: ClassName=100R_PAIRS Member=Wire DSI1.D2_P
Added Member To Class: ClassName=100R_PAIRS Member=Wire DSI1.D3_P
Added Member To Class: ClassName=100R_PAIRS Member=Wire ETH_GB.D0_N
Added Member To Class: ClassName=100R_PAIRS Member=Wire ETH_GB.D2_P
