Change Component Designator: OldDesignator=C1_AnalogueOut_x2_1 NewDesignator=C1_1
Change Component Designator: OldDesignator=C1_AnalogueOut_x2_2 NewDesignator=C1_2
Change Component Designator: OldDesignator=C2_AnalogueOut_x2_1 NewDesignator=C2_1
Change Component Designator: OldDesignator=C2_AnalogueOut_x2_2 NewDesignator=C2_2
Change Component Designator: OldDesignator=C3_AnalogueOut_x2_1 NewDesignator=C3_1
Change Component Designator: OldDesignator=C3_AnalogueOut_x2_2 NewDesignator=C3_2
Change Component Designator: OldDesignator=C4_AnalogueOut_x2_1 NewDesignator=C4_1
Change Component Designator: OldDesignator=C4_AnalogueOut_x2_2 NewDesignator=C4_2
Change Component Designator: OldDesignator=C5_AnalogueOut_x2_1 NewDesignator=C5_1
Change Component Designator: OldDesignator=C5_AnalogueOut_x2_2 NewDesignator=C5_2
Change Component Designator: OldDesignator=C6_AnalogueOut_x2_1 NewDesignator=C6_1
Change Component Designator: OldDesignator=C6_AnalogueOut_x2_2 NewDesignator=C6_2
Change Component Designator: OldDesignator=C7_AnalogueOut_x2_1 NewDesignator=C7_1
Change Component Designator: OldDesignator=C7_AnalogueOut_x2_2 NewDesignator=C7_2
Change Component Designator: OldDesignator=C8_AnalogueOut_x2_1 NewDesignator=C8_1
Change Component Designator: OldDesignator=C8_AnalogueOut_x2_2 NewDesignator=C8_2
Change Component Designator: OldDesignator=D1_AnalogueOut_x2_1 NewDesignator=D1_1
Change Component Designator: OldDesignator=D1_AnalogueOut_x2_2 NewDesignator=D1_2
Change Component Designator: OldDesignator=D2_AnalogueOut_x2_1 NewDesignator=D2_1
Change Component Designator: OldDesignator=D2_AnalogueOut_x2_2 NewDesignator=D2_2
Change Component Designator: OldDesignator=F1_AnalogueOut_x2_1 NewDesignator=F1_1
Change Component Designator: OldDesignator=F1_AnalogueOut_x2_2 NewDesignator=F1_2
Change Component Designator: OldDesignator=F2_AnalogueOut_x2_1 NewDesignator=F2_1
Change Component Designator: OldDesignator=F2_AnalogueOut_x2_2 NewDesignator=F2_2
Change Component Designator: OldDesignator=J3_AnalogueOut_x2_1 NewDesignator=J3_1
Change Component Designator: OldDesignator=J3_AnalogueOut_x2_2 NewDesignator=J3_2
Change Component Designator: OldDesignator=R1_AnalogueOut_x2_1 NewDesignator=R1_1
Change Component Designator: OldDesignator=R1_AnalogueOut_x2_2 NewDesignator=R1_2
Change Component Designator: OldDesignator=R2_AnalogueOut_x2_1 NewDesignator=R2_1
Change Component Designator: OldDesignator=R2_AnalogueOut_x2_2 NewDesignator=R2_2
Change Component Designator: OldDesignator=R3_AnalogueOut_x2_1 NewDesignator=R3_1
Change Component Designator: OldDesignator=R3_AnalogueOut_x2_2 NewDesignator=R3_2
Change Component Designator: OldDesignator=R4_AnalogueOut_x2_1 NewDesignator=R4_1
Change Component Designator: OldDesignator=R4_AnalogueOut_x2_2 NewDesignator=R4_2
Change Component Designator: OldDesignator=R5_AnalogueOut_x2_1 NewDesignator=R5_1
Change Component Designator: OldDesignator=R5_AnalogueOut_x2_2 NewDesignator=R5_2
Change Component Designator: OldDesignator=R6_AnalogueOut_x2_1 NewDesignator=R6_1
Change Component Designator: OldDesignator=R6_AnalogueOut_x2_2 NewDesignator=R6_2
Change Component Designator: OldDesignator=R7_AnalogueOut_x2_1 NewDesignator=R7_1
Change Component Designator: OldDesignator=R7_AnalogueOut_x2_2 NewDesignator=R7_2
Change Component Designator: OldDesignator=R8_AnalogueOut_x2_1 NewDesignator=R8_1
Change Component Designator: OldDesignator=R8_AnalogueOut_x2_2 NewDesignator=R8_2
Change Component Designator: OldDesignator=R9_AnalogueOut_x2_1 NewDesignator=R9_1
Change Component Designator: OldDesignator=R9_AnalogueOut_x2_2 NewDesignator=R9_2
Change Component Designator: OldDesignator=R10_AnalogueOut_x2_1 NewDesignator=R10_1
Change Component Designator: OldDesignator=R10_AnalogueOut_x2_2 NewDesignator=R10_2
Change Component Designator: OldDesignator=R11_AnalogueOut_x2_1 NewDesignator=R11_1
Change Component Designator: OldDesignator=R11_AnalogueOut_x2_2 NewDesignator=R11_2
Change Component Designator: OldDesignator=R12_AnalogueOut_x2_1 NewDesignator=R12_1
Change Component Designator: OldDesignator=R12_AnalogueOut_x2_2 NewDesignator=R12_2
Change Component Designator: OldDesignator=R13_AnalogueOut_x2_1 NewDesignator=R13_1
Change Component Designator: OldDesignator=R13_AnalogueOut_x2_2 NewDesignator=R13_2
Change Component Designator: OldDesignator=R14_AnalogueOut_x2_1 NewDesignator=R14_1
Change Component Designator: OldDesignator=R14_AnalogueOut_x2_2 NewDesignator=R14_2
Change Component Designator: OldDesignator=R15_AnalogueOut_x2_1 NewDesignator=R15_1
Change Component Designator: OldDesignator=R15_AnalogueOut_x2_2 NewDesignator=R15_2
Change Component Designator: OldDesignator=R16_AnalogueOut_x2_1 NewDesignator=R16_1
Change Component Designator: OldDesignator=R16_AnalogueOut_x2_2 NewDesignator=R16_2
Change Component Designator: OldDesignator=R17_AnalogueOut_x2_1 NewDesignator=R17_1
Change Component Designator: OldDesignator=R17_AnalogueOut_x2_2 NewDesignator=R17_2
Change Component Designator: OldDesignator=R18_AnalogueOut_x2_1 NewDesignator=R18_1
Change Component Designator: OldDesignator=R18_AnalogueOut_x2_2 NewDesignator=R18_2
Change Component Designator: OldDesignator=R19_AnalogueOut_x2_1 NewDesignator=R19_1
Change Component Designator: OldDesignator=R19_AnalogueOut_x2_2 NewDesignator=R19_2
Change Component Designator: OldDesignator=R20_AnalogueOut_x2_1 NewDesignator=R20_1
Change Component Designator: OldDesignator=R20_AnalogueOut_x2_2 NewDesignator=R20_2
Change Component Designator: OldDesignator=R21_AnalogueOut_x2_1 NewDesignator=R21_1
Change Component Designator: OldDesignator=R21_AnalogueOut_x2_2 NewDesignator=R21_2
Change Component Designator: OldDesignator=R22_AnalogueOut_x2_1 NewDesignator=R22_1
Change Component Designator: OldDesignator=R22_AnalogueOut_x2_2 NewDesignator=R22_2
Change Component Designator: OldDesignator=U1_AnalogueOut_x2_1 NewDesignator=U1_1
Change Component Designator: OldDesignator=U1_AnalogueOut_x2_2 NewDesignator=U1_2
Change Component Designator: OldDesignator=U2_AnalogueOut_x2_1 NewDesignator=U2_1
Change Component Designator: OldDesignator=U2_AnalogueOut_x2_2 NewDesignator=U2_2
Change Component Designator: OldDesignator=U3_AnalogueOut_x2_1 NewDesignator=U3_1
Change Component Designator: OldDesignator=U3_AnalogueOut_x2_2 NewDesignator=U3_2
Change Component Designator: OldDesignator=U4_AnalogueOut_x2_1 NewDesignator=U4_1
Change Component Designator: OldDesignator=U4_AnalogueOut_x2_2 NewDesignator=U4_2
Change Net Name : Old Net Name=AOUT1_AnalogueOut_x2_1 New Net Name=AOUT1_1
Change Net Name : Old Net Name=AOUT1_AnalogueOut_x2_2 New Net Name=AOUT1_2
Change Net Name : Old Net Name=AOUT1_PTC_AnalogueOut_x2_1 New Net Name=AOUT1_PTC_1
Change Net Name : Old Net Name=AOUT1_PTC_AnalogueOut_x2_2 New Net Name=AOUT1_PTC_2
Change Net Name : Old Net Name=AOUT2_AnalogueOut_x2_1 New Net Name=AOUT2_1
Change Net Name : Old Net Name=AOUT2_AnalogueOut_x2_2 New Net Name=AOUT2_2
Change Net Name : Old Net Name=AOUT2_PTC_AnalogueOut_x2_1 New Net Name=AOUT2_PTC_1
Change Net Name : Old Net Name=AOUT2_PTC_AnalogueOut_x2_2 New Net Name=AOUT2_PTC_2
Change Net Name : Old Net Name=CV_CC_MODE_SEL_1_AnalogueOut_x2_1 New Net Name=CV_CC_MODE_SEL_1_1
Change Net Name : Old Net Name=CV_CC_MODE_SEL_1_AnalogueOut_x2_2 New Net Name=CV_CC_MODE_SEL_1_2
Change Net Name : Old Net Name=CV_CC_MODE_SEL_2_AnalogueOut_x2_1 New Net Name=CV_CC_MODE_SEL_2_1
Change Net Name : Old Net Name=CV_CC_MODE_SEL_2_AnalogueOut_x2_2 New Net Name=CV_CC_MODE_SEL_2_2
Change Net Name : Old Net Name=DAC_CH1_AnalogueOut_x2_1 New Net Name=DAC_CH1_1
Change Net Name : Old Net Name=DAC_CH1_AnalogueOut_x2_2 New Net Name=DAC_CH1_2
Change Net Name : Old Net Name=DAC_CH2_AnalogueOut_x2_1 New Net Name=DAC_CH2_1
Change Net Name : Old Net Name=DAC_CH2_AnalogueOut_x2_2 New Net Name=DAC_CH2_2
Change Net Name : Old Net Name=FB_1_AnalogueOut_x2_1 New Net Name=FB_1_1
Change Net Name : Old Net Name=FB_1_AnalogueOut_x2_2 New Net Name=FB_1_2
Change Net Name : Old Net Name=FB_2_AnalogueOut_x2_1 New Net Name=FB_2_1
Change Net Name : Old Net Name=FB_2_AnalogueOut_x2_2 New Net Name=FB_2_2
Change Net Name : Old Net Name=FB_CC_1_AnalogueOut_x2_1 New Net Name=FB_CC_1_1
Change Net Name : Old Net Name=FB_CC_1_AnalogueOut_x2_2 New Net Name=FB_CC_1_2
Change Net Name : Old Net Name=FB_CC_2_AnalogueOut_x2_1 New Net Name=FB_CC_2_1
Change Net Name : Old Net Name=FB_CC_2_AnalogueOut_x2_2 New Net Name=FB_CC_2_2
Change Net Name : Old Net Name=FB_CV_1_AnalogueOut_x2_1 New Net Name=FB_CV_1_1
Change Net Name : Old Net Name=FB_CV_1_AnalogueOut_x2_2 New Net Name=FB_CV_1_2
Change Net Name : Old Net Name=FB_CV_2_AnalogueOut_x2_1 New Net Name=FB_CV_2_1
Change Net Name : Old Net Name=FB_CV_2_AnalogueOut_x2_2 New Net Name=FB_CV_2_2
Change Net Name : Old Net Name=FEEDBACK_1_AnalogueOut_x2_1 New Net Name=FEEDBACK_1_1
Change Net Name : Old Net Name=FEEDBACK_1_AnalogueOut_x2_2 New Net Name=FEEDBACK_1_2
Change Net Name : Old Net Name=FEEDBACK_2_AnalogueOut_x2_1 New Net Name=FEEDBACK_2_1
Change Net Name : Old Net Name=FEEDBACK_2_AnalogueOut_x2_2 New Net Name=FEEDBACK_2_2
Change Net Name : Old Net Name=I2S.BCK_AnalogueOut_x2_1 New Net Name=I2S.BCK_1
Change Net Name : Old Net Name=I2S.BCK_AnalogueOut_x2_2 New Net Name=I2S.BCK_2
Change Net Name : Old Net Name=I2S.DIN_AnalogueOut_x2_1 New Net Name=I2S.DIN_1
Change Net Name : Old Net Name=I2S.DIN_AnalogueOut_x2_2 New Net Name=I2S.DIN_2
Change Net Name : Old Net Name=I2S.WS_AnalogueOut_x2_1 New Net Name=I2S.WS_1
Change Net Name : Old Net Name=I2S.WS_AnalogueOut_x2_2 New Net Name=I2S.WS_2
Change Net Name : Old Net Name=NetC1_AnalogueOut_x2_1_1 New Net Name=NetC1_1_1
Change Net Name : Old Net Name=NetC1_AnalogueOut_x2_1_2 New Net Name=NetC1_1_2
Change Net Name : Old Net Name=NetC1_AnalogueOut_x2_2_1 New Net Name=NetC1_2_1
Change Net Name : Old Net Name=NetC1_AnalogueOut_x2_2_2 New Net Name=NetC1_2_2
Change Net Name : Old Net Name=NetC4_AnalogueOut_x2_1_1 New Net Name=NetC4_1_1
Change Net Name : Old Net Name=NetC4_AnalogueOut_x2_1_2 New Net Name=NetC4_1_2
Change Net Name : Old Net Name=NetC4_AnalogueOut_x2_2_1 New Net Name=NetC4_2_1
Change Net Name : Old Net Name=NetC4_AnalogueOut_x2_2_2 New Net Name=NetC4_2_2
Change Net Name : Old Net Name=NetC5_AnalogueOut_x2_1_1 New Net Name=NetC5_1_1
Change Net Name : Old Net Name=NetC5_AnalogueOut_x2_1_2 New Net Name=NetC5_1_2
Change Net Name : Old Net Name=NetC5_AnalogueOut_x2_2_1 New Net Name=NetC5_2_1
Change Net Name : Old Net Name=NetC5_AnalogueOut_x2_2_2 New Net Name=NetC5_2_2
Change Net Name : Old Net Name=NetC8_AnalogueOut_x2_1_1 New Net Name=NetC8_1_1
Change Net Name : Old Net Name=NetC8_AnalogueOut_x2_1_2 New Net Name=NetC8_1_2
Change Net Name : Old Net Name=NetC8_AnalogueOut_x2_2_1 New Net Name=NetC8_2_1
Change Net Name : Old Net Name=NetC8_AnalogueOut_x2_2_2 New Net Name=NetC8_2_2
Change Net Name : Old Net Name=NetR3_AnalogueOut_x2_1_2 New Net Name=NetR3_1_2
Change Net Name : Old Net Name=NetR3_AnalogueOut_x2_2_2 New Net Name=NetR3_2_2
Change Net Name : Old Net Name=NetR4_AnalogueOut_x2_1_1 New Net Name=NetR4_1_1
Change Net Name : Old Net Name=NetR4_AnalogueOut_x2_2_1 New Net Name=NetR4_2_1
Change Net Name : Old Net Name=NetR14_AnalogueOut_x2_1_2 New Net Name=NetR14_1_2
Change Net Name : Old Net Name=NetR14_AnalogueOut_x2_2_2 New Net Name=NetR14_2_2
Change Net Name : Old Net Name=NetR15_AnalogueOut_x2_1_1 New Net Name=NetR15_1_1
Change Net Name : Old Net Name=NetR15_AnalogueOut_x2_2_1 New Net Name=NetR15_2_1
Added Room: Name=AnalogueOut_x2_1
