Removed Pin From Net: NetName=GPIO27 Pin=R70-2
Removed Pin From Net: NetName=GND Pin=R79-1
Removed Pin From Net: NetName=BOOT0 Pin=R79-2
Removed Pin From Net: NetName=GPIO2 Pin=U11-17
Removed Pin From Net: NetName=GPIO5 Pin=U11-20
Removed Pin From Net: NetName=PWM9 Pin=U11-22
Removed Pin From Net: NetName=GPIO4 Pin=U11-25
Removed Pin From Net: NetName=GPIO3 Pin=U11-29
Removed Pin From Net: NetName=PWM7 Pin=U11-42
Removed Pin From Net: NetName=PWM8 Pin=U11-43
Removed Member From Class: ClassName=MCU Member=C50
Removed Member From Class: ClassName=MCU Member=C51
Removed Member From Class: ClassName=MCU Member=R79
Removed Member From Class: ClassName=MCU Member=X3
Removed Member From Class: ClassName=100R_PAIRS Member=DSI1.CLK_N
Removed Member From Class: ClassName=100R_PAIRS Member=DSI1.CLK_P
Removed Member From Class: ClassName=100R_PAIRS Member=DSI1.D0_N
Removed Member From Class: ClassName=100R_PAIRS Member=DSI1.D0_P
Removed Member From Class: ClassName=100R_PAIRS Member=DSI1.D1_N
Removed Member From Class: ClassName=100R_PAIRS Member=DSI1.D1_P
Removed Member From Class: ClassName=100R_PAIRS Member=DSI1.D2_N
Removed Member From Class: ClassName=100R_PAIRS Member=DSI1.D2_P
Removed Member From Class: ClassName=100R_PAIRS Member=DSI1.D3_N
Removed Member From Class: ClassName=100R_PAIRS Member=DSI1.D3_P
Removed Member From Class: ClassName=100R_PAIRS Member=HDMI1.CLK_N
Removed Member From Class: ClassName=100R_PAIRS Member=HDMI1.CLK_P
Removed Member From Class: ClassName=100R_PAIRS Member=HDMI1.D0_N
Removed Member From Class: ClassName=100R_PAIRS Member=HDMI1.D0_P
Removed Member From Class: ClassName=100R_PAIRS Member=HDMI1.D1_N
Removed Member From Class: ClassName=100R_PAIRS Member=HDMI1.D1_P
Removed Member From Class: ClassName=100R_PAIRS Member=HDMI1.D2_N
Removed Member From Class: ClassName=100R_PAIRS Member=HDMI1.D2_P
Removed Member From Class: ClassName=90R_PAIRS Member=USB_D_N
Removed Member From Class: ClassName=90R_PAIRS Member=USB_D_P
Change Component Comment : Designator=C50 Old Comment=CC0402JRNPO9BN200 New Comment=CC0402KRX5R6BB104
Change Component Comment : Designator=C51 Old Comment=CC0402JRNPO9BN200 New Comment=CC0402KRX5R6BB104
Change component parameters: Designator = "C50" ("C50"); Footprint = "SMD_CAP_0402(1005)_N"; UniqueID = "\VVHJDTBM\IXLQFGZY" ("\VVHJDTBM\IXLQFGZY")
Change component parameters (AddParameter): Name = "Capacitance"; Value = "100nF"; VariantName = "[No Variations]"
Change component parameters (AddParameter): Name = "Package"; Value = "0402"; VariantName = "[No Variations]"
Change component parameters (AddParameter): Name = "Tolerance"; Value = "10%"; VariantName = "[No Variations]"
Change component parameters (AddParameter): Name = "Voltage Rating"; Value = "10V"; VariantName = "[No Variations]"
Change component parameters: Designator = "C51" ("C51"); Footprint = "SMD_CAP_0402(1005)_N"; UniqueID = "\VVHJDTBM\XKWSHRNX" ("\VVHJDTBM\XKWSHRNX")
Change component parameters (AddParameter): Name = "Capacitance"; Value = "100nF"; VariantName = "[No Variations]"
Change component parameters (AddParameter): Name = "Package"; Value = "0402"; VariantName = "[No Variations]"
Change component parameters (AddParameter): Name = "Tolerance"; Value = "10%"; VariantName = "[No Variations]"
Change component parameters (AddParameter): Name = "Voltage Rating"; Value = "10V"; VariantName = "[No Variations]"
Added Component: Designator=BZR1(SFN-1407PA7.6)
Added Component: Designator=C52_1(SMD_CAP_0402(1005)_N)
Add component (AddParameter): Name = "Capacitance"; Value = "100nF"; VariantName = "[No Variations]"
Add component (AddParameter): Name = "Package"; Value = "0402"; VariantName = "[No Variations]"
Add component (AddParameter): Name = "Tolerance"; Value = "10%"; VariantName = "[No Variations]"
Add component (AddParameter): Name = "Voltage Rating"; Value = "10V"; VariantName = "[No Variations]"
Added Component: Designator=C52_2(SMD_CAP_0402(1005)_N)
Add component (AddParameter): Name = "Capacitance"; Value = "100nF"; VariantName = "[No Variations]"
Add component (AddParameter): Name = "Package"; Value = "0402"; VariantName = "[No Variations]"
Add component (AddParameter): Name = "Tolerance"; Value = "10%"; VariantName = "[No Variations]"
Add component (AddParameter): Name = "Voltage Rating"; Value = "10V"; VariantName = "[No Variations]"
Added Component: Designator=C53_1(SMD_CAP_0603(0201)_N)
Add component (AddParameter): Name = "Capacitance"; Value = "4.7uF"; VariantName = "[No Variations]"
Add component (AddParameter): Name = "Package"; Value = "0603"; VariantName = "[No Variations]"
Add component (AddParameter): Name = "Tolerance"; Value = "10%"; VariantName = "[No Variations]"
Add component (AddParameter): Name = "Voltage Rating"; Value = "10V"; VariantName = "[No Variations]"
Added Component: Designator=C53_2(SMD_CAP_0603(0201)_N)
Add component (AddParameter): Name = "Capacitance"; Value = "4.7uF"; VariantName = "[No Variations]"
Add component (AddParameter): Name = "Package"; Value = "0603"; VariantName = "[No Variations]"
Add component (AddParameter): Name = "Tolerance"; Value = "10%"; VariantName = "[No Variations]"
Add component (AddParameter): Name = "Voltage Rating"; Value = "10V"; VariantName = "[No Variations]"
Added Component: Designator=C54_1(SMD_CAP_0603(0201)_N)
Add component (AddParameter): Name = "Capacitance"; Value = "1uF"; VariantName = "[No Variations]"
Add component (AddParameter): Name = "Package"; Value = "0603"; VariantName = "[No Variations]"
Add component (AddParameter): Name = "Tolerance"; Value = "10%"; VariantName = "[No Variations]"
Add component (AddParameter): Name = "Voltage Rating"; Value = "50V"; VariantName = "[No Variations]"
Added Component: Designator=C54_2(SMD_CAP_0603(0201)_N)
Add component (AddParameter): Name = "Capacitance"; Value = "1uF"; VariantName = "[No Variations]"
Add component (AddParameter): Name = "Package"; Value = "0603"; VariantName = "[No Variations]"
Add component (AddParameter): Name = "Tolerance"; Value = "10%"; VariantName = "[No Variations]"
Add component (AddParameter): Name = "Voltage Rating"; Value = "50V"; VariantName = "[No Variations]"
Added Component: Designator=C55_1(SMD_CAP_0402(1005)_N)
Add component (AddParameter): Name = "Capacitance"; Value = "100nF"; VariantName = "[No Variations]"
Add component (AddParameter): Name = "Package"; Value = "0402"; VariantName = "[No Variations]"
Add component (AddParameter): Name = "Tolerance"; Value = "10%"; VariantName = "[No Variations]"
Add component (AddParameter): Name = "Voltage Rating"; Value = "10V"; VariantName = "[No Variations]"
Added Component: Designator=C55_2(SMD_CAP_0402(1005)_N)
Add component (AddParameter): Name = "Capacitance"; Value = "100nF"; VariantName = "[No Variations]"
Add component (AddParameter): Name = "Package"; Value = "0402"; VariantName = "[No Variations]"
Add component (AddParameter): Name = "Tolerance"; Value = "10%"; VariantName = "[No Variations]"
Add component (AddParameter): Name = "Voltage Rating"; Value = "10V"; VariantName = "[No Variations]"
Added Component: Designator=C56(SMD_CAP_0402(1005)_N)
Add component (AddParameter): Name = "Capacitance"; Value = "100nF"; VariantName = "[No Variations]"
Add component (AddParameter): Name = "Package"; Value = "0402"; VariantName = "[No Variations]"
Add component (AddParameter): Name = "Tolerance"; Value = "10%"; VariantName = "[No Variations]"
Add component (AddParameter): Name = "Voltage Rating"; Value = "10V"; VariantName = "[No Variations]"
Added Component: Designator=C57(SMD_CAP_0402(1005)_N)
Add component (AddParameter): Name = "Capacitance"; Value = "100nF"; VariantName = "[No Variations]"
Add component (AddParameter): Name = "Package"; Value = "0402"; VariantName = "[No Variations]"
Add component (AddParameter): Name = "Tolerance"; Value = "10%"; VariantName = "[No Variations]"
Add component (AddParameter): Name = "Voltage Rating"; Value = "10V"; VariantName = "[No Variations]"
Added Component: Designator=C58(SMD_CAP_0603(0201)_N)
Add component (AddParameter): Name = "Capacitance"; Value = "1uF"; VariantName = "[No Variations]"
Add component (AddParameter): Name = "Package"; Value = "0603"; VariantName = "[No Variations]"
Add component (AddParameter): Name = "Tolerance"; Value = "10%"; VariantName = "[No Variations]"
Add component (AddParameter): Name = "Voltage Rating"; Value = "50V"; VariantName = "[No Variations]"
Added Component: Designator=C59(SMD_CAP_0402(1005)_N)
Add component (AddParameter): Name = "Capacitance"; Value = "100nF"; VariantName = "[No Variations]"
Add component (AddParameter): Name = "Package"; Value = "0402"; VariantName = "[No Variations]"
Add component (AddParameter): Name = "Tolerance"; Value = "10%"; VariantName = "[No Variations]"
Add component (AddParameter): Name = "Voltage Rating"; Value = "10V"; VariantName = "[No Variations]"
Added Component: Designator=D24(SOT23-3)
Added Component: Designator=D25(SOT23-3)
Added Component: Designator=D26_1(SOD-123FL)
Added Component: Designator=D26_2(SOD-123FL)
Added Component: Designator=D27_1(SOD-123FL)
Added Component: Designator=D27_2(SOD-123FL)
Added Component: Designator=J11(Header_3POS)
Added Component: Designator=J22(796638-2)
Added Component: Designator=J23(796638-2)
Added Component: Designator=J24(796638-3)
Added Component: Designator=J30(796638-2)
Added Component: Designator=J31(796638-2)
Added Component: Designator=J32(Header_3POS)
Added Component: Designator=J33_1(920-462A2021S10100)
Added Component: Designator=J33_2(920-462A2021S10100)
Added Component: Designator=J34_1(XKTF-N02-N)
Added Component: Designator=J34_2(XKTF-N02-N)
Added Component: Designator=J35(796638-3)
Added Component: Designator=J36(796638-3)
Added Component: Designator=J37(796638-2)
Added Component: Designator=J38(796638-2)
Added Component: Designator=J39(796638-3)
Added Component: Designator=J40(796638-3)
Added Component: Designator=Q8(SOT23-3)
Added Component: Designator=Q9(SOT23-3)
Added Component: Designator=R89(SMD_RES_0402(1005)_N)
Add component (AddParameter): Name = "Package"; Value = "0402"; VariantName = "[No Variations]"
Add component (AddParameter): Name = "Power Rating"; Value = "1/16W"; VariantName = "[No Variations]"
Add component (AddParameter): Name = "Resistance"; Value = "10K"; VariantName = "[No Variations]"
Add component (AddParameter): Name = "Tolerance"; Value = "1%"; VariantName = "[No Variations]"
Added Component: Designator=R90(SMD_RES_0402(1005)_N)
Add component (AddParameter): Name = "Package"; Value = "0402"; VariantName = "[No Variations]"
Add component (AddParameter): Name = "Power Rating"; Value = "1/16W"; VariantName = "[No Variations]"
Add component (AddParameter): Name = "Resistance"; Value = "0R"; VariantName = "[No Variations]"
Add component (AddParameter): Name = "Tolerance"; Value = "1%"; VariantName = "[No Variations]"
Added Component: Designator=R91(SMD_RES_0402(1005)_N)
Add component (AddParameter): Name = "Package"; Value = "0402"; VariantName = "[No Variations]"
Add component (AddParameter): Name = "Power Rating"; Value = "1/16W"; VariantName = "[No Variations]"
Add component (AddParameter): Name = "Resistance"; Value = "0R"; VariantName = "[No Variations]"
Add component (AddParameter): Name = "Tolerance"; Value = "1%"; VariantName = "[No Variations]"
Added Component: Designator=R92(SMD_RES_0402(1005)_N)
Add component (AddParameter): Name = "Package"; Value = "0402"; VariantName = "[No Variations]"
Add component (AddParameter): Name = "Power Rating"; Value = "1/16W"; VariantName = "[No Variations]"
Add component (AddParameter): Name = "Resistance"; Value = "10K"; VariantName = "[No Variations]"
Add component (AddParameter): Name = "Tolerance"; Value = "1%"; VariantName = "[No Variations]"
Added Component: Designator=R93(SMD_RES_0402(1005)_N)
Add component (AddParameter): Name = "Package"; Value = "0402"; VariantName = "[No Variations]"
Add component (AddParameter): Name = "Power Rating"; Value = "1/16W"; VariantName = "[No Variations]"
Add component (AddParameter): Name = "Resistance"; Value = "10K"; VariantName = "[No Variations]"
Add component (AddParameter): Name = "Tolerance"; Value = "1%"; VariantName = "[No Variations]"
Added Component: Designator=R94_1(SMD_RES_0402(1005)_N)
Add component (AddParameter): Name = "Package"; Value = "0402"; VariantName = "[No Variations]"
Add component (AddParameter): Name = "Power Rating"; Value = "1/16W"; VariantName = "[No Variations]"
Add component (AddParameter): Name = "Resistance"; Value = "10K"; VariantName = "[No Variations]"
Add component (AddParameter): Name = "Tolerance"; Value = "1%"; VariantName = "[No Variations]"
Added Component: Designator=R94_2(SMD_RES_0402(1005)_N)
Add component (AddParameter): Name = "Package"; Value = "0402"; VariantName = "[No Variations]"
Add component (AddParameter): Name = "Power Rating"; Value = "1/16W"; VariantName = "[No Variations]"
Add component (AddParameter): Name = "Resistance"; Value = "10K"; VariantName = "[No Variations]"
Add component (AddParameter): Name = "Tolerance"; Value = "1%"; VariantName = "[No Variations]"
Added Component: Designator=R95_1(SMD_RES_0402(1005)_N)
Add component (AddParameter): Name = "Package"; Value = "0402"; VariantName = "[No Variations]"
Add component (AddParameter): Name = "Power Rating"; Value = "1/16W"; VariantName = "[No Variations]"
Add component (AddParameter): Name = "Resistance"; Value = "10K"; VariantName = "[No Variations]"
Add component (AddParameter): Name = "Tolerance"; Value = "1%"; VariantName = "[No Variations]"
Added Component: Designator=R95_2(SMD_RES_0402(1005)_N)
Add component (AddParameter): Name = "Package"; Value = "0402"; VariantName = "[No Variations]"
Add component (AddParameter): Name = "Power Rating"; Value = "1/16W"; VariantName = "[No Variations]"
Add component (AddParameter): Name = "Resistance"; Value = "10K"; VariantName = "[No Variations]"
Add component (AddParameter): Name = "Tolerance"; Value = "1%"; VariantName = "[No Variations]"
Added Component: Designator=R96_1(SMD_RES_0402(1005)_N)
Add component (AddParameter): Name = "Package"; Value = "0402"; VariantName = "[No Variations]"
Add component (AddParameter): Name = "Power Rating"; Value = "1/16W"; VariantName = "[No Variations]"
Add component (AddParameter): Name = "Resistance"; Value = "10K"; VariantName = "[No Variations]"
Add component (AddParameter): Name = "Tolerance"; Value = "1%"; VariantName = "[No Variations]"
Added Component: Designator=R96_2(SMD_RES_0402(1005)_N)
Add component (AddParameter): Name = "Package"; Value = "0402"; VariantName = "[No Variations]"
Add component (AddParameter): Name = "Power Rating"; Value = "1/16W"; VariantName = "[No Variations]"
Add component (AddParameter): Name = "Resistance"; Value = "10K"; VariantName = "[No Variations]"
Add component (AddParameter): Name = "Tolerance"; Value = "1%"; VariantName = "[No Variations]"
Added Component: Designator=R97_1(SMD_RES_0402(1005)_N)
Add component (AddParameter): Name = "Package"; Value = "0402"; VariantName = "[No Variations]"
Add component (AddParameter): Name = "Power Rating"; Value = "1/16W"; VariantName = "[No Variations]"
Add component (AddParameter): Name = "Resistance"; Value = "10K"; VariantName = "[No Variations]"
Add component (AddParameter): Name = "Tolerance"; Value = "1%"; VariantName = "[No Variations]"
Added Component: Designator=R97_2(SMD_RES_0402(1005)_N)
Add component (AddParameter): Name = "Package"; Value = "0402"; VariantName = "[No Variations]"
Add component (AddParameter): Name = "Power Rating"; Value = "1/16W"; VariantName = "[No Variations]"
Add component (AddParameter): Name = "Resistance"; Value = "10K"; VariantName = "[No Variations]"
Add component (AddParameter): Name = "Tolerance"; Value = "1%"; VariantName = "[No Variations]"
Added Component: Designator=R98_1(SMD_RES_0402(1005)_N)
Add component (AddParameter): Name = "Package"; Value = "0402"; VariantName = "[No Variations]"
Add component (AddParameter): Name = "Power Rating"; Value = "1/16W"; VariantName = "[No Variations]"
Add component (AddParameter): Name = "Resistance"; Value = "10K"; VariantName = "[No Variations]"
Add component (AddParameter): Name = "Tolerance"; Value = "1%"; VariantName = "[No Variations]"
Added Component: Designator=R98_2(SMD_RES_0402(1005)_N)
Add component (AddParameter): Name = "Package"; Value = "0402"; VariantName = "[No Variations]"
Add component (AddParameter): Name = "Power Rating"; Value = "1/16W"; VariantName = "[No Variations]"
Add component (AddParameter): Name = "Resistance"; Value = "10K"; VariantName = "[No Variations]"
Add component (AddParameter): Name = "Tolerance"; Value = "1%"; VariantName = "[No Variations]"
Added Component: Designator=R99_1(SMD_RES_0402(1005)_N)
Add component (AddParameter): Name = "Package"; Value = "0402"; VariantName = "[No Variations]"
Add component (AddParameter): Name = "Power Rating"; Value = "1/16W"; VariantName = "[No Variations]"
Add component (AddParameter): Name = "Resistance"; Value = "10K"; VariantName = "[No Variations]"
Add component (AddParameter): Name = "Tolerance"; Value = "1%"; VariantName = "[No Variations]"
Added Component: Designator=R99_2(SMD_RES_0402(1005)_N)
Add component (AddParameter): Name = "Package"; Value = "0402"; VariantName = "[No Variations]"
Add component (AddParameter): Name = "Power Rating"; Value = "1/16W"; VariantName = "[No Variations]"
Add component (AddParameter): Name = "Resistance"; Value = "10K"; VariantName = "[No Variations]"
Add component (AddParameter): Name = "Tolerance"; Value = "1%"; VariantName = "[No Variations]"
Added Component: Designator=R100_1(SMD_RES_0402(1005)_N)
Add component (AddParameter): Name = "Package"; Value = "0402"; VariantName = "[No Variations]"
Add component (AddParameter): Name = "Power Rating"; Value = "1/16W"; VariantName = "[No Variations]"
Add component (AddParameter): Name = "Resistance"; Value = "10K"; VariantName = "[No Variations]"
Add component (AddParameter): Name = "Tolerance"; Value = "1%"; VariantName = "[No Variations]"
Added Component: Designator=R100_2(SMD_RES_0402(1005)_N)
Add component (AddParameter): Name = "Package"; Value = "0402"; VariantName = "[No Variations]"
Add component (AddParameter): Name = "Power Rating"; Value = "1/16W"; VariantName = "[No Variations]"
Add component (AddParameter): Name = "Resistance"; Value = "10K"; VariantName = "[No Variations]"
Add component (AddParameter): Name = "Tolerance"; Value = "1%"; VariantName = "[No Variations]"
Added Component: Designator=R101(SMD_RES_0402(1005)_N)
Add component (AddParameter): Name = "Package"; Value = "0402"; VariantName = "[No Variations]"
Add component (AddParameter): Name = "Power Rating"; Value = "1/16W"; VariantName = "[No Variations]"
Add component (AddParameter): Name = "Resistance"; Value = "100K"; VariantName = "[No Variations]"
Add component (AddParameter): Name = "Tolerance"; Value = "1%"; VariantName = "[No Variations]"
Added Component: Designator=R102(SMD_RES_0402(1005)_N)
Add component (AddParameter): Name = "Package"; Value = "0402"; VariantName = "[No Variations]"
Add component (AddParameter): Name = "Power Rating"; Value = "1W"; VariantName = "[No Variations]"
Add component (AddParameter): Name = "Resistance"; Value = "470R"; VariantName = "[No Variations]"
Add component (AddParameter): Name = "Tolerance"; Value = "1%"; VariantName = "[No Variations]"
Added Component: Designator=R103(SMD_RES_0402(1005)_N)
Add component (AddParameter): Name = "Package"; Value = "0402"; VariantName = "[No Variations]"
Add component (AddParameter): Name = "Power Rating"; Value = "1/16W"; VariantName = "[No Variations]"
Add component (AddParameter): Name = "Resistance"; Value = "10K"; VariantName = "[No Variations]"
Add component (AddParameter): Name = "Tolerance"; Value = "1%"; VariantName = "[No Variations]"
Added Component: Designator=R104(SMD_RES_0402(1005)_N)
Add component (AddParameter): Name = "Package"; Value = "0402"; VariantName = "[No Variations]"
Add component (AddParameter): Name = "Power Rating"; Value = "1/16W"; VariantName = "[No Variations]"
Add component (AddParameter): Name = "Resistance"; Value = "10K"; VariantName = "[No Variations]"
Add component (AddParameter): Name = "Tolerance"; Value = "1%"; VariantName = "[No Variations]"
Added Component: Designator=R105(SMD_RES_0402(1005)_N)
Add component (AddParameter): Name = "Package"; Value = "0402"; VariantName = "[No Variations]"
Add component (AddParameter): Name = "Power Rating"; Value = "1W"; VariantName = "[No Variations]"
Add component (AddParameter): Name = "Resistance"; Value = "470R"; VariantName = "[No Variations]"
Add component (AddParameter): Name = "Tolerance"; Value = "1%"; VariantName = "[No Variations]"
Added Component: Designator=R106(SMD_RES_0402(1005)_N)
Add component (AddParameter): Name = "Package"; Value = "0402"; VariantName = "[No Variations]"
Add component (AddParameter): Name = "Power Rating"; Value = "1/16W"; VariantName = "[No Variations]"
Add component (AddParameter): Name = "Resistance"; Value = "10K"; VariantName = "[No Variations]"
Add component (AddParameter): Name = "Tolerance"; Value = "1%"; VariantName = "[No Variations]"
Added Component: Designator=R107(SMD_RES_0402(1005)_N)
Add component (AddParameter): Name = "Package"; Value = "0402"; VariantName = "[No Variations]"
Add component (AddParameter): Name = "Power Rating"; Value = "1/16W"; VariantName = "[No Variations]"
Add component (AddParameter): Name = "Resistance"; Value = "10K"; VariantName = "[No Variations]"
Add component (AddParameter): Name = "Tolerance"; Value = "1%"; VariantName = "[No Variations]"
Added Component: Designator=R108_1(SMD_RES_0402(1005)_N)
Add component (AddParameter): Name = "Package"; Value = "0402"; VariantName = "[No Variations]"
Add component (AddParameter): Name = "Power Rating"; Value = "1/16W"; VariantName = "[No Variations]"
Add component (AddParameter): Name = "Resistance"; Value = "10K"; VariantName = "[No Variations]"
Add component (AddParameter): Name = "Tolerance"; Value = "1%"; VariantName = "[No Variations]"
Added Component: Designator=R108_2(SMD_RES_0402(1005)_N)
Add component (AddParameter): Name = "Package"; Value = "0402"; VariantName = "[No Variations]"
Add component (AddParameter): Name = "Power Rating"; Value = "1/16W"; VariantName = "[No Variations]"
Add component (AddParameter): Name = "Resistance"; Value = "10K"; VariantName = "[No Variations]"
Add component (AddParameter): Name = "Tolerance"; Value = "1%"; VariantName = "[No Variations]"
Added Component: Designator=SW1(K2-1102DP-O4SW-04)
Added Component: Designator=U12(SOIC-8-3.9mm)
Added Component: Designator=U13_1(MSOP-10)
Added Component: Designator=U13_2(MSOP-10)
Added Component: Designator=U14(SOIC-8-3.9mm)
Added Component: Designator=U15(TSSOP-16)
Added Component: Designator=U16(SOIC-8-3.9mm)
Added Pin To Net: NetName=5V Pin=BZR1-1
Added Pin To Net: NetName=5V Pin=C51-2
Added Pin To Net: NetName=GND Pin=C52_1-1
Added Pin To Net: NetName=3V3 Pin=C52_1-2
Added Pin To Net: NetName=GND Pin=C52_2-1
Added Pin To Net: NetName=3V3 Pin=C52_2-2
Added Pin To Net: NetName=GND Pin=C53_1-1
Added Pin To Net: NetName=GND Pin=C53_2-1
Added Pin To Net: NetName=BOOT0 Pin=C53_2-2
Added Pin To Net: NetName=GND Pin=C54_1-1
Added Pin To Net: NetName=3V3 Pin=C54_1-2
Added Pin To Net: NetName=GND Pin=C54_2-1
Added Pin To Net: NetName=3V3 Pin=C54_2-2
Added Pin To Net: NetName=GND Pin=C55_1-1
Added Pin To Net: NetName=3V3 Pin=C55_1-2
Added Pin To Net: NetName=GND Pin=C55_2-1
Added Pin To Net: NetName=3V3 Pin=C55_2-2
Added Pin To Net: NetName=GND Pin=C56-1
Added Pin To Net: NetName=3V3 Pin=C56-2
Added Pin To Net: NetName=GND Pin=C57-1
Added Pin To Net: NetName=3V3 Pin=C57-2
Added Pin To Net: NetName=GND Pin=C58-1
Added Pin To Net: NetName=5V Pin=C58-2
Added Pin To Net: NetName=GND Pin=C59-1
Added Pin To Net: NetName=5V Pin=C59-2
Added Pin To Net: NetName=R\E\S\E\T\ Pin=D24-3
Added Pin To Net: NetName=R\E\S\E\T\ Pin=D25-3
Added Pin To Net: NetName=GND Pin=D26_1-1
Added Pin To Net: NetName=GND Pin=D26_2-1
Added Pin To Net: NetName=GND Pin=D27_1-1
Added Pin To Net: NetName=GND Pin=D27_2-1
Added Pin To Net: NetName=E\T\H\_\L\E\D\3\ Pin=J1-16
Added Pin To Net: NetName=E\T\H\_\L\E\D\2\ Pin=J1-18
Added Pin To Net: NetName=GPIO5 Pin=J1-33
Added Pin To Net: NetName=I2C_DSI.SDA Pin=J1-35
Added Pin To Net: NetName=I2C_DSI.SCL Pin=J1-36
Added Pin To Net: NetName=GPIO27 Pin=J1-47
Added Pin To Net: NetName=GPIO4 Pin=J1-53
Added Pin To Net: NetName=GPIO3 Pin=J1-55
Added Pin To Net: NetName=GPIO2 Pin=J1-57
Added Pin To Net: NetName=R\E\S\E\T\ Pin=J1-91
Added Pin To Net: NetName=DSI0.D1_N Pin=J7-2
Added Pin To Net: NetName=DSI0.D1_P Pin=J7-3
Added Pin To Net: NetName=DSI0.CLK_P Pin=J7-5
Added Pin To Net: NetName=DSI0.CLK_N Pin=J7-6
Added Pin To Net: NetName=DSI0.D0_N Pin=J7-8
Added Pin To Net: NetName=DSI0.D0_P Pin=J7-9
Added Pin To Net: NetName=HDMI0.D2_P Pin=J8-1
Added Pin To Net: NetName=HDMI0.D2_N Pin=J8-3
Added Pin To Net: NetName=HDMI0.D1_P Pin=J8-4
Added Pin To Net: NetName=HDMI0.D1_N Pin=J8-6
Added Pin To Net: NetName=HDMI0.D0_P Pin=J8-7
Added Pin To Net: NetName=HDMI0.D0_N Pin=J8-9
Added Pin To Net: NetName=HDMI0.CLK_P Pin=J8-10
Added Pin To Net: NetName=HDMI0.CLK_N Pin=J8-12
Added Pin To Net: NetName=HDMI0.CEC Pin=J8-13
Added Pin To Net: NetName=HDMI0.SCL Pin=J8-15
Added Pin To Net: NetName=HDMI0.SDA Pin=J8-16
Added Pin To Net: NetName=HDMI0.HPD Pin=J8-19
Added Pin To Net: NetName=GPIO2 Pin=J22-1
Added Pin To Net: NetName=GPIO3 Pin=J22-2
Added Pin To Net: NetName=24V Pin=J30-1
Added Pin To Net: NetName=5V Pin=J30-2
Added Pin To Net: NetName=GND Pin=J31-1
Added Pin To Net: NetName=GND Pin=J31-2
Added Pin To Net: NetName=BOOT0 Pin=J32-2
Added Pin To Net: NetName=GND Pin=J33_1-5
Added Pin To Net: NetName=GND Pin=J33_1-6
Added Pin To Net: NetName=GND Pin=J33_1-7
Added Pin To Net: NetName=GND Pin=J33_1-8
Added Pin To Net: NetName=GND Pin=J33_1-9
Added Pin To Net: NetName=BOOT0 Pin=J33_2-1
Added Pin To Net: NetName=GND Pin=J33_2-5
Added Pin To Net: NetName=GND Pin=J33_2-6
Added Pin To Net: NetName=GND Pin=J33_2-7
Added Pin To Net: NetName=GND Pin=J33_2-8
Added Pin To Net: NetName=GND Pin=J33_2-9
Added Pin To Net: NetName=SD_DAT2 Pin=J34_1-1
Added Pin To Net: NetName=SD_DAT3 Pin=J34_1-2
Added Pin To Net: NetName=SD_CMD Pin=J34_1-3
Added Pin To Net: NetName=3V3 Pin=J34_1-4
Added Pin To Net: NetName=SD_CLK Pin=J34_1-5
Added Pin To Net: NetName=GND Pin=J34_1-6
Added Pin To Net: NetName=SD_DAT0 Pin=J34_1-7
Added Pin To Net: NetName=SD_DAT1 Pin=J34_1-8
Added Pin To Net: NetName=GPIO27 Pin=J34_2-2
Added Pin To Net: NetName=3V3 Pin=J34_2-4
Added Pin To Net: NetName=GND Pin=J34_2-6
Added Pin To Net: NetName=GND Pin=J35-3
Added Pin To Net: NetName=GPIO2 Pin=J37-1
Added Pin To Net: NetName=GPIO3 Pin=J37-2
Added Pin To Net: NetName=GND Pin=Q8-2
Added Pin To Net: NetName=GND Pin=Q9-2
Added Pin To Net: NetName=ETH_GB.D0_P Pin=R50-1
Added Pin To Net: NetName=ETH_GB.D0_N Pin=R51-1
Added Pin To Net: NetName=ETH_GB.D1_P Pin=R52-1
Added Pin To Net: NetName=ETH_GB.D1_N Pin=R53-1
Added Pin To Net: NetName=PWM1 Pin=R68_1-2
Added Pin To Net: NetName=PWM2 Pin=R68_2-2
Added Pin To Net: NetName=PWM3 Pin=R68_3-2
Added Pin To Net: NetName=PWM4 Pin=R68_4-2
Added Pin To Net: NetName=PWM5 Pin=R68_5-2
Added Pin To Net: NetName=PWM6 Pin=R68_6-2
Added Pin To Net: NetName=PWM7 Pin=R68_7-2
Added Pin To Net: NetName=PWM8 Pin=R68_8-2
Added Pin To Net: NetName=PWM1 Pin=R69_1-1
Added Pin To Net: NetName=PWM2 Pin=R69_2-1
Added Pin To Net: NetName=PWM3 Pin=R69_3-1
Added Pin To Net: NetName=PWM4 Pin=R69_4-1
Added Pin To Net: NetName=PWM5 Pin=R69_5-1
Added Pin To Net: NetName=PWM6 Pin=R69_6-1
Added Pin To Net: NetName=PWM7 Pin=R69_7-1
Added Pin To Net: NetName=PWM8 Pin=R69_8-1
Added Pin To Net: NetName=3V3 Pin=R79-2
Added Pin To Net: NetName=GPIO3 Pin=R81-1
Added Pin To Net: NetName=GPIO2 Pin=R82-1
Added Pin To Net: NetName=UART.TX Pin=R87_1-2
Added Pin To Net: NetName=GND Pin=R89-1
Added Pin To Net: NetName=GND Pin=R90-1
Added Pin To Net: NetName=E\E\P\R\O\M\_\W\P\ Pin=R90-2
Added Pin To Net: NetName=3V3 Pin=R91-1
Added Pin To Net: NetName=3V3 Pin=R92-2
Added Pin To Net: NetName=GND Pin=R93-2
Added Pin To Net: NetName=GND Pin=R94_1-1
Added Pin To Net: NetName=GND Pin=R94_2-1
Added Pin To Net: NetName=SD_CMD Pin=R95_1-1
Added Pin To Net: NetName=3V3 Pin=R95_1-2
Added Pin To Net: NetName=3V3 Pin=R95_2-2
Added Pin To Net: NetName=SD_CLK Pin=R96_1-1
Added Pin To Net: NetName=3V3 Pin=R96_1-2
Added Pin To Net: NetName=3V3 Pin=R96_2-2
Added Pin To Net: NetName=SD_DAT0 Pin=R97_1-1
Added Pin To Net: NetName=3V3 Pin=R97_1-2
Added Pin To Net: NetName=3V3 Pin=R97_2-2
Added Pin To Net: NetName=SD_DAT1 Pin=R98_1-1
Added Pin To Net: NetName=3V3 Pin=R98_1-2
Added Pin To Net: NetName=3V3 Pin=R98_2-2
Added Pin To Net: NetName=SD_DAT2 Pin=R99_1-1
Added Pin To Net: NetName=3V3 Pin=R99_1-2
Added Pin To Net: NetName=3V3 Pin=R99_2-2
Added Pin To Net: NetName=SD_DAT3 Pin=R100_1-1
Added Pin To Net: NetName=3V3 Pin=R100_1-2
Added Pin To Net: NetName=GPIO27 Pin=R100_2-1
Added Pin To Net: NetName=3V3 Pin=R100_2-2
Added Pin To Net: NetName=5V Pin=R101-2
Added Pin To Net: NetName=PWM9 Pin=R102-1
Added Pin To Net: NetName=GND Pin=R103-1
Added Pin To Net: NetName=PWM9 Pin=R103-2
Added Pin To Net: NetName=3V3 Pin=R104-2
Added Pin To Net: NetName=GND Pin=R106-1
Added Pin To Net: NetName=3V3 Pin=R107-2
Added Pin To Net: NetName=GND Pin=R108_1-1
Added Pin To Net: NetName=GND Pin=R108_2-1
Added Pin To Net: NetName=GND Pin=SW1-3
Added Pin To Net: NetName=GND Pin=SW1-4
Added Pin To Net: NetName=I2C0.SDA Pin=U6-5
Added Pin To Net: NetName=I2C0.SCL Pin=U6-6
Added Pin To Net: NetName=UART.TX Pin=U7-2
Added Pin To Net: NetName=GPIO3 Pin=U7-4
Added Pin To Net: NetName=GPIO2 Pin=U7-5
Added Pin To Net: NetName=AIN_1 Pin=U11-10
Added Pin To Net: NetName=AIN_2 Pin=U11-11
Added Pin To Net: NetName=AIN_3 Pin=U11-14
Added Pin To Net: NetName=AIN_4 Pin=U11-15
Added Pin To Net: NetName=UART.TX Pin=U11-21
Added Pin To Net: NetName=PWM7 Pin=U11-22
Added Pin To Net: NetName=GPIO4 Pin=U11-30
Added Pin To Net: NetName=GPIO5 Pin=U11-31
Added Pin To Net: NetName=PWM8 Pin=U11-42
Added Pin To Net: NetName=PWM9 Pin=U11-43
Added Pin To Net: NetName=GPIO3 Pin=U11-45
Added Pin To Net: NetName=GPIO2 Pin=U11-46
Added Pin To Net: NetName=GND Pin=U12-3
Added Pin To Net: NetName=5V Pin=U12-5
Added Pin To Net: NetName=3V3 Pin=U13_1-1
Added Pin To Net: NetName=GND Pin=U13_1-5
Added Pin To Net: NetName=USB.DATA_N Pin=U13_1-6
Added Pin To Net: NetName=USB.DATA_P Pin=U13_1-7
Added Pin To Net: NetName=3V3 Pin=U13_2-1
Added Pin To Net: NetName=GND Pin=U13_2-5
Added Pin To Net: NetName=3V3 Pin=U14-2
Added Pin To Net: NetName=GND Pin=U14-3
Added Pin To Net: NetName=LED Pin=U14-6
Added Pin To Net: NetName=GND Pin=U15-1
Added Pin To Net: NetName=GND Pin=U15-2
Added Pin To Net: NetName=GND Pin=U15-3
Added Pin To Net: NetName=GND Pin=U15-8
Added Pin To Net: NetName=GPIO1 Pin=U15-13
Added Pin To Net: NetName=GPIO3 Pin=U15-14
Added Pin To Net: NetName=GPIO2 Pin=U15-15
Added Pin To Net: NetName=3V3 Pin=U15-16
Added Pin To Net: NetName=GND Pin=U16-5
Added Pin To Net: NetName=5V Pin=U16-8
Change Net Name : Old Net Name=AIN_1 New Net Name=ADC_IN1
Change Net Name : Old Net Name=AIN_2 New Net Name=ADC_IN2
Change Net Name : Old Net Name=AIN_3 New Net Name=ADC_IN3
Change Net Name : Old Net Name=AIN_4 New Net Name=ADC_IN4
Change Net Name : Old Net Name=DSI1.CLK_N New Net Name=DSI1_C_N
Change Net Name : Old Net Name=DSI1.CLK_P New Net Name=DSI1_C_P
Change Net Name : Old Net Name=DSI1.D0_N New Net Name=DSI1_D0_N
Change Net Name : Old Net Name=DSI1.D0_P New Net Name=DSI1_D0_P
Change Net Name : Old Net Name=DSI1.D1_N New Net Name=DSI1_D1_N
Change Net Name : Old Net Name=DSI1.D1_P New Net Name=DSI1_D1_P
Change Net Name : Old Net Name=DSI1.D2_N New Net Name=DSI1_D2_N
Change Net Name : Old Net Name=DSI1.D2_P New Net Name=DSI1_D2_P
Change Net Name : Old Net Name=DSI1.D3_N New Net Name=DSI1_D3_N
Change Net Name : Old Net Name=DSI1.D3_P New Net Name=DSI1_D3_P
Change Net Name : Old Net Name=HDMI1.CEC New Net Name=HDMI1_CEC
Change Net Name : Old Net Name=HDMI1.CLK_N New Net Name=HDMI1_CLK_N
Change Net Name : Old Net Name=HDMI1.CLK_P New Net Name=HDMI1_CLK_P
Change Net Name : Old Net Name=HDMI1.D0_N New Net Name=HDMI1_TX0_N
Change Net Name : Old Net Name=HDMI1.D0_P New Net Name=HDMI1_TX0_P
Change Net Name : Old Net Name=HDMI1.D1_N New Net Name=HDMI1_TX1_N
Change Net Name : Old Net Name=HDMI1.D1_P New Net Name=HDMI1_TX1_P
Change Net Name : Old Net Name=HDMI1.D2_N New Net Name=HDMI1_TX2_N
Change Net Name : Old Net Name=HDMI1.D2_P New Net Name=HDMI1_TX2_P
Change Net Name : Old Net Name=HDMI1.HPD New Net Name=HDMI1_HOTPLUG
Change Net Name : Old Net Name=HDMI1.SCL New Net Name=HDMI1_SCL
Change Net Name : Old Net Name=HDMI1.SDA New Net Name=HDMI1_SDA
Change Net Name : Old Net Name=UART.RX New Net Name=STM_UART3.RX
Change Net Name : Old Net Name=UART.TX New Net Name=LED_1
Change Net Name : Old Net Name=USB_ID New Net Name=USB_OTG.ID
Change Net Name : Old Net Name=VBUS New Net Name=VBUS_A
Added Pin To Net: NetName=CAMERA_GPIO Pin=J1-98
Added Pin To Net: NetName=CAMERA_GPIO Pin=R91-2
Added Net: Name=CAMERA_GPIO
Added Pin To Net: NetName=EXP_GPIO1 Pin=U2_1-6
Added Pin To Net: NetName=EXP_GPIO1 Pin=U15-4
Added Net: Name=EXP_GPIO1
Added Pin To Net: NetName=EXP_GPIO2 Pin=U3_1-6
Added Pin To Net: NetName=EXP_GPIO2 Pin=U15-5
Added Net: Name=EXP_GPIO2
Added Pin To Net: NetName=EXP_GPIO3 Pin=U2_2-6
Added Pin To Net: NetName=EXP_GPIO3 Pin=U15-6
Added Net: Name=EXP_GPIO3
Added Pin To Net: NetName=EXP_GPIO4 Pin=U3_2-6
Added Pin To Net: NetName=EXP_GPIO4 Pin=U15-7
Added Net: Name=EXP_GPIO4
Added Pin To Net: NetName=EXP_GPIO5 Pin=R62-2
Added Pin To Net: NetName=EXP_GPIO5 Pin=U10-2
Added Pin To Net: NetName=EXP_GPIO5 Pin=U15-9
Added Net: Name=EXP_GPIO5
Added Pin To Net: NetName=EXP_GPIO6 Pin=J40-1
Added Pin To Net: NetName=EXP_GPIO6 Pin=U15-10
Added Net: Name=EXP_GPIO6
Added Pin To Net: NetName=EXP_GPIO7 Pin=J40-2
Added Pin To Net: NetName=EXP_GPIO7 Pin=U15-11
Added Net: Name=EXP_GPIO7
Added Pin To Net: NetName=EXP_GPIO8 Pin=J40-3
Added Pin To Net: NetName=EXP_GPIO8 Pin=U15-12
Added Net: Name=EXP_GPIO8
Added Pin To Net: NetName=GPIO6 Pin=J1-29
Added Pin To Net: NetName=GPIO6 Pin=R70-2
Added Net: Name=GPIO6
Added Pin To Net: NetName=GPIO7 Pin=J1-38
Added Pin To Net: NetName=GPIO7 Pin=U11-37
Added Net: Name=GPIO7
Added Pin To Net: NetName=GPIO8 Pin=J1-40
Added Pin To Net: NetName=GPIO8 Pin=U16-4
Added Net: Name=GPIO8
Added Pin To Net: NetName=GPIO9 Pin=J1-39
Added Pin To Net: NetName=GPIO9 Pin=U16-1
Added Net: Name=GPIO9
Added Pin To Net: NetName=GPIO10 Pin=J1-43
Added Pin To Net: NetName=GPIO10 Pin=U11-34
Added Net: Name=GPIO10
Added Pin To Net: NetName=GPIO11 Pin=J1-37
Added Pin To Net: NetName=GPIO11 Pin=U16-2
Added Pin To Net: NetName=GPIO11 Pin=U16-3
Added Net: Name=GPIO11
Added Pin To Net: NetName=GPIO12 Pin=J1-32
Added Pin To Net: NetName=GPIO12 Pin=J23-1
Added Pin To Net: NetName=GPIO12 Pin=J38-1
Added Pin To Net: NetName=GPIO12 Pin=U11-12
Added Net: Name=GPIO12
Added Pin To Net: NetName=GPIO13 Pin=J1-27
Added Pin To Net: NetName=GPIO13 Pin=J23-2
Added Pin To Net: NetName=GPIO13 Pin=J38-2
Added Pin To Net: NetName=GPIO13 Pin=U11-13
Added Net: Name=GPIO13
Added Pin To Net: NetName=GPIO14 Pin=J1-56
Added Pin To Net: NetName=GPIO14 Pin=U12-6
Added Net: Name=GPIO14
Added Pin To Net: NetName=GPIO15 Pin=J1-52
Added Pin To Net: NetName=GPIO15 Pin=U12-7
Added Net: Name=GPIO15
Added Pin To Net: NetName=GPIO16 Pin=J1-30
Added Pin To Net: NetName=GPIO16 Pin=J24-3
Added Net: Name=GPIO16
Added Pin To Net: NetName=GPIO17 Pin=J1-49
Added Pin To Net: NetName=GPIO17 Pin=J24-2
Added Net: Name=GPIO17
Added Pin To Net: NetName=GPIO18 Pin=J1-50
Added Pin To Net: NetName=GPIO18 Pin=J24-1
Added Net: Name=GPIO18
Added Pin To Net: NetName=GPIO19 Pin=J1-25
Added Pin To Net: NetName=GPIO19 Pin=J36-2
Added Pin To Net: NetName=GPIO19 Pin=J39-2
Added Pin To Net: NetName=GPIO19 Pin=U11-27
Added Net: Name=GPIO19
Added Pin To Net: NetName=GPIO20 Pin=J1-28
Added Pin To Net: NetName=GPIO20 Pin=J36-1
Added Pin To Net: NetName=GPIO20 Pin=J39-1
Added Pin To Net: NetName=GPIO20 Pin=U11-28
Added Net: Name=GPIO20
Added Pin To Net: NetName=GPIO21 Pin=J1-26
Added Pin To Net: NetName=GPIO21 Pin=J36-3
Added Pin To Net: NetName=GPIO21 Pin=J39-3
Added Pin To Net: NetName=GPIO21 Pin=U11-26
Added Net: Name=GPIO21
Added Pin To Net: NetName=GPIO22 Pin=J1-45
Added Pin To Net: NetName=GPIO22 Pin=J34_2-5
Added Pin To Net: NetName=GPIO22 Pin=R96_2-1
Added Net: Name=GPIO22
Added Pin To Net: NetName=GPIO23 Pin=J1-48
Added Pin To Net: NetName=GPIO23 Pin=J34_2-3
Added Pin To Net: NetName=GPIO23 Pin=R95_2-1
Added Net: Name=GPIO23
Added Pin To Net: NetName=GPIO24 Pin=J1-46
Added Pin To Net: NetName=GPIO24 Pin=J34_2-7
Added Pin To Net: NetName=GPIO24 Pin=R97_2-1
Added Net: Name=GPIO24
Added Pin To Net: NetName=GPIO25 Pin=J1-42
Added Pin To Net: NetName=GPIO25 Pin=J34_2-8
Added Pin To Net: NetName=GPIO25 Pin=R98_2-1
Added Net: Name=GPIO25
Added Pin To Net: NetName=GPIO26 Pin=J1-23
Added Pin To Net: NetName=GPIO26 Pin=J34_2-1
Added Pin To Net: NetName=GPIO26 Pin=R99_2-1
Added Net: Name=GPIO26
Added Pin To Net: NetName=GPIO_VREF Pin=J1-77
Added Pin To Net: NetName=GPIO_VREF Pin=J1-83
Added Pin To Net: NetName=GPIO_VREF Pin=J1-85
Added Net: Name=GPIO_VREF
Added Pin To Net: NetName=M\R\ Pin=SW1-1
Added Pin To Net: NetName=M\R\ Pin=SW1-2
Added Pin To Net: NetName=M\R\ Pin=U14-1
Added Net: Name=M\R\
Added Pin To Net: NetName=M\U\X\_\O\E\_1 Pin=R94_1-2
Added Pin To Net: NetName=M\U\X\_\O\E\_1 Pin=U13_1-10
Added Net: Name=M\U\X\_\O\E\_1
Added Pin To Net: NetName=M\U\X\_\O\E\_2 Pin=R94_2-2
Added Pin To Net: NetName=M\U\X\_\O\E\_2 Pin=U13_2-10
Added Net: Name=M\U\X\_\O\E\_2
Added Pin To Net: NetName=MUX_SEL_1 Pin=J1-94
Added Pin To Net: NetName=MUX_SEL_1 Pin=J11-2
Added Pin To Net: NetName=MUX_SEL_1 Pin=U13_1-2
Added Pin To Net: NetName=MUX_SEL_1 Pin=U13_2-2
Added Net: Name=MUX_SEL_1
Added Pin To Net: NetName=NetBZR1_2 Pin=BZR1-2
Added Pin To Net: NetName=NetBZR1_2 Pin=Q8-3
Added Pin To Net: NetName=NetBZR1_2 Pin=R101-1
Added Net: Name=NetBZR1_2
Added Pin To Net: NetName=NetJ11_1 Pin=J11-1
Added Pin To Net: NetName=NetJ11_1 Pin=R79-1
Added Net: Name=NetJ11_1
Added Pin To Net: NetName=NetJ11_3 Pin=J11-3
Added Pin To Net: NetName=NetJ11_3 Pin=R89-2
Added Net: Name=NetJ11_3
Added Pin To Net: NetName=NetJ32_1 Pin=J32-1
Added Pin To Net: NetName=NetJ32_1 Pin=R92-1
Added Net: Name=NetJ32_1
Added Pin To Net: NetName=NetJ32_3 Pin=J32-3
Added Pin To Net: NetName=NetJ32_3 Pin=R93-1
Added Net: Name=NetJ32_3
Added Pin To Net: NetName=NetQ8_1 Pin=Q8-1
Added Pin To Net: NetName=NetQ8_1 Pin=R102-2
Added Net: Name=NetQ8_1
Added Pin To Net: NetName=NetQ9_1 Pin=Q9-1
Added Pin To Net: NetName=NetQ9_1 Pin=R105-2
Added Net: Name=NetQ9_1
Added Pin To Net: NetName=NetR105_1 Pin=R105-1
Added Pin To Net: NetName=NetR105_1 Pin=R106-2
Added Pin To Net: NetName=NetR105_1 Pin=U14-7
Added Net: Name=NetR105_1
Added Pin To Net: NetName=P\F\O\ Pin=D25-1
Added Pin To Net: NetName=P\F\O\ Pin=U14-5
Added Net: Name=P\F\O\
Added Pin To Net: NetName=PFI Pin=R107-1
Added Pin To Net: NetName=PFI Pin=U14-4
Added Net: Name=PFI
Added Pin To Net: NetName=PWR_1 Pin=C53_1-2
Added Pin To Net: NetName=PWR_1 Pin=J33_1-1
Added Net: Name=PWR_1
Added Pin To Net: NetName=RS485_A Pin=J35-1
Added Pin To Net: NetName=RS485_A Pin=U16-6
Added Net: Name=RS485_A
Added Pin To Net: NetName=RS485_B Pin=J35-2
Added Pin To Net: NetName=RS485_B Pin=U16-7
Added Net: Name=RS485_B
Added Pin To Net: NetName=STM_USB_MCU.DATA_N Pin=D27_2-2
Added Pin To Net: NetName=STM_USB_MCU.DATA_N Pin=J33_2-2
Added Pin To Net: NetName=STM_USB_MCU.DATA_N Pin=U11-32
Added Net: Name=STM_USB_MCU.DATA_N
Added Pin To Net: NetName=STM_USB_MCU.DATA_P Pin=D26_2-2
Added Pin To Net: NetName=STM_USB_MCU.DATA_P Pin=J33_2-3
Added Pin To Net: NetName=STM_USB_MCU.DATA_P Pin=U11-33
Added Net: Name=STM_USB_MCU.DATA_P
Added Pin To Net: NetName=STM_USB_MCU.ID Pin=J33_2-4
Added Pin To Net: NetName=STM_USB_MCU.ID Pin=R108_2-2
Added Net: Name=STM_USB_MCU.ID
Added Pin To Net: NetName=USB.DATA_1_N Pin=D27_1-2
Added Pin To Net: NetName=USB.DATA_1_N Pin=J33_1-2
Added Pin To Net: NetName=USB.DATA_1_N Pin=U13_2-4
Added Net: Name=USB.DATA_1_N
Added Pin To Net: NetName=USB.DATA_1_P Pin=D26_1-2
Added Pin To Net: NetName=USB.DATA_1_P Pin=J33_1-3
Added Pin To Net: NetName=USB.DATA_1_P Pin=U13_2-3
Added Net: Name=USB.DATA_1_P
Added Pin To Net: NetName=USB.ID_1 Pin=J33_1-4
Added Pin To Net: NetName=USB.ID_1 Pin=R108_1-2
Added Net: Name=USB.ID_1
Added Pin To Net: NetName=USB_1_D_2_N Pin=U13_1-8
Added Pin To Net: NetName=USB_1_D_2_N Pin=U13_2-6
Added Net: Name=USB_1_D_2_N
Added Pin To Net: NetName=USB_1_D_2_P Pin=U13_1-9
Added Pin To Net: NetName=USB_1_D_2_P Pin=U13_2-7
Added Net: Name=USB_1_D_2_P
Added Pin To Net: NetName=USB_2_D_2_N Pin=U12-2
Added Pin To Net: NetName=USB_2_D_2_N Pin=U13_2-8
Added Net: Name=USB_2_D_2_N
Added Pin To Net: NetName=USB_2_D_2_P Pin=U12-1
Added Pin To Net: NetName=USB_2_D_2_P Pin=U13_2-9
Added Net: Name=USB_2_D_2_P
Added Pin To Net: NetName=USB_COM_D_1_N Pin=J2-97
Added Pin To Net: NetName=USB_COM_D_1_N Pin=U13_1-4
Added Net: Name=USB_COM_D_1_N
Added Pin To Net: NetName=USB_COM_D_1_P Pin=J2-95
Added Pin To Net: NetName=USB_COM_D_1_P Pin=U13_1-3
Added Net: Name=USB_COM_D_1_P
Added Pin To Net: NetName=V3 Pin=C50-2
Added Pin To Net: NetName=V3 Pin=U12-8
Added Net: Name=V3
Added Pin To Net: NetName=W\D\O\ Pin=D24-2
Added Pin To Net: NetName=W\D\O\ Pin=U14-8
Added Net: Name=W\D\O\
Change Class Name : Old Net Name=Display New Net Name=DSP
Change Class Name : Old Net Name=Ethernet New Net Name=ETH
Change Class Name : Old Net Name=Power New Net Name=PWR
Change Class Name : Old Net Name=USB New Net Name=USB_UFP
Change Class Name : Old Net Name=GPIO[1..5] New Net Name=GPIO[1..7]
Added Class: Name=BrauV2_TopLevel
Added Class: Name=BUZZ
Added Class: Name=EXP
Added Class: Name=GPIO
Added Class: Name=RS485
Added Class: Name=SD1
Added Class: Name=SD2
Added Class: Name=SERIAL
Added Class: Name=USB_DFP_PI
Added Class: Name=USBMUX1
Added Class: Name=USBMUX2
Added Class: Name=WDG
Added Class: Name=EXP_GPIO[1..8]
Added Differential Pair: Name=DSI1_C
Added Differential Pair: Name=DSI1_D0
Added Differential Pair: Name=DSI1_D1
Added Differential Pair: Name=DSI1_D2
Added Differential Pair: Name=DSI1_D3
Added Differential Pair: Name=HDMI1_CLK
Added Differential Pair: Name=HDMI1_TX0
Added Differential Pair: Name=HDMI1_TX1
Added Differential Pair: Name=HDMI1_TX2
Added Differential Pair: Name=USB.DATA_1
Added Differential Pair: Name=USB.DATA
Added Differential Pair: Name=USB_1_D_2
Added Differential Pair: Name=USB_2_D_2
Added Differential Pair: Name=USB_COM_D_1
Added Class: Name=BrauV2_SDCard
Added Class: Name=BrauV2_USBPortTypeB
Added Class: Name=BrauV2_USBSwitch
Added Member To Class: ClassName=PWR Member=Component J30 WJ2EDGRC-5.08-2P
Added Member To Class: ClassName=PWR Member=Component J31 WJ2EDGRC-5.08-2P
Added Member To Class: ClassName=MCU Member=Component J32 12251103CNG0S115001
Added Member To Class: ClassName=CM4 Member=Component R90 RC0402FR-070RL
Added Member To Class: ClassName=CM4 Member=Component R91 RC0402FR-070RL
Added Member To Class: ClassName=MCU Member=Component R92 RC0402FR-0710KL
Added Member To Class: ClassName=MCU Member=Component R93 RC0402FR-0710KL
Added Member To Class: ClassName=100R_PAIRS Member=Wire DSI1_C_N
Added Member To Class: ClassName=100R_PAIRS Member=Wire DSI1_C_P
Added Member To Class: ClassName=100R_PAIRS Member=Wire DSI1_D0_N
Added Member To Class: ClassName=100R_PAIRS Member=Wire DSI1_D0_P
Added Member To Class: ClassName=100R_PAIRS Member=Wire DSI1_D1_N
Added Member To Class: ClassName=100R_PAIRS Member=Wire DSI1_D1_P
Added Member To Class: ClassName=100R_PAIRS Member=Wire DSI1_D2_N
Added Member To Class: ClassName=100R_PAIRS Member=Wire DSI1_D2_P
Added Member To Class: ClassName=100R_PAIRS Member=Wire DSI1_D3_N
Added Member To Class: ClassName=100R_PAIRS Member=Wire DSI1_D3_P
Added Member To Class: ClassName=GPIO[1..7] Member=Element[5]: GPIO
Added Member To Class: ClassName=GPIO[2..27] Member=Element[4]: GPIO
Added Member To Class: ClassName=GPIO[1..7] Member=Element[6]: GPIO
Added Member To Class: ClassName=GPIO[2..27] Member=Element[5]: GPIO
Added Member To Class: ClassName=GPIO[2..27] Member=Element[6]: GPIO
Added Member To Class: ClassName=GPIO[2..27] Member=Element[7]: GPIO
Added Member To Class: ClassName=GPIO[2..27] Member=Element[8]: GPIO
Added Member To Class: ClassName=GPIO[2..27] Member=Element[9]: GPIO
Added Member To Class: ClassName=GPIO[2..27] Member=Element[10]: GPIO
Added Member To Class: ClassName=GPIO[2..27] Member=Element[11]: GPIO
Added Member To Class: ClassName=GPIO[2..27] Member=Element[12]: GPIO
Added Member To Class: ClassName=GPIO[2..27] Member=Element[13]: GPIO
Added Member To Class: ClassName=GPIO[2..27] Member=Element[14]: GPIO
Added Member To Class: ClassName=GPIO[2..27] Member=Element[15]: GPIO
Added Member To Class: ClassName=GPIO[2..27] Member=Element[16]: GPIO
Added Member To Class: ClassName=GPIO[2..27] Member=Element[17]: GPIO
Added Member To Class: ClassName=GPIO[2..27] Member=Element[18]: GPIO
Added Member To Class: ClassName=GPIO[2..27] Member=Element[19]: GPIO
Added Member To Class: ClassName=GPIO[2..27] Member=Element[20]: GPIO
Added Member To Class: ClassName=GPIO[2..27] Member=Element[21]: GPIO
Added Member To Class: ClassName=GPIO[2..27] Member=Element[22]: GPIO
Added Member To Class: ClassName=GPIO[2..27] Member=Element[23]: GPIO
Added Member To Class: ClassName=GPIO[2..27] Member=Element[24]: GPIO
Added Member To Class: ClassName=100R_PAIRS Member=Wire HDMI1_CLK_N
Added Member To Class: ClassName=100R_PAIRS Member=Wire HDMI1_CLK_P
Added Member To Class: ClassName=100R_PAIRS Member=Wire HDMI1_TX0_N
Added Member To Class: ClassName=100R_PAIRS Member=Wire HDMI1_TX0_P
Added Member To Class: ClassName=100R_PAIRS Member=Wire HDMI1_TX1_N
Added Member To Class: ClassName=100R_PAIRS Member=Wire HDMI1_TX1_P
Added Member To Class: ClassName=100R_PAIRS Member=Wire HDMI1_TX2_N
Added Member To Class: ClassName=100R_PAIRS Member=Wire HDMI1_TX2_P
Added Member To Class: ClassName=90R_PAIRS Member=Wire USB.DATA_1_N
Added Member To Class: ClassName=90R_PAIRS Member=Wire USB.DATA_1_P
Added Member To Class: ClassName=90R_PAIRS Member=Wire USB.DATA_N
Added Member To Class: ClassName=90R_PAIRS Member=Wire USB.DATA_P
Added Member To Class: ClassName=90R_PAIRS Member=Wire USB_1_D_2_N
Added Member To Class: ClassName=90R_PAIRS Member=Wire USB_1_D_2_P
Added Member To Class: ClassName=90R_PAIRS Member=Wire USB_2_D_2_N
Added Member To Class: ClassName=90R_PAIRS Member=Wire USB_2_D_2_P
Added Member To Class: ClassName=90R_PAIRS Member=Wire USB_COM_D_1_N
Added Member To Class: ClassName=90R_PAIRS Member=Wire USB_COM_D_1_P
Added Room: Name=BrauV2_TopLevel
Added Room: Name=BUZZ
Added Room: Name=DSP
Added Room: Name=ETH
Added Room: Name=EXP
Added Room: Name=GPIO
Added Room: Name=MCU
Added Room: Name=PWR
Added Room: Name=RS485
Added Room: Name=SD1
Added Room: Name=SD2
Added Room: Name=SERIAL
Added Room: Name=USB_DFP_PI
Added Room: Name=USB_UFP
Added Room: Name=USB_UFP
Added Room: Name=USBMUX1
Added Room: Name=USBMUX2
Added Room: Name=WDG
Removed Member From Class: ClassName=100R_DIFF_PAIRS Member=DSI1.CLK
Removed Member From Class: ClassName=100R_DIFF_PAIRS Member=DSI1.D0
Removed Member From Class: ClassName=100R_DIFF_PAIRS Member=DSI1.D1
Removed Member From Class: ClassName=100R_DIFF_PAIRS Member=DSI1.D2
Removed Member From Class: ClassName=100R_DIFF_PAIRS Member=DSI1.D3
Removed Member From Class: ClassName=100R_DIFF_PAIRS Member=HDMI1.CLK
Removed Member From Class: ClassName=100R_DIFF_PAIRS Member=HDMI1.D0
Removed Member From Class: ClassName=100R_DIFF_PAIRS Member=HDMI1.D1
Removed Member From Class: ClassName=100R_DIFF_PAIRS Member=HDMI1.D2
Removed Member From Class: ClassName=90R_DIFF_PAIRS Member=USB_D
Added Member To Class: ClassName=100R_DIFF_PAIRS Member=DSI1_C
Added Member To Class: ClassName=100R_DIFF_PAIRS Member=DSI1_D0
Added Member To Class: ClassName=100R_DIFF_PAIRS Member=DSI1_D1
Added Member To Class: ClassName=100R_DIFF_PAIRS Member=DSI1_D2
Added Member To Class: ClassName=100R_DIFF_PAIRS Member=DSI1_D3
Added Member To Class: ClassName=100R_DIFF_PAIRS Member=HDMI1_CLK
Added Member To Class: ClassName=100R_DIFF_PAIRS Member=HDMI1_TX0
Added Member To Class: ClassName=100R_DIFF_PAIRS Member=HDMI1_TX1
Added Member To Class: ClassName=100R_DIFF_PAIRS Member=HDMI1_TX2
Added Member To Class: ClassName=90R_DIFF_PAIRS Member=USB.DATA_1
Added Member To Class: ClassName=90R_DIFF_PAIRS Member=USB.DATA
Added Member To Class: ClassName=90R_DIFF_PAIRS Member=USB_1_D_2
Added Member To Class: ClassName=90R_DIFF_PAIRS Member=USB_2_D_2
Added Member To Class: ClassName=90R_DIFF_PAIRS Member=USB_COM_D_1
