Added Component: Designator=C17(SMD_CAP_0402(1005)_N)
Add component (AddParameter): Name = "Capacitance"; Value = "33nF"; VariantName = "[No Variations]"
Add component (AddParameter): Name = "Package"; Value = "0402"; VariantName = "[No Variations]"
Add component (AddParameter): Name = "Tolerance"; Value = "10%"; VariantName = "[No Variations]"
Add component (AddParameter): Name = "Voltage Rating"; Value = "50V"; VariantName = "[No Variations]"
Added Component: Designator=C18(SMD_CAP_0603(0201)_N)
Add component (AddParameter): Name = "Capacitance"; Value = "1uF"; VariantName = "[No Variations]"
Add component (AddParameter): Name = "Package"; Value = "0603"; VariantName = "[No Variations]"
Add component (AddParameter): Name = "Tolerance"; Value = "10%"; VariantName = "[No Variations]"
Add component (AddParameter): Name = "Voltage Rating"; Value = "50V"; VariantName = "[No Variations]"
Added Component: Designator=C19(SMD_CAP_0402(1005)_N)
Add component (AddParameter): Name = "Capacitance"; Value = "100nF"; VariantName = "[No Variations]"
Add component (AddParameter): Name = "Package"; Value = "0402"; VariantName = "[No Variations]"
Add component (AddParameter): Name = "Tolerance"; Value = "10%"; VariantName = "[No Variations]"
Add component (AddParameter): Name = "Voltage Rating"; Value = "50V"; VariantName = "[No Variations]"
Added Component: Designator=C20(SMD_CAP_0603(0201)_N)
Add component (AddParameter): Name = "Capacitance"; Value = "1uF"; VariantName = "[No Variations]"
Add component (AddParameter): Name = "Package"; Value = "0603"; VariantName = "[No Variations]"
Add component (AddParameter): Name = "Tolerance"; Value = "10%"; VariantName = "[No Variations]"
Add component (AddParameter): Name = "Voltage Rating"; Value = "50V"; VariantName = "[No Variations]"
Added Component: Designator=C21(SMD_CAP_1206(3216)_N)
Add component (AddParameter): Name = "Capacitance"; Value = "10uF"; VariantName = "[No Variations]"
Add component (AddParameter): Name = "Package"; Value = "1206"; VariantName = "[No Variations]"
Add component (AddParameter): Name = "Tolerance"; Value = "10%"; VariantName = "[No Variations]"
Add component (AddParameter): Name = "Voltage Rating"; Value = "50V"; VariantName = "[No Variations]"
Added Component: Designator=C22(CAP_SMD_10x10.5mm)
Add component (AddParameter): Name = "Capacitance"; Value = "470uF"; VariantName = "[No Variations]"
Add component (AddParameter): Name = "Tolerance"; Value = "20%"; VariantName = "[No Variations]"
Add component (AddParameter): Name = "Voltage Max"; Value = "35V"; VariantName = "[No Variations]"
Added Component: Designator=C23(SMD_CAP_1206(3216)_N)
Add component (AddParameter): Name = "Capacitance"; Value = "10uF"; VariantName = "[No Variations]"
Add component (AddParameter): Name = "Package"; Value = "1206"; VariantName = "[No Variations]"
Add component (AddParameter): Name = "Tolerance"; Value = "10%"; VariantName = "[No Variations]"
Add component (AddParameter): Name = "Voltage Rating"; Value = "50V"; VariantName = "[No Variations]"
Added Component: Designator=C24(SMD_CAP_0603(0201)_N)
Add component (AddParameter): Name = "Capacitance"; Value = "1uF"; VariantName = "[No Variations]"
Add component (AddParameter): Name = "Package"; Value = "0603"; VariantName = "[No Variations]"
Add component (AddParameter): Name = "Tolerance"; Value = "10%"; VariantName = "[No Variations]"
Add component (AddParameter): Name = "Voltage Rating"; Value = "50V"; VariantName = "[No Variations]"
Added Component: Designator=C25(SMD_CAP_0402(1005)_N)
Add component (AddParameter): Name = "Capacitance"; Value = "100nF"; VariantName = "[No Variations]"
Add component (AddParameter): Name = "Package"; Value = "0402"; VariantName = "[No Variations]"
Add component (AddParameter): Name = "Tolerance"; Value = "10%"; VariantName = "[No Variations]"
Add component (AddParameter): Name = "Voltage Rating"; Value = "50V"; VariantName = "[No Variations]"
Added Component: Designator=C26(CAP_SMD_10x10.5mm)
Add component (AddParameter): Name = "Capacitance"; Value = "470uF"; VariantName = "[No Variations]"
Add component (AddParameter): Name = "Tolerance"; Value = "20%"; VariantName = "[No Variations]"
Add component (AddParameter): Name = "Voltage Max"; Value = "35V"; VariantName = "[No Variations]"
Added Component: Designator=C27(CAP_SMD_10x10.5mm)
Add component (AddParameter): Name = "Capacitance"; Value = "470uF"; VariantName = "[No Variations]"
Add component (AddParameter): Name = "Tolerance"; Value = "20%"; VariantName = "[No Variations]"
Add component (AddParameter): Name = "Voltage Max"; Value = "35V"; VariantName = "[No Variations]"
Added Component: Designator=C28(SMD_CAP_0603(0201)_N)
Add component (AddParameter): Name = "Capacitance"; Value = "1uF"; VariantName = "[No Variations]"
Add component (AddParameter): Name = "Package"; Value = "0603"; VariantName = "[No Variations]"
Add component (AddParameter): Name = "Tolerance"; Value = "10%"; VariantName = "[No Variations]"
Add component (AddParameter): Name = "Voltage Rating"; Value = "50V"; VariantName = "[No Variations]"
Added Component: Designator=C29(SMD_CAP_1206(3216)_N)
Add component (AddParameter): Name = "Capacitance"; Value = "10uF"; VariantName = "[No Variations]"
Add component (AddParameter): Name = "Package"; Value = "1206"; VariantName = "[No Variations]"
Add component (AddParameter): Name = "Tolerance"; Value = "10%"; VariantName = "[No Variations]"
Add component (AddParameter): Name = "Voltage Rating"; Value = "50V"; VariantName = "[No Variations]"
Added Component: Designator=C30(SMD_CAP_0603(0201)_N)
Add component (AddParameter): Name = "Capacitance"; Value = "1uF"; VariantName = "[No Variations]"
Add component (AddParameter): Name = "Package"; Value = "0603"; VariantName = "[No Variations]"
Add component (AddParameter): Name = "Tolerance"; Value = "10%"; VariantName = "[No Variations]"
Add component (AddParameter): Name = "Voltage Rating"; Value = "50V"; VariantName = "[No Variations]"
Added Component: Designator=C31(SMD_CAP_0402(1005)_N)
Add component (AddParameter): Name = "Capacitance"; Value = "33nF"; VariantName = "[No Variations]"
Add component (AddParameter): Name = "Package"; Value = "0402"; VariantName = "[No Variations]"
Add component (AddParameter): Name = "Tolerance"; Value = "10%"; VariantName = "[No Variations]"
Add component (AddParameter): Name = "Voltage Rating"; Value = "50V"; VariantName = "[No Variations]"
Added Component: Designator=C32(CAP_SMD_8x10.5mm)
Add component (AddParameter): Name = "Capacitance"; Value = "22uF"; VariantName = "[No Variations]"
Add component (AddParameter): Name = "Tolerance"; Value = "20%"; VariantName = "[No Variations]"
Add component (AddParameter): Name = "Voltage Max"; Value = "100V"; VariantName = "[No Variations]"
Added Component: Designator=C33(SMD_CAP_1206(3216)_N)
Add component (AddParameter): Name = "Capacitance"; Value = "10uF"; VariantName = "[No Variations]"
Add component (AddParameter): Name = "Package"; Value = "1206"; VariantName = "[No Variations]"
Add component (AddParameter): Name = "Tolerance"; Value = "10%"; VariantName = "[No Variations]"
Add component (AddParameter): Name = "Voltage Rating"; Value = "50V"; VariantName = "[No Variations]"
Added Component: Designator=C34(SMD_CAP_0603(0201)_N)
Add component (AddParameter): Name = "Capacitance"; Value = "1uF"; VariantName = "[No Variations]"
Add component (AddParameter): Name = "Package"; Value = "0603"; VariantName = "[No Variations]"
Add component (AddParameter): Name = "Tolerance"; Value = "10%"; VariantName = "[No Variations]"
Add component (AddParameter): Name = "Voltage Rating"; Value = "50V"; VariantName = "[No Variations]"
Added Component: Designator=C35(SMD_CAP_0402(1005)_N)
Add component (AddParameter): Name = "Capacitance"; Value = "100nF"; VariantName = "[No Variations]"
Add component (AddParameter): Name = "Package"; Value = "0402"; VariantName = "[No Variations]"
Add component (AddParameter): Name = "Tolerance"; Value = "10%"; VariantName = "[No Variations]"
Add component (AddParameter): Name = "Voltage Rating"; Value = "50V"; VariantName = "[No Variations]"
Added Component: Designator=C36(SMD_CAP_0402(1005)_N)
Add component (AddParameter): Name = "Capacitance"; Value = "100nF"; VariantName = "[No Variations]"
Add component (AddParameter): Name = "Package"; Value = "0402"; VariantName = "[No Variations]"
Add component (AddParameter): Name = "Tolerance"; Value = "10%"; VariantName = "[No Variations]"
Add component (AddParameter): Name = "Voltage Rating"; Value = "50V"; VariantName = "[No Variations]"
Added Component: Designator=C37(SMD_CAP_0603(0201)_N)
Add component (AddParameter): Name = "Capacitance"; Value = "1uF"; VariantName = "[No Variations]"
Add component (AddParameter): Name = "Package"; Value = "0603"; VariantName = "[No Variations]"
Add component (AddParameter): Name = "Tolerance"; Value = "10%"; VariantName = "[No Variations]"
Add component (AddParameter): Name = "Voltage Rating"; Value = "50V"; VariantName = "[No Variations]"
Added Component: Designator=C38(SMD_CAP_1206(3216)_N)
Add component (AddParameter): Name = "Capacitance"; Value = "10uF"; VariantName = "[No Variations]"
Add component (AddParameter): Name = "Package"; Value = "1206"; VariantName = "[No Variations]"
Add component (AddParameter): Name = "Tolerance"; Value = "10%"; VariantName = "[No Variations]"
Add component (AddParameter): Name = "Voltage Rating"; Value = "50V"; VariantName = "[No Variations]"
Added Component: Designator=C39(CAP_SMD_10x10.5mm)
Add component (AddParameter): Name = "Capacitance"; Value = "470uF"; VariantName = "[No Variations]"
Add component (AddParameter): Name = "Tolerance"; Value = "20%"; VariantName = "[No Variations]"
Add component (AddParameter): Name = "Voltage Max"; Value = "35V"; VariantName = "[No Variations]"
Added Component: Designator=C40(SMD_CAP_0603(0201)_N)
Add component (AddParameter): Name = "Capacitance"; Value = "4.7uF"; VariantName = "[No Variations]"
Add component (AddParameter): Name = "Package"; Value = "0603"; VariantName = "[No Variations]"
Add component (AddParameter): Name = "Tolerance"; Value = "10%"; VariantName = "[No Variations]"
Add component (AddParameter): Name = "Voltage Rating"; Value = "10V"; VariantName = "[No Variations]"
Added Component: Designator=D9(DO-214AB)
Added Component: Designator=D10(DO-214AB)
Added Component: Designator=D11(DO-214AB)
Added Component: Designator=D12(DO-214AB)
Added Component: Designator=D13(SOD-123FL)
Added Component: Designator=D14(SOD-123FL)
Added Component: Designator=D15(SOD-123FL)
Added Component: Designator=F8(SMD_RES_1206(3216)_N)
Added Component: Designator=J11(RaspberryPi_B+_GPIO_Header)
Added Component: Designator=J12(DC-005 5.5-2.0MM)
Added Component: Designator=J13(796638-2)
Added Component: Designator=J14(Header_3POS)
Added Component: Designator=J15(C26235)
Added Component: Designator=L1(TMPC1206HP-470MG-D)
Add component (AddParameter): Name = "Current Max"; Value = "5.5A"; VariantName = "[No Variations]"
Add component (AddParameter): Name = "DC Resistance"; Value = "80mR"; VariantName = "[No Variations]"
Add component (AddParameter): Name = "Inductance"; Value = "47uH"; VariantName = "[No Variations]"
Add component (AddParameter): Name = "Saturation Current"; Value = "7A"; VariantName = "[No Variations]"
Add component (AddParameter): Name = "Size"; Value = "13.5x12.5x5.7mm"; VariantName = "[No Variations]"
Added Component: Designator=L2(TMPC1206HP-470MG-D)
Add component (AddParameter): Name = "Current Max"; Value = "5.2A"; VariantName = "[No Variations]"
Add component (AddParameter): Name = "DC Resistance"; Value = "90mR"; VariantName = "[No Variations]"
Add component (AddParameter): Name = "Parallel Inductance"; Value = "47uH"; VariantName = "[No Variations]"
Add component (AddParameter): Name = "Size"; Value = "12.5x12.5x8.05mm"; VariantName = "[No Variations]"
Added Component: Designator=R54(SMD_RES_0402(1005)_N)
Add component (AddParameter): Name = "Package"; Value = "0402"; VariantName = "[No Variations]"
Add component (AddParameter): Name = "Power Rating"; Value = "1/16W"; VariantName = "[No Variations]"
Add component (AddParameter): Name = "Resistance"; Value = "10K"; VariantName = "[No Variations]"
Add component (AddParameter): Name = "Tolerance"; Value = "1%"; VariantName = "[No Variations]"
Added Component: Designator=R55(SMD_RES_0402(1005)_N)
Add component (AddParameter): Name = "Package"; Value = "0402"; VariantName = "[No Variations]"
Add component (AddParameter): Name = "Power Rating"; Value = "1/16W"; VariantName = "[No Variations]"
Add component (AddParameter): Name = "Resistance"; Value = "3.3K"; VariantName = "[No Variations]"
Add component (AddParameter): Name = "Tolerance"; Value = "1%"; VariantName = "[No Variations]"
Added Component: Designator=R56(SMD_RES_0402(1005)_N)
Add component (AddParameter): Name = "Package"; Value = "0402"; VariantName = "[No Variations]"
Add component (AddParameter): Name = "Power Rating"; Value = "1/16W"; VariantName = "[No Variations]"
Add component (AddParameter): Name = "Resistance"; Value = "10K"; VariantName = "[No Variations]"
Add component (AddParameter): Name = "Tolerance"; Value = "1%"; VariantName = "[No Variations]"
Added Component: Designator=R57(SMD_RES_0402(1005)_N)
Add component (AddParameter): Name = "Package"; Value = "0402"; VariantName = "[No Variations]"
Add component (AddParameter): Name = "Power Rating"; Value = "1W"; VariantName = "[No Variations]"
Add component (AddParameter): Name = "Resistance"; Value = "470R"; VariantName = "[No Variations]"
Add component (AddParameter): Name = "Tolerance"; Value = "1%"; VariantName = "[No Variations]"
Added Component: Designator=R58(SMD_RES_0402(1005)_N)
Add component (AddParameter): Name = "Package"; Value = "0402"; VariantName = "[No Variations]"
Add component (AddParameter): Name = "Power Rating"; Value = "1W"; VariantName = "[No Variations]"
Add component (AddParameter): Name = "Resistance"; Value = "470R"; VariantName = "[No Variations]"
Add component (AddParameter): Name = "Tolerance"; Value = "1%"; VariantName = "[No Variations]"
Added Component: Designator=R59(SMD_RES_0402(1005)_N)
Add component (AddParameter): Name = "Package"; Value = "0402"; VariantName = "[No Variations]"
Add component (AddParameter): Name = "Power Rating"; Value = "1W"; VariantName = "[No Variations]"
Add component (AddParameter): Name = "Resistance"; Value = "470R"; VariantName = "[No Variations]"
Add component (AddParameter): Name = "Tolerance"; Value = "1%"; VariantName = "[No Variations]"
Added Component: Designator=R60(SMD_RES_0402(1005)_N)
Add component (AddParameter): Name = "Package"; Value = "0402"; VariantName = "[No Variations]"
Add component (AddParameter): Name = "Power Rating"; Value = "1/16W"; VariantName = "[No Variations]"
Add component (AddParameter): Name = "Resistance"; Value = "24K"; VariantName = "[No Variations]"
Add component (AddParameter): Name = "Tolerance"; Value = "1%"; VariantName = "[No Variations]"
Added Component: Designator=R61(SMD_RES_0402(1005)_N)
Add component (AddParameter): Name = "Package"; Value = "0402"; VariantName = "[No Variations]"
Add component (AddParameter): Name = "Power Rating"; Value = "1/16W"; VariantName = "[No Variations]"
Add component (AddParameter): Name = "Resistance"; Value = "49.9K"; VariantName = "[No Variations]"
Add component (AddParameter): Name = "Tolerance"; Value = "1%"; VariantName = "[No Variations]"
Added Component: Designator=R62(SMD_RES_0402(1005)_N)
Add component (AddParameter): Name = "Package"; Value = "0402"; VariantName = "[No Variations]"
Add component (AddParameter): Name = "Power Rating"; Value = "1/16W"; VariantName = "[No Variations]"
Add component (AddParameter): Name = "Resistance"; Value = "10K"; VariantName = "[No Variations]"
Add component (AddParameter): Name = "Tolerance"; Value = "1%"; VariantName = "[No Variations]"
Added Component: Designator=R63(SMD_RES_0402(1005)_N)
Add component (AddParameter): Name = "Package"; Value = "0402"; VariantName = "[No Variations]"
Add component (AddParameter): Name = "Power Rating"; Value = "1/16W"; VariantName = "[No Variations]"
Add component (AddParameter): Name = "Resistance"; Value = "2.74K"; VariantName = "[No Variations]"
Add component (AddParameter): Name = "Tolerance"; Value = "1%"; VariantName = "[No Variations]"
Added Component: Designator=R64(SMD_RES_0402(1005)_N)
Add component (AddParameter): Name = "Package"; Value = "0402"; VariantName = "[No Variations]"
Add component (AddParameter): Name = "Power Rating"; Value = "1/16W"; VariantName = "[No Variations]"
Add component (AddParameter): Name = "Resistance"; Value = "10K"; VariantName = "[No Variations]"
Add component (AddParameter): Name = "Tolerance"; Value = "1%"; VariantName = "[No Variations]"
Added Component: Designator=U8(TO-263-5)
Added Component: Designator=U9(TO-252)
Added Component: Designator=U10(TO-263-5)
Added Pin To Net: NetName=5V Pin=C17-2
Added Pin To Net: NetName=GND Pin=C19-1
Added Pin To Net: NetName=5V Pin=C19-2
Added Pin To Net: NetName=GND Pin=C20-1
Added Pin To Net: NetName=5V Pin=C20-2
Added Pin To Net: NetName=GND Pin=C21-1
Added Pin To Net: NetName=5V Pin=C21-2
Added Pin To Net: NetName=5V Pin=C22-1
Added Pin To Net: NetName=GND Pin=C22-2
Added Pin To Net: NetName=GND Pin=C23-1
Added Pin To Net: NetName=GND Pin=C24-1
Added Pin To Net: NetName=GND Pin=C25-1
Added Pin To Net: NetName=GND Pin=C26-2
Added Pin To Net: NetName=GND Pin=C27-2
Added Pin To Net: NetName=GND Pin=C28-1
Added Pin To Net: NetName=5V Pin=C28-2
Added Pin To Net: NetName=GND Pin=C29-1
Added Pin To Net: NetName=3V3 Pin=C29-2
Added Pin To Net: NetName=GND Pin=C30-1
Added Pin To Net: NetName=3V3 Pin=C30-2
Added Pin To Net: NetName=24V Pin=C31-2
Added Pin To Net: NetName=GND Pin=C33-1
Added Pin To Net: NetName=GND Pin=C34-1
Added Pin To Net: NetName=GND Pin=C35-1
Added Pin To Net: NetName=GND Pin=C36-1
Added Pin To Net: NetName=24V Pin=C36-2
Added Pin To Net: NetName=GND Pin=C37-1
Added Pin To Net: NetName=24V Pin=C37-2
Added Pin To Net: NetName=GND Pin=C38-1
Added Pin To Net: NetName=24V Pin=C38-2
Added Pin To Net: NetName=24V Pin=C39-1
Added Pin To Net: NetName=GND Pin=C39-2
Added Pin To Net: NetName=GND Pin=C40-1
Added Pin To Net: NetName=GND Pin=D10-1
Added Pin To Net: NetName=24V Pin=D12-2
Added Pin To Net: NetName=GND Pin=D13-1
Added Pin To Net: NetName=5V Pin=D13-2
Added Pin To Net: NetName=GND Pin=D14-1
Added Pin To Net: NetName=GND Pin=D15-1
Added Pin To Net: NetName=5V Pin=F8-1
Added Pin To Net: NetName=CM4_3V3 Pin=J11-1
Added Pin To Net: NetName=5V_PI Pin=J11-2
Added Pin To Net: NetName=GPIO2 Pin=J11-3
Added Pin To Net: NetName=5V_PI Pin=J11-4
Added Pin To Net: NetName=GPIO3 Pin=J11-5
Added Pin To Net: NetName=GND Pin=J11-6
Added Pin To Net: NetName=GPIO4 Pin=J11-7
Added Pin To Net: NetName=GPIO14 Pin=J11-8
Added Pin To Net: NetName=GND Pin=J11-9
Added Pin To Net: NetName=GPIO15 Pin=J11-10
Added Pin To Net: NetName=GPIO17 Pin=J11-11
Added Pin To Net: NetName=GPIO18 Pin=J11-12
Added Pin To Net: NetName=GPIO27 Pin=J11-13
Added Pin To Net: NetName=GND Pin=J11-14
Added Pin To Net: NetName=GPIO22 Pin=J11-15
Added Pin To Net: NetName=GPIO23 Pin=J11-16
Added Pin To Net: NetName=CM4_3V3 Pin=J11-17
Added Pin To Net: NetName=GPIO24 Pin=J11-18
Added Pin To Net: NetName=GPIO10 Pin=J11-19
Added Pin To Net: NetName=GND Pin=J11-20
Added Pin To Net: NetName=GPIO9 Pin=J11-21
Added Pin To Net: NetName=GPIO25 Pin=J11-22
Added Pin To Net: NetName=GPIO11 Pin=J11-23
Added Pin To Net: NetName=GPIO8 Pin=J11-24
Added Pin To Net: NetName=GND Pin=J11-25
Added Pin To Net: NetName=GPIO7 Pin=J11-26
Added Pin To Net: NetName=I2C_ID.SDA Pin=J11-27
Added Pin To Net: NetName=I2C_ID.SCL Pin=J11-28
Added Pin To Net: NetName=GPIO5 Pin=J11-29
Added Pin To Net: NetName=GND Pin=J11-30
Added Pin To Net: NetName=GPIO6 Pin=J11-31
Added Pin To Net: NetName=GPIO12 Pin=J11-32
Added Pin To Net: NetName=GPIO13 Pin=J11-33
Added Pin To Net: NetName=GND Pin=J11-34
Added Pin To Net: NetName=GPIO19 Pin=J11-35
Added Pin To Net: NetName=GPIO16 Pin=J11-36
Added Pin To Net: NetName=GPIO26 Pin=J11-37
Added Pin To Net: NetName=GPIO20 Pin=J11-38
Added Pin To Net: NetName=GND Pin=J11-39
Added Pin To Net: NetName=GPIO21 Pin=J11-40
Added Pin To Net: NetName=GND Pin=J12-2
Added Pin To Net: NetName=GND Pin=J12-3
Added Pin To Net: NetName=GND Pin=J13-2
Added Pin To Net: NetName=GND Pin=J15-4
Added Pin To Net: NetName=GND Pin=J15-5
Added Pin To Net: NetName=GND Pin=J15-5
Added Pin To Net: NetName=GND Pin=J15-6
Added Pin To Net: NetName=GND Pin=J15-7
Added Pin To Net: NetName=5V Pin=L1-2
Added Pin To Net: NetName=GND Pin=L2-1
Added Pin To Net: NetName=5V Pin=R54-2
Added Pin To Net: NetName=GND Pin=R55-1
Added Pin To Net: NetName=GND Pin=R56-1
Added Pin To Net: NetName=24V Pin=R56-2
Added Pin To Net: NetName=5V Pin=R57-2
Added Pin To Net: NetName=GND Pin=R58-1
Added Pin To Net: NetName=3V3 Pin=R58-2
Added Pin To Net: NetName=GND Pin=R59-1
Added Pin To Net: NetName=24V Pin=R60-2
Added Pin To Net: NetName=24V Pin=R61-2
Added Pin To Net: NetName=GND Pin=R62-1
Added Pin To Net: NetName=GND Pin=R63-1
Added Pin To Net: NetName=GND Pin=R64-1
Added Pin To Net: NetName=GND Pin=U8-1
Added Pin To Net: NetName=5V Pin=U9-1
Added Pin To Net: NetName=GND Pin=U9-2
Added Pin To Net: NetName=3V3 Pin=U9-3
Added Pin To Net: NetName=GND Pin=U10-1
Added Pin To Net: NetName=HV_RAIL_EN Pin=R62-2
Added Pin To Net: NetName=HV_RAIL_EN Pin=U10-2
Added Net: Name=HV_RAIL_EN
Added Pin To Net: NetName=NetC17_1 Pin=C17-1
Added Pin To Net: NetName=NetC17_1 Pin=R54-1
Added Pin To Net: NetName=NetC17_1 Pin=R55-2
Added Pin To Net: NetName=NetC17_1 Pin=U8-2
Added Net: Name=NetC17_1
Added Pin To Net: NetName=NetC18_1 Pin=C18-1
Added Pin To Net: NetName=NetC18_1 Pin=U8-4
Added Net: Name=NetC18_1
Added Pin To Net: NetName=NetC31_1 Pin=C31-1
Added Pin To Net: NetName=NetC31_1 Pin=J14-2
Added Pin To Net: NetName=NetC31_1 Pin=R63-2
Added Pin To Net: NetName=NetC31_1 Pin=U10-5
Added Net: Name=NetC31_1
Added Pin To Net: NetName=NetC32_1 Pin=C32-1
Added Pin To Net: NetName=NetC32_1 Pin=U10-3
Added Pin To Net: NetName=NetC32_1 Pin=U10-6
Added Net: Name=NetC32_1
Added Pin To Net: NetName=NetC32_2 Pin=C32-2
Added Pin To Net: NetName=NetC32_2 Pin=D12-1
Added Net: Name=NetC32_2
Added Pin To Net: NetName=NetD10_2 Pin=D10-2
Added Pin To Net: NetName=NetD10_2 Pin=L1-1
Added Pin To Net: NetName=NetD10_2 Pin=U8-3
Added Pin To Net: NetName=NetD10_2 Pin=U8-6
Added Net: Name=NetD10_2
Added Pin To Net: NetName=NetJ14_1 Pin=J14-1
Added Pin To Net: NetName=NetJ14_1 Pin=R60-1
Added Net: Name=NetJ14_1
Added Pin To Net: NetName=NetJ14_3 Pin=J14-3
Added Pin To Net: NetName=NetJ14_3 Pin=R61-1
Added Net: Name=NetJ14_3
Added Pin To Net: NetName=NetR57_1 Pin=R57-1
Added Pin To Net: NetName=NetR57_1 Pin=R59-2
Added Net: Name=NetR57_1
Added Pin To Net: NetName=USB.DATA_N Pin=D15-2
Added Pin To Net: NetName=USB.DATA_N Pin=J15-2
Added Net: Name=USB.DATA_N
Added Pin To Net: NetName=USB.DATA_P Pin=D14-2
Added Pin To Net: NetName=USB.DATA_P Pin=J15-3
Added Net: Name=USB.DATA_P
Added Pin To Net: NetName=USB.ID Pin=R64-2
Added Net: Name=USB.ID
Added Pin To Net: NetName=VBUS Pin=C40-2
Added Pin To Net: NetName=VBUS Pin=F8-2
Added Pin To Net: NetName=VBUS Pin=J15-1
Added Net: Name=VBUS
Added Pin To Net: NetName=VIN_JACK Pin=D9-1
Added Pin To Net: NetName=VIN_JACK Pin=J12-4
Added Net: Name=VIN_JACK
Added Pin To Net: NetName=VIN_TERM Pin=D11-1
Added Pin To Net: NetName=VIN_TERM Pin=J13-1
Added Net: Name=VIN_TERM
Added Pin To Net: NetName=VIN Pin=C18-2
Added Pin To Net: NetName=VIN Pin=C23-2
Added Pin To Net: NetName=VIN Pin=C24-2
Added Pin To Net: NetName=VIN Pin=C25-2
Added Pin To Net: NetName=VIN Pin=C26-1
Added Pin To Net: NetName=VIN Pin=C27-1
Added Pin To Net: NetName=VIN Pin=C33-2
Added Pin To Net: NetName=VIN Pin=C34-2
Added Pin To Net: NetName=VIN Pin=C35-2
Added Pin To Net: NetName=VIN Pin=D9-2
Added Pin To Net: NetName=VIN Pin=D11-2
Added Pin To Net: NetName=VIN Pin=L2-2
Added Pin To Net: NetName=VIN Pin=U8-5
Added Pin To Net: NetName=VIN Pin=U10-4
Added Net: Name=VIN
Added Class: Name=Power
Added Class: Name=USB
Added Member To Class: ClassName=CM4 Member=Component J11 C71827
Added Room: Name=Power
Added Room: Name=USB
