Added Component: Designator=C15(SMD_CAP_0402(1005)_N)
Add component (AddParameter): Name = "Capacitance"; Value = "100nF"; VariantName = "[No Variations]"
Add component (AddParameter): Name = "Package"; Value = "0402"; VariantName = "[No Variations]"
Add component (AddParameter): Name = "Tolerance"; Value = "10%"; VariantName = "[No Variations]"
Add component (AddParameter): Name = "Voltage Rating"; Value = "50V"; VariantName = "[No Variations]"
Added Component: Designator=C16(SMD_CAP_0402(1005)_N)
Add component (AddParameter): Name = "Capacitance"; Value = "100nF"; VariantName = "[No Variations]"
Add component (AddParameter): Name = "Package"; Value = "0402"; VariantName = "[No Variations]"
Add component (AddParameter): Name = "Tolerance"; Value = "10%"; VariantName = "[No Variations]"
Add component (AddParameter): Name = "Voltage Rating"; Value = "50V"; VariantName = "[No Variations]"
Added Component: Designator=J10(HR913550A)
Added Component: Designator=R44(SMD_RES_0402(1005)_N)
Add component (AddParameter): Name = "Package"; Value = "0402"; VariantName = "[No Variations]"
Add component (AddParameter): Name = "Power Rating"; Value = "1/16W"; VariantName = "[No Variations]"
Add component (AddParameter): Name = "Resistance"; Value = "49.9R"; VariantName = "[No Variations]"
Add component (AddParameter): Name = "Tolerance"; Value = "1%"; VariantName = "[No Variations]"
Added Component: Designator=R45(SMD_RES_0402(1005)_N)
Add component (AddParameter): Name = "Package"; Value = "0402"; VariantName = "[No Variations]"
Add component (AddParameter): Name = "Power Rating"; Value = "1/16W"; VariantName = "[No Variations]"
Add component (AddParameter): Name = "Resistance"; Value = "49.9R"; VariantName = "[No Variations]"
Add component (AddParameter): Name = "Tolerance"; Value = "1%"; VariantName = "[No Variations]"
Added Component: Designator=R46(SMD_RES_0402(1005)_N)
Add component (AddParameter): Name = "Package"; Value = "0402"; VariantName = "[No Variations]"
Add component (AddParameter): Name = "Power Rating"; Value = "1/16W"; VariantName = "[No Variations]"
Add component (AddParameter): Name = "Resistance"; Value = "49.9R"; VariantName = "[No Variations]"
Add component (AddParameter): Name = "Tolerance"; Value = "1%"; VariantName = "[No Variations]"
Added Component: Designator=R47(SMD_RES_0402(1005)_N)
Add component (AddParameter): Name = "Package"; Value = "0402"; VariantName = "[No Variations]"
Add component (AddParameter): Name = "Power Rating"; Value = "1/16W"; VariantName = "[No Variations]"
Add component (AddParameter): Name = "Resistance"; Value = "49.9R"; VariantName = "[No Variations]"
Add component (AddParameter): Name = "Tolerance"; Value = "1%"; VariantName = "[No Variations]"
Added Component: Designator=R48(SMD_RES_0402(1005)_N)
Add component (AddParameter): Name = "Package"; Value = "0402"; VariantName = "[No Variations]"
Add component (AddParameter): Name = "Power Rating"; Value = "1W"; VariantName = "[No Variations]"
Add component (AddParameter): Name = "Resistance"; Value = "470R"; VariantName = "[No Variations]"
Add component (AddParameter): Name = "Tolerance"; Value = "1%"; VariantName = "[No Variations]"
Added Component: Designator=R49(SMD_RES_0402(1005)_N)
Add component (AddParameter): Name = "Package"; Value = "0402"; VariantName = "[No Variations]"
Add component (AddParameter): Name = "Power Rating"; Value = "1W"; VariantName = "[No Variations]"
Add component (AddParameter): Name = "Resistance"; Value = "470R"; VariantName = "[No Variations]"
Add component (AddParameter): Name = "Tolerance"; Value = "1%"; VariantName = "[No Variations]"
Added Component: Designator=R50(SMD_RES_0402(1005)_N)
Add component (AddParameter): Name = "Package"; Value = "0402"; VariantName = "[No Variations]"
Add component (AddParameter): Name = "Power Rating"; Value = "1/16W"; VariantName = "[No Variations]"
Add component (AddParameter): Name = "Resistance"; Value = "0R"; VariantName = "[No Variations]"
Add component (AddParameter): Name = "Tolerance"; Value = "1%"; VariantName = "[No Variations]"
Added Component: Designator=R51(SMD_RES_0402(1005)_N)
Add component (AddParameter): Name = "Package"; Value = "0402"; VariantName = "[No Variations]"
Add component (AddParameter): Name = "Power Rating"; Value = "1/16W"; VariantName = "[No Variations]"
Add component (AddParameter): Name = "Resistance"; Value = "0R"; VariantName = "[No Variations]"
Add component (AddParameter): Name = "Tolerance"; Value = "1%"; VariantName = "[No Variations]"
Added Component: Designator=R52(SMD_RES_0402(1005)_N)
Add component (AddParameter): Name = "Package"; Value = "0402"; VariantName = "[No Variations]"
Add component (AddParameter): Name = "Power Rating"; Value = "1/16W"; VariantName = "[No Variations]"
Add component (AddParameter): Name = "Resistance"; Value = "0R"; VariantName = "[No Variations]"
Add component (AddParameter): Name = "Tolerance"; Value = "1%"; VariantName = "[No Variations]"
Added Component: Designator=R53(SMD_RES_0402(1005)_N)
Add component (AddParameter): Name = "Package"; Value = "0402"; VariantName = "[No Variations]"
Add component (AddParameter): Name = "Power Rating"; Value = "1/16W"; VariantName = "[No Variations]"
Add component (AddParameter): Name = "Resistance"; Value = "0R"; VariantName = "[No Variations]"
Add component (AddParameter): Name = "Tolerance"; Value = "1%"; VariantName = "[No Variations]"
Added Pin To Net: NetName=GND Pin=C15-1
Added Pin To Net: NetName=3V3 Pin=C15-2
Added Pin To Net: NetName=GND Pin=C16-1
Added Pin To Net: NetName=3V3 Pin=C16-2
Added Pin To Net: NetName=GND Pin=J10-0
Added Pin To Net: NetName=GND Pin=J10-0
Added Pin To Net: NetName=GND Pin=J10-0
Added Pin To Net: NetName=GND Pin=J10-0
Added Pin To Net: NetName=3V3 Pin=J10-4
Added Pin To Net: NetName=3V3 Pin=J10-5
Added Pin To Net: NetName=GND Pin=J10-8
Added Pin To Net: NetName=3V3 Pin=R44-2
Added Pin To Net: NetName=3V3 Pin=R45-2
Added Pin To Net: NetName=3V3 Pin=R46-2
Added Pin To Net: NetName=3V3 Pin=R47-2
Added Pin To Net: NetName=3V3 Pin=R48-2
Added Pin To Net: NetName=3V3 Pin=R49-2
Added Pin To Net: NetName=NetJ10_1 Pin=J10-1
Added Pin To Net: NetName=NetJ10_1 Pin=R44-1
Added Pin To Net: NetName=NetJ10_1 Pin=R50-2
Added Net: Name=NetJ10_1
Added Pin To Net: NetName=NetJ10_2 Pin=J10-2
Added Pin To Net: NetName=NetJ10_2 Pin=R45-1
Added Pin To Net: NetName=NetJ10_2 Pin=R51-2
Added Net: Name=NetJ10_2
Added Pin To Net: NetName=NetJ10_3 Pin=J10-3
Added Pin To Net: NetName=NetJ10_3 Pin=R46-1
Added Pin To Net: NetName=NetJ10_3 Pin=R52-2
Added Net: Name=NetJ10_3
Added Pin To Net: NetName=NetJ10_6 Pin=J10-6
Added Pin To Net: NetName=NetJ10_6 Pin=R47-1
Added Pin To Net: NetName=NetJ10_6 Pin=R53-2
Added Net: Name=NetJ10_6
Added Pin To Net: NetName=NetJ10_9 Pin=J10-9
Added Pin To Net: NetName=NetJ10_9 Pin=R49-1
Added Net: Name=NetJ10_9
Added Pin To Net: NetName=NetJ10_12 Pin=J10-12
Added Pin To Net: NetName=NetJ10_12 Pin=R48-1
Added Net: Name=NetJ10_12
Added Class: Name=Ethernet
Added Room: Name=Ethernet
