Removed Member From Class: ClassName=AnalogueOut Member=U?
Change Component Designator: OldDesignator=C? NewDesignator=C1
Change Component Designator: OldDesignator=C? NewDesignator=C2
Change Component Designator: OldDesignator=C? NewDesignator=C3
Change Component Designator: OldDesignator=C? NewDesignator=C4
Change Component Designator: OldDesignator=C? NewDesignator=C5
Change Component Designator: OldDesignator=C? NewDesignator=C6
Change Component Designator: OldDesignator=C? NewDesignator=C7
Change Component Designator: OldDesignator=C? NewDesignator=C8
Change Component Designator: OldDesignator=D? NewDesignator=D2
Change Component Designator: OldDesignator=J? NewDesignator=J4
Change Component Designator: OldDesignator=R? NewDesignator=R1
Change Component Designator: OldDesignator=R? NewDesignator=R2
Change Component Designator: OldDesignator=R? NewDesignator=R3
Change Component Designator: OldDesignator=R? NewDesignator=R4
Change Component Designator: OldDesignator=R? NewDesignator=R5
Change Component Designator: OldDesignator=R? NewDesignator=R6
Change Component Designator: OldDesignator=R? NewDesignator=R7
Change Component Designator: OldDesignator=R? NewDesignator=R8
Change Component Designator: OldDesignator=R? NewDesignator=R9
Change Component Designator: OldDesignator=R? NewDesignator=R10
Change Component Designator: OldDesignator=R? NewDesignator=R11
Change Component Designator: OldDesignator=R? NewDesignator=R12
Change Component Designator: OldDesignator=R? NewDesignator=R13
Change Component Designator: OldDesignator=R? NewDesignator=R14
Change Component Designator: OldDesignator=R? NewDesignator=R15
Change Component Designator: OldDesignator=R? NewDesignator=R16
Change Component Designator: OldDesignator=R? NewDesignator=R17
Change Component Designator: OldDesignator=R? NewDesignator=R18
Change Component Designator: OldDesignator=R? NewDesignator=R19
Change Component Designator: OldDesignator=R? NewDesignator=R20
Change Component Designator: OldDesignator=R? NewDesignator=R21
Change Component Designator: OldDesignator=R? NewDesignator=R22
Change Component Designator: OldDesignator=U? NewDesignator=U3
Added Pin To Net: NetName=FB_CC_1 Pin=U3-1
Added Pin To Net: NetName=FB_CV_1 Pin=U3-3
Added Pin To Net: NetName=FB_1 Pin=U3-4
Added Pin To Net: NetName=CV_CC_MODE_SEL_1 Pin=U3-6
Change Net Name : Old Net Name=NetC?_1 New Net Name=NetC1_1
Change Net Name : Old Net Name=NetC?_2 New Net Name=NetC4_2
Change Net Name : Old Net Name=NetR?_1 New Net Name=NetR4_1
Change Net Name : Old Net Name=NetR?_2 New Net Name=NetR3_2
Added Pin To Net: NetName=NetC1_2 Pin=C1-2
Added Pin To Net: NetName=NetC1_2 Pin=R1-2
Added Pin To Net: NetName=NetC1_2 Pin=U1-3
Added Net: Name=NetC1_2
Added Pin To Net: NetName=NetC4_1 Pin=C4-1
Added Pin To Net: NetName=NetC4_1 Pin=R5-1
Added Pin To Net: NetName=NetC4_1 Pin=R7-2
Added Pin To Net: NetName=NetC4_1 Pin=U1-6
Added Net: Name=NetC4_1
Added Pin To Net: NetName=NetC5_1 Pin=C5-1
Added Pin To Net: NetName=NetC5_1 Pin=R13-2
Added Pin To Net: NetName=NetC5_1 Pin=U1-9
Added Net: Name=NetC5_1
Added Pin To Net: NetName=NetC5_2 Pin=C5-2
Added Pin To Net: NetName=NetC5_2 Pin=R12-2
Added Pin To Net: NetName=NetC5_2 Pin=U1-10
Added Net: Name=NetC5_2
Added Pin To Net: NetName=NetC8_1 Pin=C8-1
Added Pin To Net: NetName=NetC8_1 Pin=R16-1
Added Pin To Net: NetName=NetC8_1 Pin=R18-2
Added Pin To Net: NetName=NetC8_1 Pin=U1-13
Added Net: Name=NetC8_1
Added Pin To Net: NetName=NetC8_2 Pin=C8-2
Added Pin To Net: NetName=NetC8_2 Pin=R14-1
Added Pin To Net: NetName=NetC8_2 Pin=R17-2
Added Pin To Net: NetName=NetC8_2 Pin=U1-12
Added Net: Name=NetC8_2
Added Pin To Net: NetName=NetR14_2 Pin=R14-2
Added Pin To Net: NetName=NetR14_2 Pin=R15-2
Added Pin To Net: NetName=NetR14_2 Pin=U1-8
Added Net: Name=NetR14_2
Added Pin To Net: NetName=NetR15_1 Pin=R15-1
Added Pin To Net: NetName=NetR15_1 Pin=R16-2
Added Pin To Net: NetName=NetR15_1 Pin=R19-2
Added Net: Name=NetR15_1
Added Member To Class: ClassName=AnalogueOut Member=Component C2 CC0402KRX5R9BB104
Added Member To Class: ClassName=AnalogueOut Member=Component C3 CC0402KRX5R6BB104
Added Member To Class: ClassName=AnalogueOut Member=Component C4 CC0402KRX7R9BB103
Added Member To Class: ClassName=AnalogueOut Member=Component C5 CC0402KRX7R9BB103
Added Member To Class: ClassName=AnalogueOut Member=Component C6 CC0402KRX5R6BB104
Added Member To Class: ClassName=AnalogueOut Member=Component C7 CC0402KRX5R6BB104
Added Member To Class: ClassName=AnalogueOut Member=Component C8 CC0402KRX7R9BB103
Added Member To Class: ClassName=AnalogueOut Member=Component R2 RC0402FR-0710KL
Added Member To Class: ClassName=AnalogueOut Member=Component R3 RC0402FR-0710KL
Added Member To Class: ClassName=AnalogueOut Member=Component R4 AC2512FK-0747RL
Added Member To Class: ClassName=AnalogueOut Member=Component R5 RC0402FR-0710KL
Added Member To Class: ClassName=AnalogueOut Member=Component R6 RC0402FR-0747KL
Added Member To Class: ClassName=AnalogueOut Member=Component R7 RC0402FR-0747KL
Added Member To Class: ClassName=AnalogueOut Member=Component R8 AC2512FK-0747RL
Added Member To Class: ClassName=AnalogueOut Member=Component R9 RC0402FR-0710KL
Added Member To Class: ClassName=AnalogueOut Member=Component R10 RC0402FR-0722KL
Added Member To Class: ClassName=AnalogueOut Member=Component R11 RC0402FR-0710KL
Added Member To Class: ClassName=AnalogueOut Member=Component R12 RC0402FR-0710KL
Added Member To Class: ClassName=AnalogueOut Member=Component R13 RC0402FR-0710KL
Added Member To Class: ClassName=AnalogueOut Member=Component R14 RC0402FR-0710KL
Added Member To Class: ClassName=AnalogueOut Member=Component R15 AC2512FK-0747RL
Added Member To Class: ClassName=AnalogueOut Member=Component R16 RC0402FR-0710KL
Added Member To Class: ClassName=AnalogueOut Member=Component R17 RC0402FR-0747KL
Added Member To Class: ClassName=AnalogueOut Member=Component R18 RC0402FR-0747KL
Added Member To Class: ClassName=AnalogueOut Member=Component R19 AC2512FK-0747RL
Added Member To Class: ClassName=AnalogueOut Member=Component R20 RC0402FR-0710KL
Added Member To Class: ClassName=AnalogueOut Member=Component R21 RC0402FR-0722KL
Added Member To Class: ClassName=AnalogueOut Member=Component R22 RC0402FR-0710KL
Added Member To Class: ClassName=AnalogueOut Member=Component U3 WAS3157B
Added Room: Name=AnalogueOut
Added Room: Name=CM4
