Removed Pin From Net: NetName=P\I\_\L\E\D\_\A\C\T\I\V\I\T\Y\ Pin=J1-21
Removed Pin From Net: NetName=GND Pin=J1-22
Removed Pin From Net: NetName=GND Pin=J1-23
Removed Pin From Net: NetName=GPIO26 Pin=J1-24
Removed Pin From Net: NetName=GPIO12 Pin=J1-31
Removed Pin From Net: NetName=GND Pin=J1-32
Removed Pin From Net: NetName=GND Pin=J1-33
Removed Pin From Net: NetName=GPIO5 Pin=J1-34
Removed Pin From Net: NetName=GPIO25 Pin=J1-41
Removed Pin From Net: NetName=GND Pin=J1-42
Removed Pin From Net: NetName=GND Pin=J1-43
Removed Pin From Net: NetName=GPIO10 Pin=J1-44
Removed Pin From Net: NetName=GPIO15 Pin=J1-51
Removed Pin From Net: NetName=GND Pin=J1-52
Removed Pin From Net: NetName=GND Pin=J1-53
Removed Pin From Net: NetName=GPIO4 Pin=J1-54
Removed Pin From Net: NetName=GND Pin=J1-71
Removed Pin From Net: NetName=SD_DAT6 Pin=J1-72
Removed Pin From Net: NetName=SD_VDD_OVERRIDE Pin=J1-73
Removed Pin From Net: NetName=GND Pin=J1-74
Removed Pin From Net: NetName=5V_PI Pin=J1-77
Removed Pin From Net: NetName=GPIO_VREF Pin=J1-78
Removed Pin From Net: NetName=5V_PI Pin=J1-79
Removed Pin From Net: NetName=SCL0 Pin=J1-80
Removed Pin From Net: NetName=5V_PI Pin=J1-81
Removed Pin From Net: NetName=SDA0 Pin=J1-82
Removed Pin From Net: NetName=5V_PI Pin=J1-83
Removed Pin From Net: NetName=CM4_3V3 Pin=J1-84
Removed Pin From Net: NetName=5V_PI Pin=J1-85
Removed Pin From Net: NetName=CM4_3V3 Pin=J1-86
Removed Pin From Net: NetName=5V_PI Pin=J1-87
Removed Pin From Net: NetName=CM4_1V8 Pin=J1-88
Removed Pin From Net: NetName=W\L\_\D\I\S\A\B\L\E\ Pin=J1-89
Removed Pin From Net: NetName=CM4_1V8 Pin=J1-90
Removed Pin From Net: NetName=CAMERA_GPIO Pin=J1-97
Removed Pin From Net: NetName=GND Pin=J1-98
Removed Pin From Net: NetName=USB_N Pin=J2-3
Removed Pin From Net: NetName=RESERVED2 Pin=J2-4
Removed Pin From Net: NetName=GND Pin=J2-7
Removed Pin From Net: NetName=GND Pin=J2-8
Removed Pin From Net: NetName=P\C\I\E\_\R\S\T\ Pin=J2-9
Removed Pin From Net: NetName=P\C\I\E\_\C\L\K\_\P\ Pin=J2-10
Removed Pin From Net: NetName=GND Pin=J2-13
Removed Pin From Net: NetName=GND Pin=J2-14
Removed Pin From Net: NetName=CAM1_D0_N Pin=J2-15
Removed Pin From Net: NetName=P\C\I\E\_\R\X\_\N\ Pin=J2-16
Removed Pin From Net: NetName=GND Pin=J2-19
Removed Pin From Net: NetName=GND Pin=J2-20
Removed Pin From Net: NetName=CAM1_D1_N Pin=J2-21
Removed Pin From Net: NetName=P\C\I\E\_\T\X\_\P\ Pin=J2-22
Removed Pin From Net: NetName=GND Pin=J2-25
Removed Pin From Net: NetName=GND Pin=J2-26
Removed Pin From Net: NetName=CAM1_C_N Pin=J2-27
Removed Pin From Net: NetName=CAM0_D0_N Pin=J2-28
Removed Pin From Net: NetName=GND Pin=J2-31
Removed Pin From Net: NetName=GND Pin=J2-32
Removed Pin From Net: NetName=CAM1_D2_N Pin=J2-33
Removed Pin From Net: NetName=CAM0_D1_N Pin=J2-34
Removed Pin From Net: NetName=GND Pin=J2-37
Removed Pin From Net: NetName=GND Pin=J2-38
Removed Pin From Net: NetName=CAM1_D3_N Pin=J2-39
Removed Pin From Net: NetName=CAM0_C_N Pin=J2-40
Removed Pin From Net: NetName=GND Pin=J2-44
Removed Pin From Net: NetName=HDMI1.SDA Pin=J2-45
Removed Pin From Net: NetName=HDMI1.D2_P Pin=J2-46
Removed Pin From Net: NetName=GND Pin=J2-50
Removed Pin From Net: NetName=HDMI1.D1_P Pin=J2-52
Removed Pin From Net: NetName=GND Pin=J2-55
Removed Pin From Net: NetName=GND Pin=J2-56
Removed Pin From Net: NetName=HDMI1.D0_P Pin=J2-58
Removed Pin From Net: NetName=GND Pin=J2-61
Removed Pin From Net: NetName=GND Pin=J2-62
Removed Pin From Net: NetName=DSI0.D1_P Pin=J2-63
Removed Pin From Net: NetName=HDMI1.CLK_P Pin=J2-64
Removed Pin From Net: NetName=GND Pin=J2-67
Removed Pin From Net: NetName=GND Pin=J2-68
Removed Pin From Net: NetName=DSI0.CLK_P Pin=J2-69
Removed Pin From Net: NetName=HDMI0.D2_P Pin=J2-70
Removed Pin From Net: NetName=GND Pin=J2-73
Removed Pin From Net: NetName=GND Pin=J2-74
Removed Pin From Net: NetName=DSI1.D0_P Pin=J2-75
Removed Pin From Net: NetName=HDMI0.D1_P Pin=J2-76
Removed Pin From Net: NetName=GND Pin=J2-79
Removed Pin From Net: NetName=GND Pin=J2-80
Removed Pin From Net: NetName=DSI1.D1_P Pin=J2-81
Removed Pin From Net: NetName=HDMI0.D0_P Pin=J2-82
Removed Pin From Net: NetName=GND Pin=J2-85
Removed Pin From Net: NetName=GND Pin=J2-86
Removed Pin From Net: NetName=DSI1.CLK_P Pin=J2-87
Removed Pin From Net: NetName=HDMI0.CLK_P Pin=J2-88
Removed Pin From Net: NetName=GND Pin=J2-91
Removed Pin From Net: NetName=GND Pin=J2-92
Removed Pin From Net: NetName=DSI1.D2_P Pin=J2-93
Removed Pin From Net: NetName=DSI1.D3_P Pin=J2-94
Removed Pin From Net: NetName=GND Pin=J2-97
Removed Pin From Net: NetName=GND Pin=J2-98
Added Pin To Net: NetName=GND Pin=J1-21
Added Pin To Net: NetName=P\I\_\L\E\D\_\A\C\T\I\V\I\T\Y\ Pin=J1-22
Added Pin To Net: NetName=GPIO26 Pin=J1-23
Added Pin To Net: NetName=GND Pin=J1-24
Added Pin To Net: NetName=GND Pin=J1-31
Added Pin To Net: NetName=GPIO12 Pin=J1-32
Added Pin To Net: NetName=GPIO5 Pin=J1-33
Added Pin To Net: NetName=GND Pin=J1-34
Added Pin To Net: NetName=GND Pin=J1-41
Added Pin To Net: NetName=GPIO25 Pin=J1-42
Added Pin To Net: NetName=GPIO10 Pin=J1-43
Added Pin To Net: NetName=GND Pin=J1-44
Added Pin To Net: NetName=GND Pin=J1-51
Added Pin To Net: NetName=GPIO15 Pin=J1-52
Added Pin To Net: NetName=GPIO4 Pin=J1-53
Added Pin To Net: NetName=GND Pin=J1-54
Added Pin To Net: NetName=SD_DAT6 Pin=J1-71
Added Pin To Net: NetName=GND Pin=J1-72
Added Pin To Net: NetName=GND Pin=J1-73
Added Pin To Net: NetName=SD_VDD_OVERRIDE Pin=J1-74
Added Pin To Net: NetName=GPIO_VREF Pin=J1-77
Added Pin To Net: NetName=5V_PI Pin=J1-78
Added Pin To Net: NetName=SCL0 Pin=J1-79
Added Pin To Net: NetName=5V_PI Pin=J1-80
Added Pin To Net: NetName=SDA0 Pin=J1-81
Added Pin To Net: NetName=5V_PI Pin=J1-82
Added Pin To Net: NetName=CM4_3V3 Pin=J1-83
Added Pin To Net: NetName=5V_PI Pin=J1-84
Added Pin To Net: NetName=CM4_3V3 Pin=J1-85
Added Pin To Net: NetName=5V_PI Pin=J1-86
Added Pin To Net: NetName=CM4_1V8 Pin=J1-87
Added Pin To Net: NetName=5V_PI Pin=J1-88
Added Pin To Net: NetName=CM4_1V8 Pin=J1-89
Added Pin To Net: NetName=W\L\_\D\I\S\A\B\L\E\ Pin=J1-90
Added Pin To Net: NetName=GND Pin=J1-97
Added Pin To Net: NetName=CAMERA_GPIO Pin=J1-98
Added Pin To Net: NetName=GND Pin=J2-3
Added Pin To Net: NetName=GND Pin=J2-4
Added Pin To Net: NetName=DSI1.D2_P Pin=J2-7
Added Pin To Net: NetName=DSI1.D3_P Pin=J2-8
Added Pin To Net: NetName=GND Pin=J2-9
Added Pin To Net: NetName=GND Pin=J2-10
Added Pin To Net: NetName=DSI1.CLK_P Pin=J2-13
Added Pin To Net: NetName=HDMI0.CLK_P Pin=J2-14
Added Pin To Net: NetName=GND Pin=J2-15
Added Pin To Net: NetName=GND Pin=J2-16
Added Pin To Net: NetName=DSI1.D1_P Pin=J2-19
Added Pin To Net: NetName=HDMI0.D0_P Pin=J2-20
Added Pin To Net: NetName=GND Pin=J2-21
Added Pin To Net: NetName=GND Pin=J2-22
Added Pin To Net: NetName=DSI1.D0_P Pin=J2-25
Added Pin To Net: NetName=HDMI0.D1_P Pin=J2-26
Added Pin To Net: NetName=GND Pin=J2-27
Added Pin To Net: NetName=GND Pin=J2-28
Added Pin To Net: NetName=DSI0.CLK_P Pin=J2-31
Added Pin To Net: NetName=HDMI0.D2_P Pin=J2-32
Added Pin To Net: NetName=GND Pin=J2-33
Added Pin To Net: NetName=GND Pin=J2-34
Added Pin To Net: NetName=DSI0.D1_P Pin=J2-37
Added Pin To Net: NetName=HDMI1.CLK_P Pin=J2-38
Added Pin To Net: NetName=GND Pin=J2-39
Added Pin To Net: NetName=GND Pin=J2-40
Added Pin To Net: NetName=HDMI1.D0_P Pin=J2-44
Added Pin To Net: NetName=GND Pin=J2-45
Added Pin To Net: NetName=GND Pin=J2-46
Added Pin To Net: NetName=HDMI1.D1_P Pin=J2-50
Added Pin To Net: NetName=GND Pin=J2-52
Added Pin To Net: NetName=HDMI1.SDA Pin=J2-55
Added Pin To Net: NetName=HDMI1.D2_P Pin=J2-56
Added Pin To Net: NetName=GND Pin=J2-58
Added Pin To Net: NetName=CAM1_D3_N Pin=J2-61
Added Pin To Net: NetName=CAM0_C_N Pin=J2-62
Added Pin To Net: NetName=GND Pin=J2-63
Added Pin To Net: NetName=GND Pin=J2-64
Added Pin To Net: NetName=CAM1_D2_N Pin=J2-67
Added Pin To Net: NetName=CAM0_D1_N Pin=J2-68
Added Pin To Net: NetName=GND Pin=J2-69
Added Pin To Net: NetName=GND Pin=J2-70
Added Pin To Net: NetName=CAM1_C_N Pin=J2-73
Added Pin To Net: NetName=CAM0_D0_N Pin=J2-74
Added Pin To Net: NetName=GND Pin=J2-75
Added Pin To Net: NetName=GND Pin=J2-76
Added Pin To Net: NetName=CAM1_D1_N Pin=J2-79
Added Pin To Net: NetName=P\C\I\E\_\T\X\_\P\ Pin=J2-80
Added Pin To Net: NetName=GND Pin=J2-81
Added Pin To Net: NetName=GND Pin=J2-82
Added Pin To Net: NetName=CAM1_D0_N Pin=J2-85
Added Pin To Net: NetName=P\C\I\E\_\R\X\_\N\ Pin=J2-86
Added Pin To Net: NetName=GND Pin=J2-87
Added Pin To Net: NetName=GND Pin=J2-88
Added Pin To Net: NetName=P\C\I\E\_\R\S\T\ Pin=J2-91
Added Pin To Net: NetName=P\C\I\E\_\C\L\K\_\P\ Pin=J2-92
Added Pin To Net: NetName=GND Pin=J2-93
Added Pin To Net: NetName=GND Pin=J2-94
Added Pin To Net: NetName=USB_N Pin=J2-97
Added Pin To Net: NetName=RESERVED2 Pin=J2-98
Change Net Name : Old Net Name=ANALOG_IP0 New Net Name=P\I\_\L\E\D\_\P\W\R\
Change Net Name : Old Net Name=ANALOG_IP1 New Net Name=R\P\I\_\B\O\O\T\
Change Net Name : Old Net Name=B\T\_\D\I\S\A\B\L\E\ New Net Name=RUN_PG
Change Net Name : Old Net Name=CAM0_C_P New Net Name=HDMI1.D0_N
Change Net Name : Old Net Name=CAM0_D0_P New Net Name=HDMI0.D2_N
Change Net Name : Old Net Name=CAM0_D1_P New Net Name=HDMI1.CLK_N
Change Net Name : Old Net Name=CAM1_C_P New Net Name=DSI0.CLK_N
Change Net Name : Old Net Name=CAM1_D0_P New Net Name=DSI1.D1_N
Change Net Name : Old Net Name=CAM1_D1_P New Net Name=DSI1.D0_N
Change Net Name : Old Net Name=CAM1_D2_P New Net Name=DSI0.D1_N
Change Net Name : Old Net Name=CAM1_D3_P New Net Name=DSI0.D0_N
Change Net Name : Old Net Name=DSI0.CLK_N New Net Name=CAM1_C_P
Change Net Name : Old Net Name=DSI0.D0_N New Net Name=CAM1_D3_P
Change Net Name : Old Net Name=DSI0.D0_P New Net Name=HDMI1.HPD
Change Net Name : Old Net Name=DSI0.D1_N New Net Name=CAM1_D2_P
Change Net Name : Old Net Name=DSI1.CLK_N New Net Name=VDAC_COMP
Change Net Name : Old Net Name=DSI1.D0_N New Net Name=CAM1_D1_P
Change Net Name : Old Net Name=DSI1.D1_N New Net Name=CAM1_D0_P
Change Net Name : Old Net Name=DSI1.D2_N New Net Name=USB_OTG.D_P
Change Net Name : Old Net Name=DSI1.D3_N New Net Name=RESERVED3
Change Net Name : Old Net Name=E\E\P\R\O\M\_\W\P\ New Net Name=E\T\H\_\L\E\D\1\
Change Net Name : Old Net Name=E\T\H\_\L\E\D\1\ New Net Name=E\E\P\R\O\M\_\W\P\
Change Net Name : Old Net Name=E\T\H\_\L\E\D\2\ New Net Name=ETH_GB.SYNC_OUT
Change Net Name : Old Net Name=E\T\H\_\L\E\D\3\ New Net Name=ETH_GB.SYNC_IN
Change Net Name : Old Net Name=E\X\T\R\S\T\ New Net Name=GLOBAL_EN
Change Net Name : Old Net Name=ETH_GB.D0_N New Net Name=ETH_GB.D2_N
Change Net Name : Old Net Name=ETH_GB.D0_P New Net Name=ETH_GB.D2_P
Change Net Name : Old Net Name=ETH_GB.D1_N New Net Name=ETH_GB.D3_N
Change Net Name : Old Net Name=ETH_GB.D1_P New Net Name=ETH_GB.D3_P
Change Net Name : Old Net Name=ETH_GB.D2_N New Net Name=ETH_GB.D0_N
Change Net Name : Old Net Name=ETH_GB.D2_P New Net Name=ETH_GB.D0_P
Change Net Name : Old Net Name=ETH_GB.D3_N New Net Name=ETH_GB.D1_N
Change Net Name : Old Net Name=ETH_GB.D3_P New Net Name=ETH_GB.D1_P
Change Net Name : Old Net Name=ETH_GB.SYNC_IN New Net Name=E\T\H\_\L\E\D\3\
Change Net Name : Old Net Name=ETH_GB.SYNC_OUT New Net Name=E\T\H\_\L\E\D\2\
Change Net Name : Old Net Name=GLOBAL_EN New Net Name=E\X\T\R\S\T\
Change Net Name : Old Net Name=GPIO2 New Net Name=SD_CLK
Change Net Name : Old Net Name=GPIO3 New Net Name=GPIO14
Change Net Name : Old Net Name=GPIO6 New Net Name=GPIO16
Change Net Name : Old Net Name=GPIO7 New Net Name=GPIO11
Change Net Name : Old Net Name=GPIO8 New Net Name=GPIO9
Change Net Name : Old Net Name=GPIO9 New Net Name=GPIO8
Change Net Name : Old Net Name=GPIO11 New Net Name=GPIO7
Change Net Name : Old Net Name=GPIO13 New Net Name=GPIO20
Change Net Name : Old Net Name=GPIO14 New Net Name=GPIO3
Change Net Name : Old Net Name=GPIO16 New Net Name=GPIO6
Change Net Name : Old Net Name=GPIO17 New Net Name=GPIO18
Change Net Name : Old Net Name=GPIO18 New Net Name=GPIO17
Change Net Name : Old Net Name=GPIO19 New Net Name=GPIO21
Change Net Name : Old Net Name=GPIO20 New Net Name=GPIO13
Change Net Name : Old Net Name=GPIO21 New Net Name=GPIO19
Change Net Name : Old Net Name=GPIO22 New Net Name=GPIO24
Change Net Name : Old Net Name=GPIO23 New Net Name=GPIO27
Change Net Name : Old Net Name=GPIO24 New Net Name=GPIO22
Change Net Name : Old Net Name=GPIO27 New Net Name=GPIO23
Change Net Name : Old Net Name=HDMI0.CEC New Net Name=HDMI1.CEC
Change Net Name : Old Net Name=HDMI0.CLK_N New Net Name=P\C\I\E\_\C\L\K\_\N\
Change Net Name : Old Net Name=HDMI0.D0_N New Net Name=P\C\I\E\_\R\X\_\P\
Change Net Name : Old Net Name=HDMI0.D1_N New Net Name=P\C\I\E\_\T\X\_\N\
Change Net Name : Old Net Name=HDMI0.D2_N New Net Name=CAM0_D0_P
Change Net Name : Old Net Name=HDMI0.HPD New Net Name=HDMI1.SCL
Change Net Name : Old Net Name=HDMI0.SCL New Net Name=P\C\I\E\_\C\L\K\_\R\E\Q\
Change Net Name : Old Net Name=HDMI0.SDA New Net Name=USB_OTG.ID
Change Net Name : Old Net Name=HDMI1.CEC New Net Name=HDMI0.CEC
Change Net Name : Old Net Name=HDMI1.CLK_N New Net Name=CAM0_D1_P
Change Net Name : Old Net Name=HDMI1.D0_N New Net Name=CAM0_C_P
Change Net Name : Old Net Name=HDMI1.D1_N New Net Name=HDMI1.D2_N
Change Net Name : Old Net Name=HDMI1.D2_N New Net Name=HDMI1.D1_N
Change Net Name : Old Net Name=HDMI1.HPD New Net Name=DSI0.D0_P
Change Net Name : Old Net Name=HDMI1.SCL New Net Name=HDMI0.HPD
Change Net Name : Old Net Name=I2C0.SCL New Net Name=I2C0.SDA
Change Net Name : Old Net Name=I2C0.SDA New Net Name=I2C0.SCL
Change Net Name : Old Net Name=P\C\I\E\_\C\L\K\_\N\ New Net Name=HDMI0.CLK_N
Change Net Name : Old Net Name=P\C\I\E\_\C\L\K\_\R\E\Q\ New Net Name=HDMI0.SCL
Change Net Name : Old Net Name=P\C\I\E\_\R\X\_\P\ New Net Name=HDMI0.D0_N
Change Net Name : Old Net Name=P\C\I\E\_\T\X\_\N\ New Net Name=HDMI0.D1_N
Change Net Name : Old Net Name=P\I\_\L\E\D\_\P\W\R\ New Net Name=ANALOG_IP0
Change Net Name : Old Net Name=R\P\I\_\B\O\O\T\ New Net Name=ANALOG_IP1
Change Net Name : Old Net Name=RESERVED1 New Net Name=SD_PWR_ON
Change Net Name : Old Net Name=RESERVED3 New Net Name=DSI1.D3_N
Change Net Name : Old Net Name=RUN_PG New Net Name=B\T\_\D\I\S\A\B\L\E\
Change Net Name : Old Net Name=SD_CLK New Net Name=GPIO2
Change Net Name : Old Net Name=SD_CMD New Net Name=SD_DAT3
Change Net Name : Old Net Name=SD_DAT0 New Net Name=SD_DAT5
Change Net Name : Old Net Name=SD_DAT1 New Net Name=SD_DAT4
Change Net Name : Old Net Name=SD_DAT2 New Net Name=SD_DAT7
Change Net Name : Old Net Name=SD_DAT3 New Net Name=SD_CMD
Change Net Name : Old Net Name=SD_DAT4 New Net Name=SD_DAT1
Change Net Name : Old Net Name=SD_DAT5 New Net Name=SD_DAT0
Change Net Name : Old Net Name=SD_DAT7 New Net Name=SD_DAT2
Change Net Name : Old Net Name=SD_PWR_ON New Net Name=RESERVED1
Change Net Name : Old Net Name=USB_OTG.D_P New Net Name=DSI1.D2_N
Change Net Name : Old Net Name=USB_OTG.ID New Net Name=HDMI0.SDA
Change Net Name : Old Net Name=VDAC_COMP New Net Name=DSI1.CLK_N
Added Room: Name=CM4
