Change Managed Component Library Link : Designator=F1 Old VaultGUID= New VaultGUID=D814680C-BF6A-48BF-A460-F1E8172B4765 Old ItemGUID= New ItemGUID=8151AFB3-3B4F-495A-9315-798C29BA2D98 Old RevisionGUID= New RevisionGUID=04676D1A-7B90-46AB-9C33-959B651187BF
Change Managed Component Library Link : Designator=F2 Old VaultGUID= New VaultGUID=D814680C-BF6A-48BF-A460-F1E8172B4765 Old ItemGUID= New ItemGUID=8151AFB3-3B4F-495A-9315-798C29BA2D98 Old RevisionGUID= New RevisionGUID=04676D1A-7B90-46AB-9C33-959B651187BF
Change Managed Component Library Link : Designator=F3 Old VaultGUID= New VaultGUID=D814680C-BF6A-48BF-A460-F1E8172B4765 Old ItemGUID= New ItemGUID=8151AFB3-3B4F-495A-9315-798C29BA2D98 Old RevisionGUID= New RevisionGUID=04676D1A-7B90-46AB-9C33-959B651187BF
Change Managed Component Library Link : Designator=MB1 Old VaultGUID= New VaultGUID=D814680C-BF6A-48BF-A460-F1E8172B4765 Old ItemGUID= New ItemGUID=d186f16f-98a1-45d5-9809-4606d7e2b06f Old RevisionGUID= New RevisionGUID=c3e3c49e-a6e3-4853-ab9b-d3a8b575ea1e
Change Managed Component Library Link : Designator=MB2 Old VaultGUID= New VaultGUID=D814680C-BF6A-48BF-A460-F1E8172B4765 Old ItemGUID= New ItemGUID=d186f16f-98a1-45d5-9809-4606d7e2b06f Old RevisionGUID= New RevisionGUID=c3e3c49e-a6e3-4853-ab9b-d3a8b575ea1e
Change Managed Component Library Link : Designator=MB3 Old VaultGUID= New VaultGUID=D814680C-BF6A-48BF-A460-F1E8172B4765 Old ItemGUID= New ItemGUID=d186f16f-98a1-45d5-9809-4606d7e2b06f Old RevisionGUID= New RevisionGUID=c3e3c49e-a6e3-4853-ab9b-d3a8b575ea1e
Change Managed Component Library Link : Designator=MB4 Old VaultGUID= New VaultGUID=D814680C-BF6A-48BF-A460-F1E8172B4765 Old ItemGUID= New ItemGUID=d186f16f-98a1-45d5-9809-4606d7e2b06f Old RevisionGUID= New RevisionGUID=c3e3c49e-a6e3-4853-ab9b-d3a8b575ea1e
Change Managed Component Library Link : Designator=MB5 Old VaultGUID= New VaultGUID=D814680C-BF6A-48BF-A460-F1E8172B4765 Old ItemGUID= New ItemGUID=d186f16f-98a1-45d5-9809-4606d7e2b06f Old RevisionGUID= New RevisionGUID=c3e3c49e-a6e3-4853-ab9b-d3a8b575ea1e
Change Managed Component Library Link : Designator=MB6 Old VaultGUID= New VaultGUID=D814680C-BF6A-48BF-A460-F1E8172B4765 Old ItemGUID= New ItemGUID=d186f16f-98a1-45d5-9809-4606d7e2b06f Old RevisionGUID= New RevisionGUID=c3e3c49e-a6e3-4853-ab9b-d3a8b575ea1e
Change Managed Component Library Link : Designator=MB7 Old VaultGUID= New VaultGUID=D814680C-BF6A-48BF-A460-F1E8172B4765 Old ItemGUID= New ItemGUID=d186f16f-98a1-45d5-9809-4606d7e2b06f Old RevisionGUID= New RevisionGUID=c3e3c49e-a6e3-4853-ab9b-d3a8b575ea1e
Change Managed Component Library Link : Designator=MB8 Old VaultGUID= New VaultGUID=D814680C-BF6A-48BF-A460-F1E8172B4765 Old ItemGUID= New ItemGUID=d186f16f-98a1-45d5-9809-4606d7e2b06f Old RevisionGUID= New RevisionGUID=c3e3c49e-a6e3-4853-ab9b-d3a8b575ea1e
Change Managed Component Library Link : Designator=MB9 Old VaultGUID= New VaultGUID=D814680C-BF6A-48BF-A460-F1E8172B4765 Old ItemGUID= New ItemGUID=d186f16f-98a1-45d5-9809-4606d7e2b06f Old RevisionGUID= New RevisionGUID=c3e3c49e-a6e3-4853-ab9b-d3a8b575ea1e
Added Component: Designator=J1(DF40HC(3.0)-100DS-0.4V(51-Footprint-1)
Add component (AddParameter): Name = "Connector Type"; Value = "Receptacle"; VariantName = "[No Variations]"
Add component (AddParameter): Name = "Contact Plating"; Value = "Gold"; VariantName = "[No Variations]"
Add component (AddParameter): Name = "Mount"; Value = "Surface Mount"; VariantName = "[No Variations]"
Add component (AddParameter): Name = "Number of Positions"; Value = "100"; VariantName = "[No Variations]"
Add component (AddParameter): Name = "Number of Rows"; Value = "2"; VariantName = "[No Variations]"
Add component (AddParameter): Name = "Package Quantity"; Value = "3000"; VariantName = "[No Variations]"
Add component (AddParameter): Name = "Packaging"; Value = "Tape and Reel"; VariantName = "[No Variations]"
Add component (AddParameter): Name = "Pitch"; Value = "0.016inch"; VariantName = "[No Variations]"
Added Component: Designator=J2(DF40HC(3.0)-100DS-0.4V(51-Footprint-1)
Add component (AddParameter): Name = "Connector Type"; Value = "Receptacle"; VariantName = "[No Variations]"
Add component (AddParameter): Name = "Contact Plating"; Value = "Gold"; VariantName = "[No Variations]"
Add component (AddParameter): Name = "Mount"; Value = "Surface Mount"; VariantName = "[No Variations]"
Add component (AddParameter): Name = "Number of Positions"; Value = "100"; VariantName = "[No Variations]"
Add component (AddParameter): Name = "Number of Rows"; Value = "2"; VariantName = "[No Variations]"
Add component (AddParameter): Name = "Package Quantity"; Value = "3000"; VariantName = "[No Variations]"
Add component (AddParameter): Name = "Packaging"; Value = "Tape and Reel"; VariantName = "[No Variations]"
Add component (AddParameter): Name = "Pitch"; Value = "0.016inch"; VariantName = "[No Variations]"
Added Component: Designator=LED2(LED GREEN 0603 2.2V-Footprint-1)
Add component (AddParameter): Name = "Case Code (Imperial)"; Value = "0603"; VariantName = "[No Variations]"
Add component (AddParameter): Name = "Case Code (Metric)"; Value = "1608"; VariantName = "[No Variations]"
Add component (AddParameter): Name = "Case/Package"; Value = "0603"; VariantName = "[No Variations]"
Add component (AddParameter): Name = "Color"; Value = "Red"; VariantName = "[No Variations]"
Add component (AddParameter): Name = "Dominant Wavelength"; Value = "626nm"; VariantName = "[No Variations]"
Add component (AddParameter): Name = "Forward Current"; Value = "20mA"; VariantName = "[No Variations]"
Add component (AddParameter): Name = "Forward Voltage"; Value = "1.9V"; VariantName = "[No Variations]"
Add component (AddParameter): Name = "Height"; Value = "0.6mm"; VariantName = "[No Variations]"
Add component (AddParameter): Name = "Length"; Value = "1.6mm"; VariantName = "[No Variations]"
Add component (AddParameter): Name = "Lens Color"; Value = "White"; VariantName = "[No Variations]"
Add component (AddParameter): Name = "Lens Style"; Value = "Rectangular"; VariantName = "[No Variations]"
Add component (AddParameter): Name = "Lens Transparency"; Value = "Diffused"; VariantName = "[No Variations]"
Add component (AddParameter): Name = "Luminous Intensity"; Value = "90mcd"; VariantName = "[No Variations]"
Add component (AddParameter): Name = "Mount"; Value = "Surface Mount"; VariantName = "[No Variations]"
Add component (AddParameter): Name = "Packaging"; Value = "Cut Tape"; VariantName = "[No Variations]"
Add component (AddParameter): Name = "REACH SVHC"; Value = "No SVHC"; VariantName = "[No Variations]"
Add component (AddParameter): Name = "Test Current"; Value = "20mA"; VariantName = "[No Variations]"
Add component (AddParameter): Name = "Viewing Angle"; Value = "170°"; VariantName = "[No Variations]"
Add component (AddParameter): Name = "Wavelength"; Value = "626nm"; VariantName = "[No Variations]"
Add component (AddParameter): Name = "Width"; Value = "0.8mm"; VariantName = "[No Variations]"
Added Component: Designator=R36(RESC0402N)
Add component (AddParameter): Name = "Approvals"; Value = ""; VariantName = "[No Variations]"
Add component (AddParameter): Name = "Brand"; Value = ""; VariantName = "[No Variations]"
Add component (AddParameter): Name = "Brand/Series"; Value = ""; VariantName = "[No Variations]"
Add component (AddParameter): Name = "Capacitance"; Value = ""; VariantName = "[No Variations]"
Add component (AddParameter): Name = "Capacitance Tolerance"; Value = ""; VariantName = "[No Variations]"
Add component (AddParameter): Name = "capacitance_tolerance"; Value = ""; VariantName = "[No Variations]"
Add component (AddParameter): Name = "Case Code"; Value = ""; VariantName = "[No Variations]"
Add component (AddParameter): Name = "Case Code (Imperial)"; Value = "0402"; VariantName = "[No Variations]"
Add component (AddParameter): Name = "Case Code (Metric)"; Value = "1005"; VariantName = "[No Variations]"
Add component (AddParameter): Name = "Case Size"; Value = ""; VariantName = "[No Variations]"
Add component (AddParameter): Name = "Case Size/Dimension"; Value = ""; VariantName = "[No Variations]"
Add component (AddParameter): Name = "Case/Package"; Value = "0402"; VariantName = "[No Variations]"
Add component (AddParameter): Name = "case_package"; Value = ""; VariantName = "[No Variations]"
Add component (AddParameter): Name = "Catalog Drawings"; Value = ""; VariantName = "[No Variations]"
Add component (AddParameter): Name = "Ceramic Capacitor Case"; Value = ""; VariantName = "[No Variations]"
Add component (AddParameter): Name = "Component Name"; Value = ""; VariantName = "[No Variations]"
Add component (AddParameter): Name = "ComponentLink0Description"; Value = ""; VariantName = "[No Variations]"
Add component (AddParameter): Name = "ComponentLink1Description"; Value = ""; VariantName = "[No Variations]"
Add component (AddParameter): Name = "ComponentLink1URL"; Value = ""; VariantName = "[No Variations]"
Add component (AddParameter): Name = "ComponentLink2Description"; Value = ""; VariantName = "[No Variations]"
Add component (AddParameter): Name = "ComponentLink2URL"; Value = ""; VariantName = "[No Variations]"
Add component (AddParameter): Name = "ComponentLink3Description"; Value = ""; VariantName = "[No Variations]"
Add component (AddParameter): Name = "ComponentLink3URL"; Value = ""; VariantName = "[No Variations]"
Add component (AddParameter): Name = "ComponentLink4Description"; Value = ""; VariantName = "[No Variations]"
Add component (AddParameter): Name = "ComponentLink4URL"; Value = ""; VariantName = "[No Variations]"
Add component (AddParameter): Name = "ComponentLink5Description"; Value = ""; VariantName = "[No Variations]"
Add component (AddParameter): Name = "ComponentLink5URL"; Value = ""; VariantName = "[No Variations]"
Add component (AddParameter): Name = "ComponentLink6Description"; Value = ""; VariantName = "[No Variations]"
Add component (AddParameter): Name = "ComponentLink6URL"; Value = ""; VariantName = "[No Variations]"
Add component (AddParameter): Name = "ComponentLink7Description"; Value = ""; VariantName = "[No Variations]"
Add component (AddParameter): Name = "ComponentLink7URL"; Value = ""; VariantName = "[No Variations]"
Add component (AddParameter): Name = "ComponentLink8Description"; Value = ""; VariantName = "[No Variations]"
Add component (AddParameter): Name = "ComponentLink8URL"; Value = ""; VariantName = "[No Variations]"
Add component (AddParameter): Name = "ComponentLink9Description"; Value = ""; VariantName = "[No Variations]"
Add component (AddParameter): Name = "ComponentLink9URL"; Value = ""; VariantName = "[No Variations]"
Add component (AddParameter): Name = "ComponentLink10Description"; Value = ""; VariantName = "[No Variations]"
Add component (AddParameter): Name = "ComponentLink10URL"; Value = ""; VariantName = "[No Variations]"
Add component (AddParameter): Name = "ComponentLink11Description"; Value = ""; VariantName = "[No Variations]"
Add component (AddParameter): Name = "ComponentLink11URL"; Value = ""; VariantName = "[No Variations]"
Add component (AddParameter): Name = "ComponentLink12Description"; Value = ""; VariantName = "[No Variations]"
Add component (AddParameter): Name = "ComponentLink12URL"; Value = ""; VariantName = "[No Variations]"
Add component (AddParameter): Name = "ComponentLink13Description"; Value = ""; VariantName = "[No Variations]"
Add component (AddParameter): Name = "ComponentLink13URL"; Value = ""; VariantName = "[No Variations]"
Add component (AddParameter): Name = "ComponentLink14Description"; Value = ""; VariantName = "[No Variations]"
Add component (AddParameter): Name = "ComponentLink14URL"; Value = ""; VariantName = "[No Variations]"
Add component (AddParameter): Name = "ComponentLink15Description"; Value = ""; VariantName = "[No Variations]"
Add component (AddParameter): Name = "ComponentLink15URL"; Value = ""; VariantName = "[No Variations]"
Add component (AddParameter): Name = "ComponentLink16Description"; Value = ""; VariantName = "[No Variations]"
Add component (AddParameter): Name = "ComponentLink16URL"; Value = ""; VariantName = "[No Variations]"
Add component (AddParameter): Name = "ComponentLink17Description"; Value = ""; VariantName = "[No Variations]"
Add component (AddParameter): Name = "ComponentLink17URL"; Value = ""; VariantName = "[No Variations]"
Add component (AddParameter): Name = "ComponentLink18Description"; Value = ""; VariantName = "[No Variations]"
Add component (AddParameter): Name = "ComponentLink18URL"; Value = ""; VariantName = "[No Variations]"
Add component (AddParameter): Name = "ComponentLink19Description"; Value = ""; VariantName = "[No Variations]"
Add component (AddParameter): Name = "ComponentLink19URL"; Value = ""; VariantName = "[No Variations]"
Add component (AddParameter): Name = "ComponentLink20Description"; Value = ""; VariantName = "[No Variations]"
Add component (AddParameter): Name = "ComponentLink20URL"; Value = ""; VariantName = "[No Variations]"
Add component (AddParameter): Name = "ComponentLink21Description"; Value = ""; VariantName = "[No Variations]"
Add component (AddParameter): Name = "ComponentLink21URL"; Value = ""; VariantName = "[No Variations]"
Add component (AddParameter): Name = "ComponentLink22Description"; Value = ""; VariantName = "[No Variations]"
Add component (AddParameter): Name = "ComponentLink22URL"; Value = ""; VariantName = "[No Variations]"
Add component (AddParameter): Name = "ComponentLink23Description"; Value = ""; VariantName = "[No Variations]"
Add component (AddParameter): Name = "ComponentLink23URL"; Value = ""; VariantName = "[No Variations]"
Add component (AddParameter): Name = "ComponentLink24Description"; Value = ""; VariantName = "[No Variations]"
Add component (AddParameter): Name = "ComponentLink24URL"; Value = ""; VariantName = "[No Variations]"
Add component (AddParameter): Name = "ComponentLink25Description"; Value = ""; VariantName = "[No Variations]"
Add component (AddParameter): Name = "ComponentLink25URL"; Value = ""; VariantName = "[No Variations]"
Add component (AddParameter): Name = "ComponentLink26Description"; Value = ""; VariantName = "[No Variations]"
Add component (AddParameter): Name = "ComponentLink26URL"; Value = ""; VariantName = "[No Variations]"
Add component (AddParameter): Name = "ComponentLink27Description"; Value = ""; VariantName = "[No Variations]"
Add component (AddParameter): Name = "ComponentLink27URL"; Value = ""; VariantName = "[No Variations]"
Add component (AddParameter): Name = "ComponentLink28Description"; Value = ""; VariantName = "[No Variations]"
Add component (AddParameter): Name = "ComponentLink28URL"; Value = ""; VariantName = "[No Variations]"
Add component (AddParameter): Name = "ComponentLink29Description"; Value = ""; VariantName = "[No Variations]"
Add component (AddParameter): Name = "ComponentLink29URL"; Value = ""; VariantName = "[No Variations]"
Add component (AddParameter): Name = "ComponentLink30Description"; Value = ""; VariantName = "[No Variations]"
Add component (AddParameter): Name = "ComponentLink30URL"; Value = ""; VariantName = "[No Variations]"
Add component (AddParameter): Name = "ComponentLink31Description"; Value = ""; VariantName = "[No Variations]"
Add component (AddParameter): Name = "ComponentLink31URL"; Value = ""; VariantName = "[No Variations]"
Add component (AddParameter): Name = "ComponentLink32Description"; Value = ""; VariantName = "[No Variations]"
Add component (AddParameter): Name = "ComponentLink32URL"; Value = ""; VariantName = "[No Variations]"
Add component (AddParameter): Name = "ComponentLink33Description"; Value = ""; VariantName = "[No Variations]"
Add component (AddParameter): Name = "ComponentLink33URL"; Value = ""; VariantName = "[No Variations]"
Add component (AddParameter): Name = "Composition"; Value = "Thick Film"; VariantName = "[No Variations]"
Add component (AddParameter): Name = "Contact Plating"; Value = "Tin"; VariantName = "[No Variations]"
Add component (AddParameter): Name = "Core Material"; Value = ""; VariantName = "[No Variations]"
Add component (AddParameter): Name = "Current - Saturation"; Value = ""; VariantName = "[No Variations]"
Add component (AddParameter): Name = "Current Rating"; Value = ""; VariantName = "[No Variations]"
Add component (AddParameter): Name = "DC Current"; Value = ""; VariantName = "[No Variations]"
Add component (AddParameter): Name = "DC Resistance"; Value = ""; VariantName = "[No Variations]"
Add component (AddParameter): Name = "DC Resistance (DCR)"; Value = ""; VariantName = "[No Variations]"
Add component (AddParameter): Name = "Depth"; Value = "0.5mm"; VariantName = "[No Variations]"
Add component (AddParameter): Name = "Dielectric"; Value = ""; VariantName = "[No Variations]"
Add component (AddParameter): Name = "Dielectric Characteristic"; Value = ""; VariantName = "[No Variations]"
Add component (AddParameter): Name = "Dielectric Material"; Value = ""; VariantName = "[No Variations]"
Add component (AddParameter): Name = "dielectric_characteristic"; Value = ""; VariantName = "[No Variations]"
Add component (AddParameter): Name = "dielectric_material"; Value = ""; VariantName = "[No Variations]"
Add component (AddParameter): Name = "Dimensions"; Value = ""; VariantName = "[No Variations]"
Add component (AddParameter): Name = "Dissipation Factor"; Value = ""; VariantName = "[No Variations]"
Add component (AddParameter): Name = "DTX Is Stocked"; Value = "Yes"; VariantName = "[No Variations]"
Add component (AddParameter): Name = "EDA / CAD Models"; Value = ""; VariantName = "[No Variations]"
Add component (AddParameter): Name = "equivalent_series_resistance_esr"; Value = ""; VariantName = "[No Variations]"
Add component (AddParameter): Name = "ESR"; Value = ""; VariantName = "[No Variations]"
Add component (AddParameter): Name = "ESR (Equivalent Series Resistance)"; Value = ""; VariantName = "[No Variations]"
Add component (AddParameter): Name = "Family"; Value = ""; VariantName = "[No Variations]"
Add component (AddParameter): Name = "Featured Product"; Value = ""; VariantName = "[No Variations]"
Add component (AddParameter): Name = "Features"; Value = "Automotive AEC-Q200"; VariantName = "[No Variations]"
Add component (AddParameter): Name = "Frequency - Self Resonant"; Value = ""; VariantName = "[No Variations]"
Add component (AddParameter): Name = "Frequency - Test"; Value = ""; VariantName = "[No Variations]"
Add component (AddParameter): Name = "Height"; Value = "0.35mm"; VariantName = "[No Variations]"
Add component (AddParameter): Name = "Height - Seated (Max)"; Value = ""; VariantName = "[No Variations]"
Add component (AddParameter): Name = "Hold Current"; Value = ""; VariantName = "[No Variations]"
Add component (AddParameter): Name = "inductance"; Value = ""; VariantName = "[No Variations]"
Add component (AddParameter): Name = "Inductance Tolerance"; Value = ""; VariantName = "[No Variations]"
Add component (AddParameter): Name = "Inductance-Nom"; Value = ""; VariantName = "[No Variations]"
Add component (AddParameter): Name = "isolation_voltage"; Value = ""; VariantName = "[No Variations]"
Add component (AddParameter): Name = "LatestRevisionDate"; Value = ""; VariantName = "[No Variations]"
Add component (AddParameter): Name = "LatestRevisionNote"; Value = ""; VariantName = "[No Variations]"
Add component (AddParameter): Name = "Lead Free"; Value = "Lead Free"; VariantName = "[No Variations]"
Add component (AddParameter): Name = "Lead Spacing"; Value = ""; VariantName = "[No Variations]"
Add component (AddParameter): Name = "Lead Spacing (nom)"; Value = ""; VariantName = "[No Variations]"
Add component (AddParameter): Name = "lead_free_status"; Value = ""; VariantName = "[No Variations]"
Add component (AddParameter): Name = "Leakage Current"; Value = ""; VariantName = "[No Variations]"
Add component (AddParameter): Name = "Length"; Value = "1mm"; VariantName = "[No Variations]"
Add component (AddParameter): Name = "lifecycle_status"; Value = ""; VariantName = "[No Variations]"
Add component (AddParameter): Name = "Lifetime @ Temp."; Value = ""; VariantName = "[No Variations]"
Add component (AddParameter): Name = "Manufacturer"; Value = ""; VariantName = "[No Variations]"
Add component (AddParameter): Name = "Manufacturer Name"; Value = ""; VariantName = "[No Variations]"
Add component (AddParameter): Name = "Manufacturer Part Detail Url"; Value = ""; VariantName = "[No Variations]"
Add component (AddParameter): Name = "Manufacturer Part Number"; Value = ""; VariantName = "[No Variations]"
Add component (AddParameter): Name = "Manufacturer Size Code"; Value = ""; VariantName = "[No Variations]"
Add component (AddParameter): Name = "Material"; Value = ""; VariantName = "[No Variations]"
Add component (AddParameter): Name = "Material - Core"; Value = ""; VariantName = "[No Variations]"
Add component (AddParameter): Name = "Material, Element"; Value = ""; VariantName = "[No Variations]"
Add component (AddParameter): Name = "Max Current Rating"; Value = ""; VariantName = "[No Variations]"
Add component (AddParameter): Name = "Max DC Current"; Value = ""; VariantName = "[No Variations]"
Add component (AddParameter): Name = "Max Operating Temperature"; Value = "155°C"; VariantName = "[No Variations]"
Add component (AddParameter): Name = "Max Power Dissipation"; Value = "100mW"; VariantName = "[No Variations]"
Add component (AddParameter): Name = "Max Voltage Rating (DC)"; Value = ""; VariantName = "[No Variations]"
Add component (AddParameter): Name = "Maximum DC Current"; Value = ""; VariantName = "[No Variations]"
Add component (AddParameter): Name = "Maximum DC Resistance"; Value = ""; VariantName = "[No Variations]"
Add component (AddParameter): Name = "MFG"; Value = ""; VariantName = "[No Variations]"
Add component (AddParameter): Name = "MFG PN"; Value = ""; VariantName = "[No Variations]"
Add component (AddParameter): Name = "Military Standard"; Value = "Not"; VariantName = "[No Variations]"
Add component (AddParameter): Name = "Min Operating Temperature"; Value = "-55°C"; VariantName = "[No Variations]"
Add component (AddParameter): Name = "Minimum Order Quantity"; Value = ""; VariantName = "[No Variations]"
Add component (AddParameter): Name = "Mount"; Value = "Surface Mount"; VariantName = "[No Variations]"
Add component (AddParameter): Name = "Mounting Style"; Value = ""; VariantName = "[No Variations]"
Add component (AddParameter): Name = "Mounting Type"; Value = ""; VariantName = "[No Variations]"
Add component (AddParameter): Name = "mounting_style"; Value = ""; VariantName = "[No Variations]"
Add component (AddParameter): Name = "MSL"; Value = ""; VariantName = "[No Variations]"
Add component (AddParameter): Name = "Number of Pins"; Value = "2"; VariantName = "[No Variations]"
Add component (AddParameter): Name = "Number of Terminations"; Value = "2"; VariantName = "[No Variations]"
Add component (AddParameter): Name = "Octopart Url"; Value = ""; VariantName = "[No Variations]"
Add component (AddParameter): Name = "OctopartID"; Value = ""; VariantName = "[No Variations]"
Add component (AddParameter): Name = "Online Catalog"; Value = ""; VariantName = "[No Variations]"
Add component (AddParameter): Name = "Operating Supply Voltage"; Value = ""; VariantName = "[No Variations]"
Add component (AddParameter): Name = "Operating Temp Range"; Value = ""; VariantName = "[No Variations]"
Add component (AddParameter): Name = "Operating Temperature"; Value = ""; VariantName = "[No Variations]"
Add component (AddParameter): Name = "Operating Temperature Max"; Value = ""; VariantName = "[No Variations]"
Add component (AddParameter): Name = "Operating Temperature Min"; Value = ""; VariantName = "[No Variations]"
Add component (AddParameter): Name = "Operating Temperature Range"; Value = ""; VariantName = "[No Variations]"
Add component (AddParameter): Name = "Other Names"; Value = ""; VariantName = "[No Variations]"
Add component (AddParameter): Name = "Package / Case"; Value = ""; VariantName = "[No Variations]"
Add component (AddParameter): Name = "Package Quantity"; Value = "1"; VariantName = "[No Variations]"
Add component (AddParameter): Name = "PackageDescription"; Value = ""; VariantName = "[No Variations]"
Add component (AddParameter): Name = "PackageReference"; Value = ""; VariantName = "[No Variations]"
Add component (AddParameter): Name = "Packaging"; Value = "Tape and Reel"; VariantName = "[No Variations]"
Add component (AddParameter): Name = "Part Status"; Value = ""; VariantName = "[No Variations]"
Add component (AddParameter): Name = "pin_count"; Value = ""; VariantName = "[No Variations]"
Add component (AddParameter): Name = "Polarity"; Value = ""; VariantName = "[No Variations]"
Add component (AddParameter): Name = "Power Dissipation"; Value = ""; VariantName = "[No Variations]"
Add component (AddParameter): Name = "Power Rating"; Value = "100mW"; VariantName = "[No Variations]"
Add component (AddParameter): Name = "Pricing 1"; Value = ""; VariantName = "[No Variations]"
Add component (AddParameter): Name = "Pricing 2"; Value = ""; VariantName = "[No Variations]"
Add component (AddParameter): Name = "Product"; Value = ""; VariantName = "[No Variations]"
Add component (AddParameter): Name = "Product Depth (mm)"; Value = ""; VariantName = "[No Variations]"
Add component (AddParameter): Name = "Product Diameter (mm)"; Value = ""; VariantName = "[No Variations]"
Add component (AddParameter): Name = "Product Height (mm)"; Value = ""; VariantName = "[No Variations]"
Add component (AddParameter): Name = "Product Length (mm)"; Value = ""; VariantName = "[No Variations]"
Add component (AddParameter): Name = "Product Range"; Value = ""; VariantName = "[No Variations]"
Add component (AddParameter): Name = "Product Status"; Value = ""; VariantName = "[No Variations]"
Add component (AddParameter): Name = "Product Training Modules"; Value = ""; VariantName = "[No Variations]"
Add component (AddParameter): Name = "Published"; Value = ""; VariantName = "[No Variations]"
Add component (AddParameter): Name = "Publisher"; Value = ""; VariantName = "[No Variations]"
Add component (AddParameter): Name = "Q @ Freq"; Value = ""; VariantName = "[No Variations]"
Add component (AddParameter): Name = "Q Factor"; Value = ""; VariantName = "[No Variations]"
Add component (AddParameter): Name = "Radiation Hardening"; Value = "No"; VariantName = "[No Variations]"
Add component (AddParameter): Name = "Rated Current-Max"; Value = ""; VariantName = "[No Variations]"
Add component (AddParameter): Name = "Ratings"; Value = ""; VariantName = "[No Variations]"
Add component (AddParameter): Name = "REACH SVHC"; Value = "No SVHC"; VariantName = "[No Variations]"
Add component (AddParameter): Name = "reach_svhc_compliance"; Value = ""; VariantName = "[No Variations]"
Add component (AddParameter): Name = "Reeling"; Value = ""; VariantName = "[No Variations]"
Add component (AddParameter): Name = "Resistance"; Value = "330R"; VariantName = "[No Variations]"
Add component (AddParameter): Name = "Ripple Current"; Value = ""; VariantName = "[No Variations]"
Add component (AddParameter): Name = "RMS Current (Irms)"; Value = ""; VariantName = "[No Variations]"
Add component (AddParameter): Name = "RoHS"; Value = ""; VariantName = "[No Variations]"
Add component (AddParameter): Name = "RoHS - Mouser"; Value = ""; VariantName = "[No Variations]"
Add component (AddParameter): Name = "rohs_status"; Value = ""; VariantName = "[No Variations]"
Add component (AddParameter): Name = "Saturation Current"; Value = ""; VariantName = "[No Variations]"
Add component (AddParameter): Name = "Self Resonant Frequency"; Value = ""; VariantName = "[No Variations]"
Add component (AddParameter): Name = "Seller Landing  Url"; Value = ""; VariantName = "[No Variations]"
Add component (AddParameter): Name = "Series"; Value = ""; VariantName = "[No Variations]"
Add component (AddParameter): Name = "Shielding"; Value = ""; VariantName = "[No Variations]"
Add component (AddParameter): Name = "Size / Dimension"; Value = ""; VariantName = "[No Variations]"
Add component (AddParameter): Name = "size_length"; Value = ""; VariantName = "[No Variations]"
Add component (AddParameter): Name = "size_thickness"; Value = ""; VariantName = "[No Variations]"
Add component (AddParameter): Name = "size_width"; Value = ""; VariantName = "[No Variations]"
Add component (AddParameter): Name = "Standard Package"; Value = ""; VariantName = "[No Variations]"
Add component (AddParameter): Name = "Stock 1"; Value = ""; VariantName = "[No Variations]"
Add component (AddParameter): Name = "Stock 2"; Value = ""; VariantName = "[No Variations]"
Add component (AddParameter): Name = "Supplier PN"; Value = ""; VariantName = "[No Variations]"
Add component (AddParameter): Name = "SVHC"; Value = ""; VariantName = "[No Variations]"
Add component (AddParameter): Name = "Temperature Coefficient"; Value = "100ppm/°C"; VariantName = "[No Variations]"
Add component (AddParameter): Name = "Terminal Material"; Value = ""; VariantName = "[No Variations]"
Add component (AddParameter): Name = "Termination"; Value = "SMD/SMT"; VariantName = "[No Variations]"
Add component (AddParameter): Name = "Termination Style"; Value = ""; VariantName = "[No Variations]"
Add component (AddParameter): Name = "Test Frequency"; Value = ""; VariantName = "[No Variations]"
Add component (AddParameter): Name = "Thickness"; Value = ""; VariantName = "[No Variations]"
Add component (AddParameter): Name = "Time to Trip"; Value = ""; VariantName = "[No Variations]"
Add component (AddParameter): Name = "Tolerance"; Value = "1%"; VariantName = "[No Variations]"
Add component (AddParameter): Name = "Tolerance (%)"; Value = ""; VariantName = "[No Variations]"
Add component (AddParameter): Name = "Tolerance (+ or -)"; Value = ""; VariantName = "[No Variations]"
Add component (AddParameter): Name = "Trip Current"; Value = ""; VariantName = "[No Variations]"
Add component (AddParameter): Name = "Type"; Value = ""; VariantName = "[No Variations]"
Add component (AddParameter): Name = "Value"; Value = ""; VariantName = "[No Variations]"
Add component (AddParameter): Name = "Voltage"; Value = ""; VariantName = "[No Variations]"
Add component (AddParameter): Name = "Voltage - Rated"; Value = ""; VariantName = "[No Variations]"
Add component (AddParameter): Name = "Voltage Rating"; Value = "50V"; VariantName = "[No Variations]"
Add component (AddParameter): Name = "Voltage Rating (DC)"; Value = "50V"; VariantName = "[No Variations]"
Add component (AddParameter): Name = "Voltage, Rating"; Value = ""; VariantName = "[No Variations]"
Add component (AddParameter): Name = "voltage_rating_dc"; Value = ""; VariantName = "[No Variations]"
Add component (AddParameter): Name = "Weight"; Value = "2.8E-05oz"; VariantName = "[No Variations]"
Add component (AddParameter): Name = "Width"; Value = "0.5mm"; VariantName = "[No Variations]"
Add component (AddParameter): Name = "Working Voltage"; Value = ""; VariantName = "[No Variations]"
Added Pin To Net: NetName=GND Pin=J1-1
Added Pin To Net: NetName=GND Pin=J1-2
Added Pin To Net: NetName=GND Pin=J1-7
Added Pin To Net: NetName=GND Pin=J1-8
Added Pin To Net: NetName=GND Pin=J1-13
Added Pin To Net: NetName=GND Pin=J1-14
Added Pin To Net: NetName=GND Pin=J1-22
Added Pin To Net: NetName=GND Pin=J1-23
Added Pin To Net: NetName=GND Pin=J1-32
Added Pin To Net: NetName=GND Pin=J1-33
Added Pin To Net: NetName=GND Pin=J1-42
Added Pin To Net: NetName=GND Pin=J1-43
Added Pin To Net: NetName=GND Pin=J1-52
Added Pin To Net: NetName=GND Pin=J1-53
Added Pin To Net: NetName=GND Pin=J1-59
Added Pin To Net: NetName=GND Pin=J1-60
Added Pin To Net: NetName=GND Pin=J1-65
Added Pin To Net: NetName=GND Pin=J1-66
Added Pin To Net: NetName=GND Pin=J1-71
Added Pin To Net: NetName=GND Pin=J1-74
Added Pin To Net: NetName=GND Pin=J1-98
Added Pin To Net: NetName=GND Pin=J2-7
Added Pin To Net: NetName=GND Pin=J2-8
Added Pin To Net: NetName=GND Pin=J2-13
Added Pin To Net: NetName=GND Pin=J2-14
Added Pin To Net: NetName=GND Pin=J2-19
Added Pin To Net: NetName=GND Pin=J2-20
Added Pin To Net: NetName=GND Pin=J2-25
Added Pin To Net: NetName=GND Pin=J2-26
Added Pin To Net: NetName=GND Pin=J2-31
Added Pin To Net: NetName=GND Pin=J2-32
Added Pin To Net: NetName=GND Pin=J2-37
Added Pin To Net: NetName=GND Pin=J2-38
Added Pin To Net: NetName=GND Pin=J2-44
Added Pin To Net: NetName=GND Pin=J2-50
Added Pin To Net: NetName=GND Pin=J2-55
Added Pin To Net: NetName=GND Pin=J2-56
Added Pin To Net: NetName=GND Pin=J2-61
Added Pin To Net: NetName=GND Pin=J2-62
Added Pin To Net: NetName=GND Pin=J2-67
Added Pin To Net: NetName=GND Pin=J2-68
Added Pin To Net: NetName=GND Pin=J2-73
Added Pin To Net: NetName=GND Pin=J2-74
Added Pin To Net: NetName=GND Pin=J2-79
Added Pin To Net: NetName=GND Pin=J2-80
Added Pin To Net: NetName=GND Pin=J2-85
Added Pin To Net: NetName=GND Pin=J2-86
Added Pin To Net: NetName=GND Pin=J2-91
Added Pin To Net: NetName=GND Pin=J2-92
Added Pin To Net: NetName=GND Pin=J2-97
Added Pin To Net: NetName=GND Pin=J2-98
Added Pin To Net: NetName=NetLED2_A Pin=LED2-A
Added Pin To Net: NetName=GND Pin=LED2-K
Added Pin To Net: NetName=NetLED2_A Pin=R36-1
Added Pin To Net: NetName=3V3 Pin=R36-2
Added Pin To Net: NetName=5V_PI Pin=J1-77
Added Pin To Net: NetName=5V_PI Pin=J1-79
Added Pin To Net: NetName=5V_PI Pin=J1-81
Added Pin To Net: NetName=5V_PI Pin=J1-83
Added Pin To Net: NetName=5V_PI Pin=J1-85
Added Pin To Net: NetName=5V_PI Pin=J1-87
Added Net: Name=5V_PI
Added Pin To Net: NetName=ANALOG_IP0 Pin=J1-96
Added Net: Name=ANALOG_IP0
Added Pin To Net: NetName=ANALOG_IP1 Pin=J1-94
Added Net: Name=ANALOG_IP1
Added Pin To Net: NetName=B\T\_\D\I\S\A\B\L\E\ Pin=J1-91
Added Net: Name=B\T\_\D\I\S\A\B\L\E\
Added Pin To Net: NetName=CAM0_C_N Pin=J2-40
Added Net: Name=CAM0_C_N
Added Pin To Net: NetName=CAM0_C_P Pin=J2-42
Added Net: Name=CAM0_C_P
Added Pin To Net: NetName=CAM0_D0_N Pin=J2-28
Added Net: Name=CAM0_D0_N
Added Pin To Net: NetName=CAM0_D0_P Pin=J2-30
Added Net: Name=CAM0_D0_P
Added Pin To Net: NetName=CAM0_D1_N Pin=J2-34
Added Net: Name=CAM0_D1_N
Added Pin To Net: NetName=CAM0_D1_P Pin=J2-36
Added Net: Name=CAM0_D1_P
Added Pin To Net: NetName=CAM1_C_N Pin=J2-27
Added Net: Name=CAM1_C_N
Added Pin To Net: NetName=CAM1_C_P Pin=J2-29
Added Net: Name=CAM1_C_P
Added Pin To Net: NetName=CAM1_D0_N Pin=J2-15
Added Net: Name=CAM1_D0_N
Added Pin To Net: NetName=CAM1_D0_P Pin=J2-17
Added Net: Name=CAM1_D0_P
Added Pin To Net: NetName=CAM1_D1_N Pin=J2-21
Added Net: Name=CAM1_D1_N
Added Pin To Net: NetName=CAM1_D1_P Pin=J2-23
Added Net: Name=CAM1_D1_P
Added Pin To Net: NetName=CAM1_D2_N Pin=J2-33
Added Net: Name=CAM1_D2_N
Added Pin To Net: NetName=CAM1_D2_P Pin=J2-35
Added Net: Name=CAM1_D2_P
Added Pin To Net: NetName=CAM1_D3_N Pin=J2-39
Added Net: Name=CAM1_D3_N
Added Pin To Net: NetName=CAM1_D3_P Pin=J2-41
Added Net: Name=CAM1_D3_P
Added Pin To Net: NetName=CAMERA_GPIO Pin=J1-97
Added Net: Name=CAMERA_GPIO
Added Pin To Net: NetName=CM4_1V8 Pin=J1-88
Added Pin To Net: NetName=CM4_1V8 Pin=J1-90
Added Net: Name=CM4_1V8
Added Pin To Net: NetName=CM4_3V3 Pin=J1-84
Added Pin To Net: NetName=CM4_3V3 Pin=J1-86
Added Net: Name=CM4_3V3
Added Pin To Net: NetName=DSI0.CLK_N Pin=J2-71
Added Net: Name=DSI0.CLK_N
Added Pin To Net: NetName=DSI0.CLK_P Pin=J2-69
Added Net: Name=DSI0.CLK_P
Added Pin To Net: NetName=DSI0.D0_N Pin=J2-59
Added Net: Name=DSI0.D0_N
Added Pin To Net: NetName=DSI0.D0_P Pin=J2-57
Added Net: Name=DSI0.D0_P
Added Pin To Net: NetName=DSI0.D1_N Pin=J2-65
Added Net: Name=DSI0.D1_N
Added Pin To Net: NetName=DSI0.D1_P Pin=J2-63
Added Net: Name=DSI0.D1_P
Added Pin To Net: NetName=DSI1.CLK_N Pin=J2-89
Added Net: Name=DSI1.CLK_N
Added Pin To Net: NetName=DSI1.CLK_P Pin=J2-87
Added Net: Name=DSI1.CLK_P
Added Pin To Net: NetName=DSI1.D0_N Pin=J2-77
Added Net: Name=DSI1.D0_N
Added Pin To Net: NetName=DSI1.D0_P Pin=J2-75
Added Net: Name=DSI1.D0_P
Added Pin To Net: NetName=DSI1.D1_N Pin=J2-83
Added Net: Name=DSI1.D1_N
Added Pin To Net: NetName=DSI1.D1_P Pin=J2-81
Added Net: Name=DSI1.D1_P
Added Pin To Net: NetName=DSI1.D2_N Pin=J2-95
Added Net: Name=DSI1.D2_N
Added Pin To Net: NetName=DSI1.D2_P Pin=J2-93
Added Net: Name=DSI1.D2_P
Added Pin To Net: NetName=DSI1.D3_N Pin=J2-96
Added Net: Name=DSI1.D3_N
Added Pin To Net: NetName=DSI1.D3_P Pin=J2-94
Added Net: Name=DSI1.D3_P
Added Pin To Net: NetName=E\E\P\R\O\M\_\W\P\ Pin=J1-20
Added Net: Name=E\E\P\R\O\M\_\W\P\
Added Pin To Net: NetName=E\T\H\_\L\E\D\1\ Pin=J1-19
Added Net: Name=E\T\H\_\L\E\D\1\
Added Pin To Net: NetName=E\T\H\_\L\E\D\2\ Pin=J1-17
Added Net: Name=E\T\H\_\L\E\D\2\
Added Pin To Net: NetName=E\T\H\_\L\E\D\3\ Pin=J1-15
Added Net: Name=E\T\H\_\L\E\D\3\
Added Pin To Net: NetName=E\X\T\R\S\T\ Pin=J1-100
Added Net: Name=E\X\T\R\S\T\
Added Pin To Net: NetName=ETH_GB.D0_N Pin=J1-12
Added Net: Name=ETH_GB.D0_N
Added Pin To Net: NetName=ETH_GB.D0_P Pin=J1-10
Added Net: Name=ETH_GB.D0_P
Added Pin To Net: NetName=ETH_GB.D1_N Pin=J1-6
Added Net: Name=ETH_GB.D1_N
Added Pin To Net: NetName=ETH_GB.D1_P Pin=J1-4
Added Net: Name=ETH_GB.D1_P
Added Pin To Net: NetName=ETH_GB.D2_N Pin=J1-11
Added Net: Name=ETH_GB.D2_N
Added Pin To Net: NetName=ETH_GB.D2_P Pin=J1-9
Added Net: Name=ETH_GB.D2_P
Added Pin To Net: NetName=ETH_GB.D3_N Pin=J1-5
Added Net: Name=ETH_GB.D3_N
Added Pin To Net: NetName=ETH_GB.D3_P Pin=J1-3
Added Net: Name=ETH_GB.D3_P
Added Pin To Net: NetName=ETH_GB.SYNC_IN Pin=J1-16
Added Net: Name=ETH_GB.SYNC_IN
Added Pin To Net: NetName=ETH_GB.SYNC_OUT Pin=J1-18
Added Net: Name=ETH_GB.SYNC_OUT
Added Pin To Net: NetName=GLOBAL_EN Pin=J1-99
Added Net: Name=GLOBAL_EN
Added Pin To Net: NetName=GPIO2 Pin=J1-58
Added Net: Name=GPIO2
Added Pin To Net: NetName=GPIO3 Pin=J1-56
Added Net: Name=GPIO3
Added Pin To Net: NetName=GPIO4 Pin=J1-54
Added Net: Name=GPIO4
Added Pin To Net: NetName=GPIO5 Pin=J1-34
Added Net: Name=GPIO5
Added Pin To Net: NetName=GPIO6 Pin=J1-30
Added Net: Name=GPIO6
Added Pin To Net: NetName=GPIO7 Pin=J1-37
Added Net: Name=GPIO7
Added Pin To Net: NetName=GPIO8 Pin=J1-39
Added Net: Name=GPIO8
Added Pin To Net: NetName=GPIO9 Pin=J1-40
Added Net: Name=GPIO9
Added Pin To Net: NetName=GPIO10 Pin=J1-44
Added Net: Name=GPIO10
Added Pin To Net: NetName=GPIO11 Pin=J1-38
Added Net: Name=GPIO11
Added Pin To Net: NetName=GPIO12 Pin=J1-31
Added Net: Name=GPIO12
Added Pin To Net: NetName=GPIO13 Pin=J1-28
Added Net: Name=GPIO13
Added Pin To Net: NetName=GPIO14 Pin=J1-55
Added Net: Name=GPIO14
Added Pin To Net: NetName=GPIO15 Pin=J1-51
Added Net: Name=GPIO15
Added Pin To Net: NetName=GPIO16 Pin=J1-29
Added Net: Name=GPIO16
Added Pin To Net: NetName=GPIO17 Pin=J1-50
Added Net: Name=GPIO17
Added Pin To Net: NetName=GPIO18 Pin=J1-49
Added Net: Name=GPIO18
Added Pin To Net: NetName=GPIO19 Pin=J1-26
Added Net: Name=GPIO19
Added Pin To Net: NetName=GPIO20 Pin=J1-27
Added Net: Name=GPIO20
Added Pin To Net: NetName=GPIO21 Pin=J1-25
Added Net: Name=GPIO21
Added Pin To Net: NetName=GPIO22 Pin=J1-46
Added Net: Name=GPIO22
Added Pin To Net: NetName=GPIO23 Pin=J1-47
Added Net: Name=GPIO23
Added Pin To Net: NetName=GPIO24 Pin=J1-45
Added Net: Name=GPIO24
Added Pin To Net: NetName=GPIO25 Pin=J1-41
Added Net: Name=GPIO25
Added Pin To Net: NetName=GPIO26 Pin=J1-24
Added Net: Name=GPIO26
Added Pin To Net: NetName=GPIO27 Pin=J1-48
Added Net: Name=GPIO27
Added Pin To Net: NetName=GPIO_VREF Pin=J1-78
Added Net: Name=GPIO_VREF
Added Pin To Net: NetName=HDMI0.CEC Pin=J2-51
Added Net: Name=HDMI0.CEC
Added Pin To Net: NetName=HDMI0.CLK_N Pin=J2-90
Added Net: Name=HDMI0.CLK_N
Added Pin To Net: NetName=HDMI0.CLK_P Pin=J2-88
Added Net: Name=HDMI0.CLK_P
Added Pin To Net: NetName=HDMI0.D0_N Pin=J2-84
Added Net: Name=HDMI0.D0_N
Added Pin To Net: NetName=HDMI0.D0_P Pin=J2-82
Added Net: Name=HDMI0.D0_P
Added Pin To Net: NetName=HDMI0.D1_N Pin=J2-78
Added Net: Name=HDMI0.D1_N
Added Pin To Net: NetName=HDMI0.D1_P Pin=J2-76
Added Net: Name=HDMI0.D1_P
Added Pin To Net: NetName=HDMI0.D2_N Pin=J2-72
Added Net: Name=HDMI0.D2_N
Added Pin To Net: NetName=HDMI0.D2_P Pin=J2-70
Added Net: Name=HDMI0.D2_P
Added Pin To Net: NetName=HDMI0.HPD Pin=J2-53
Added Net: Name=HDMI0.HPD
Added Pin To Net: NetName=HDMI0.SCL Pin=J2-100
Added Net: Name=HDMI0.SCL
Added Pin To Net: NetName=HDMI0.SDA Pin=J2-99
Added Net: Name=HDMI0.SDA
Added Pin To Net: NetName=HDMI1.CEC Pin=J2-49
Added Net: Name=HDMI1.CEC
Added Pin To Net: NetName=HDMI1.CLK_N Pin=J2-66
Added Net: Name=HDMI1.CLK_N
Added Pin To Net: NetName=HDMI1.CLK_P Pin=J2-64
Added Net: Name=HDMI1.CLK_P
Added Pin To Net: NetName=HDMI1.D0_N Pin=J2-60
Added Net: Name=HDMI1.D0_N
Added Pin To Net: NetName=HDMI1.D0_P Pin=J2-58
Added Net: Name=HDMI1.D0_P
Added Pin To Net: NetName=HDMI1.D1_N Pin=J2-54
Added Net: Name=HDMI1.D1_N
Added Pin To Net: NetName=HDMI1.D1_P Pin=J2-52
Added Net: Name=HDMI1.D1_P
Added Pin To Net: NetName=HDMI1.D2_N Pin=J2-48
Added Net: Name=HDMI1.D2_N
Added Pin To Net: NetName=HDMI1.D2_P Pin=J2-46
Added Net: Name=HDMI1.D2_P
Added Pin To Net: NetName=HDMI1.HPD Pin=J2-43
Added Net: Name=HDMI1.HPD
Added Pin To Net: NetName=HDMI1.SCL Pin=J2-47
Added Net: Name=HDMI1.SCL
Added Pin To Net: NetName=HDMI1.SDA Pin=J2-45
Added Net: Name=HDMI1.SDA
Added Pin To Net: NetName=I2C0.SCL Pin=J1-35
Added Net: Name=I2C0.SCL
Added Pin To Net: NetName=I2C0.SDA Pin=J1-36
Added Net: Name=I2C0.SDA
Added Pin To Net: NetName=P\C\I\E\_\C\L\K\_\N\ Pin=J2-12
Added Net: Name=P\C\I\E\_\C\L\K\_\N\
Added Pin To Net: NetName=P\C\I\E\_\C\L\K\_\P\ Pin=J2-10
Added Net: Name=P\C\I\E\_\C\L\K\_\P\
Added Pin To Net: NetName=P\C\I\E\_\C\L\K\_\R\E\Q\ Pin=J2-2
Added Net: Name=P\C\I\E\_\C\L\K\_\R\E\Q\
Added Pin To Net: NetName=P\C\I\E\_\R\S\T\ Pin=J2-9
Added Net: Name=P\C\I\E\_\R\S\T\
Added Pin To Net: NetName=P\C\I\E\_\R\X\_\N\ Pin=J2-16
Added Net: Name=P\C\I\E\_\R\X\_\N\
Added Pin To Net: NetName=P\C\I\E\_\R\X\_\P\ Pin=J2-18
Added Net: Name=P\C\I\E\_\R\X\_\P\
Added Pin To Net: NetName=P\C\I\E\_\T\X\_\N\ Pin=J2-24
Added Net: Name=P\C\I\E\_\T\X\_\N\
Added Pin To Net: NetName=P\C\I\E\_\T\X\_\P\ Pin=J2-22
Added Net: Name=P\C\I\E\_\T\X\_\P\
Added Pin To Net: NetName=P\I\_\L\E\D\_\A\C\T\I\V\I\T\Y\ Pin=J1-21
Added Net: Name=P\I\_\L\E\D\_\A\C\T\I\V\I\T\Y\
Added Pin To Net: NetName=P\I\_\L\E\D\_\P\W\R\ Pin=J1-95
Added Net: Name=P\I\_\L\E\D\_\P\W\R\
Added Pin To Net: NetName=R\P\I\_\B\O\O\T\ Pin=J1-93
Added Net: Name=R\P\I\_\B\O\O\T\
Added Pin To Net: NetName=RESERVED1 Pin=J1-76
Added Net: Name=RESERVED1
Added Pin To Net: NetName=RESERVED2 Pin=J2-4
Added Net: Name=RESERVED2
Added Pin To Net: NetName=RESERVED3 Pin=J2-6
Added Net: Name=RESERVED3
Added Pin To Net: NetName=RUN_PG Pin=J1-92
Added Net: Name=RUN_PG
Added Pin To Net: NetName=SCL0 Pin=J1-80
Added Net: Name=SCL0
Added Pin To Net: NetName=SD_CLK Pin=J1-57
Added Net: Name=SD_CLK
Added Pin To Net: NetName=SD_CMD Pin=J1-62
Added Net: Name=SD_CMD
Added Pin To Net: NetName=SD_DAT0 Pin=J1-63
Added Net: Name=SD_DAT0
Added Pin To Net: NetName=SD_DAT1 Pin=J1-67
Added Net: Name=SD_DAT1
Added Pin To Net: NetName=SD_DAT2 Pin=J1-69
Added Net: Name=SD_DAT2
Added Pin To Net: NetName=SD_DAT3 Pin=J1-61
Added Net: Name=SD_DAT3
Added Pin To Net: NetName=SD_DAT4 Pin=J1-68
Added Net: Name=SD_DAT4
Added Pin To Net: NetName=SD_DAT5 Pin=J1-64
Added Net: Name=SD_DAT5
Added Pin To Net: NetName=SD_DAT6 Pin=J1-72
Added Net: Name=SD_DAT6
Added Pin To Net: NetName=SD_DAT7 Pin=J1-70
Added Net: Name=SD_DAT7
Added Pin To Net: NetName=SD_PWR_ON Pin=J1-75
Added Net: Name=SD_PWR_ON
Added Pin To Net: NetName=SD_VDD_OVERRIDE Pin=J1-73
Added Net: Name=SD_VDD_OVERRIDE
Added Pin To Net: NetName=SDA0 Pin=J1-82
Added Net: Name=SDA0
Added Pin To Net: NetName=USB_N Pin=J2-3
Added Net: Name=USB_N
Added Pin To Net: NetName=USB_OTG.D_P Pin=J2-5
Added Net: Name=USB_OTG.D_P
Added Pin To Net: NetName=USB_OTG.ID Pin=J2-1
Added Net: Name=USB_OTG.ID
Added Pin To Net: NetName=VDAC_COMP Pin=J2-11
Added Net: Name=VDAC_COMP
Added Pin To Net: NetName=W\L\_\D\I\S\A\B\L\E\ Pin=J1-89
Added Net: Name=W\L\_\D\I\S\A\B\L\E\
Change Class Name : Old Net Name=2-000-483-01_TopLevel New Net Name=2-XXX-XXX-01_TopLevel
Added Class: Name=CM4
Added Class: Name=ANALOG_IP[0..1]
Added Class: Name=GPIO[2..27]
Added Member To Class: ClassName=Power Member=Component LED2 HSMC-C191
Added Member To Class: ClassName=2-XXX-XXX-01_TopLevel Member=Component MB1 DTX_STD_Mousebite
Added Member To Class: ClassName=2-XXX-XXX-01_TopLevel Member=Component MB2 DTX_STD_Mousebite
Added Member To Class: ClassName=2-XXX-XXX-01_TopLevel Member=Component MB3 DTX_STD_Mousebite
Added Member To Class: ClassName=2-XXX-XXX-01_TopLevel Member=Component MB4 DTX_STD_Mousebite
Added Member To Class: ClassName=2-XXX-XXX-01_TopLevel Member=Component MB5 DTX_STD_Mousebite
Added Member To Class: ClassName=2-XXX-XXX-01_TopLevel Member=Component MB6 DTX_STD_Mousebite
Added Member To Class: ClassName=2-XXX-XXX-01_TopLevel Member=Component MB7 DTX_STD_Mousebite
Added Member To Class: ClassName=2-XXX-XXX-01_TopLevel Member=Component MB8 DTX_STD_Mousebite
Added Member To Class: ClassName=2-XXX-XXX-01_TopLevel Member=Component MB9 DTX_STD_Mousebite
Added Member To Class: ClassName=Power Member=Component R36 330R
Added Room: Name=2-XXX-XXX-01_TopLevel
Added Room: Name=CM4
Added Room: Name=Power
